This is pdfTeX, Version 3.141592653-2.6-1.40.22 (MiKTeX 21.2) (preloaded format=pdflatex 2021.3.4)  2 MAY 2021 23:20
entering extended mode
**./Project.tex
(Project.tex
LaTeX2e <2020-02-02> patch level 5
L3 programming layer <2020-09-03>
(C:\Users\Stephen Giang\AppData\Local\Programs\MiKTeX 2.9\tex/latex/base\articl
e.cls
Document Class: article 2019/12/20 v1.4l Standard LaTeX document class

(C:\Users\Stephen Giang\AppData\Local\Programs\MiKTeX 2.9\tex/latex/base\size12
.clo
File: size12.clo 2019/12/20 v1.4l Standard LaTeX file (size option)
)
\c@part=\count168
\c@section=\count169
\c@subsection=\count170
\c@subsubsection=\count171
\c@paragraph=\count172
\c@subparagraph=\count173
\c@figure=\count174
\c@table=\count175
\abovecaptionskip=\skip47
\belowcaptionskip=\skip48
\bibindent=\dimen134
)
(C:\Users\Stephen Giang\AppData\Local\Programs\MiKTeX 2.9\tex/latex/geometry\ge
ometry.sty
Package: geometry 2020/01/02 v5.9 Page Geometry

(C:\Users\Stephen Giang\AppData\Local\Programs\MiKTeX 2.9\tex/latex/graphics\ke
yval.sty
Package: keyval 2014/10/28 v1.15 key=value parser (DPC)
\KV@toks@=\toks15
)
(C:\Users\Stephen Giang\AppData\Local\Programs\MiKTeX 2.9\tex/generic/iftex\ifv
tex.sty
Package: ifvtex 2019/10/25 v1.7 ifvtex legacy package. Use iftex instead.

(C:\Users\Stephen Giang\AppData\Local\Programs\MiKTeX 2.9\tex/generic/iftex\ift
ex.sty
Package: iftex 2020/03/06 v1.0d TeX engine tests
))
\Gm@cnth=\count176
\Gm@cntv=\count177
\c@Gm@tempcnt=\count178
\Gm@bindingoffset=\dimen135
\Gm@wd@mp=\dimen136
\Gm@odd@mp=\dimen137
\Gm@even@mp=\dimen138
\Gm@layoutwidth=\dimen139
\Gm@layoutheight=\dimen140
\Gm@layouthoffset=\dimen141
\Gm@layoutvoffset=\dimen142
\Gm@dimlist=\toks16

(C:\Users\Stephen Giang\AppData\Local\Programs\MiKTeX 2.9\tex/latex/geometry\ge
ometry.cfg))
(C:\Users\Stephen Giang\AppData\Local\Programs\MiKTeX 2.9\tex/latex/setspace\se
tspace.sty
Package: setspace 2011/12/19 v6.7a set line spacing
)
(C:\Users\Stephen Giang\AppData\Local\Programs\MiKTeX 2.9\tex/latex/amsmath\ams
math.sty
Package: amsmath 2020/09/23 v2.17i AMS math features
\@mathmargin=\skip49

For additional information on amsmath, use the `?' option.

(C:\Users\Stephen Giang\AppData\Local\Programs\MiKTeX 2.9\tex/latex/amsmath\ams
text.sty
Package: amstext 2000/06/29 v2.01 AMS text

(C:\Users\Stephen Giang\AppData\Local\Programs\MiKTeX 2.9\tex/latex/amsmath\ams
gen.sty
File: amsgen.sty 1999/11/30 v2.0 generic functions
\@emptytoks=\toks17
\ex@=\dimen143
))
(C:\Users\Stephen Giang\AppData\Local\Programs\MiKTeX 2.9\tex/latex/amsmath\ams
bsy.sty
Package: amsbsy 1999/11/29 v1.2d Bold Symbols
\pmbraise@=\dimen144
)
(C:\Users\Stephen Giang\AppData\Local\Programs\MiKTeX 2.9\tex/latex/amsmath\ams
opn.sty
Package: amsopn 2016/03/08 v2.02 operator names
)
\inf@bad=\count179
LaTeX Info: Redefining \frac on input line 234.
\uproot@=\count180
\leftroot@=\count181
LaTeX Info: Redefining \overline on input line 399.
\classnum@=\count182
\DOTSCASE@=\count183
LaTeX Info: Redefining \ldots on input line 496.
LaTeX Info: Redefining \dots on input line 499.
LaTeX Info: Redefining \cdots on input line 620.
\Mathstrutbox@=\box45
\strutbox@=\box46
\big@size=\dimen145
LaTeX Font Info:    Redeclaring font encoding OML on input line 743.
LaTeX Font Info:    Redeclaring font encoding OMS on input line 744.
\macc@depth=\count184
\c@MaxMatrixCols=\count185
\dotsspace@=\muskip16
\c@parentequation=\count186
\dspbrk@lvl=\count187
\tag@help=\toks18
\row@=\count188
\column@=\count189
\maxfields@=\count190
\andhelp@=\toks19
\eqnshift@=\dimen146
\alignsep@=\dimen147
\tagshift@=\dimen148
\tagwidth@=\dimen149
\totwidth@=\dimen150
\lineht@=\dimen151
\@envbody=\toks20
\multlinegap=\skip50
\multlinetaggap=\skip51
\mathdisplay@stack=\toks21
LaTeX Info: Redefining \[ on input line 2923.
LaTeX Info: Redefining \] on input line 2924.
)
(C:\Users\Stephen Giang\AppData\Local\Programs\MiKTeX 2.9\tex/latex/amsfonts\am
ssymb.sty
Package: amssymb 2013/01/14 v3.01 AMS font symbols

(C:\Users\Stephen Giang\AppData\Local\Programs\MiKTeX 2.9\tex/latex/amsfonts\am
sfonts.sty
Package: amsfonts 2013/01/14 v3.01 Basic AMSFonts support
\symAMSa=\mathgroup4
\symAMSb=\mathgroup5
LaTeX Font Info:    Redeclaring math symbol \hbar on input line 98.
LaTeX Font Info:    Overwriting math alphabet `\mathfrak' in version `bold'
(Font)                  U/euf/m/n --> U/euf/b/n on input line 106.
))
(C:\Users\Stephen Giang\AppData\Local\Programs\MiKTeX 2.9\tex/latex/amscls\amst
hm.sty
Package: amsthm 2020/05/29 v2.20.6
\thm@style=\toks22
\thm@bodyfont=\toks23
\thm@headfont=\toks24
\thm@notefont=\toks25
\thm@headpunct=\toks26
\thm@preskip=\skip52
\thm@postskip=\skip53
\thm@headsep=\skip54
\dth@everypar=\toks27
)
(C:\Users\Stephen Giang\AppData\Local\Programs\MiKTeX 2.9\tex/latex/graphics\gr
aphicx.sty
Package: graphicx 2019/11/30 v1.2a Enhanced LaTeX Graphics (DPC,SPQR)

(C:\Users\Stephen Giang\AppData\Local\Programs\MiKTeX 2.9\tex/latex/graphics\gr
aphics.sty
Package: graphics 2019/11/30 v1.4a Standard LaTeX Graphics (DPC,SPQR)

(C:\Users\Stephen Giang\AppData\Local\Programs\MiKTeX 2.9\tex/latex/graphics\tr
ig.sty
Package: trig 2016/01/03 v1.10 sin cos tan (DPC)
)
(C:\Users\Stephen Giang\AppData\Local\Programs\MiKTeX 2.9\tex/latex/graphics-cf
g\graphics.cfg
File: graphics.cfg 2016/06/04 v1.11 sample graphics configuration
)
Package graphics Info: Driver file: pdftex.def on input line 105.

(C:\Users\Stephen Giang\AppData\Local\Programs\MiKTeX 2.9\tex/latex/graphics-de
f\pdftex.def
File: pdftex.def 2020/08/26 v1.2 Graphics/color driver for pdftex
))
\Gin@req@height=\dimen152
\Gin@req@width=\dimen153
)
(C:\Users\Stephen Giang\AppData\Local\Programs\MiKTeX 2.9\tex/latex/subfig\subf
ig.sty
Package: subfig 2005/06/28 ver: 1.3 subfig package

(C:\Users\Stephen Giang\AppData\Local\Programs\MiKTeX 2.9\tex/latex/caption\cap
tion.sty
Package: caption 2020/10/26 v3.5g Customizing captions (AR)

(C:\Users\Stephen Giang\AppData\Local\Programs\MiKTeX 2.9\tex/latex/caption\cap
tion3.sty
Package: caption3 2020/10/21 v2.2e caption3 kernel (AR)
\captionmargin=\dimen154
\captionmargin@=\dimen155
\captionwidth=\dimen156
\caption@tempdima=\dimen157
\caption@indent=\dimen158
\caption@parindent=\dimen159
\caption@hangindent=\dimen160
Package caption Info: Standard document class detected.
)
\c@caption@flags=\count191
\c@continuedfloat=\count192
)
\c@KVtest=\count193
\sf@farskip=\skip55
\sf@captopadj=\dimen161
\sf@capskip=\skip56
\sf@nearskip=\skip57
\c@subfigure=\count194
\c@subfigure@save=\count195
\c@lofdepth=\count196
\c@subtable=\count197
\c@subtable@save=\count198
\c@lotdepth=\count199
\sf@top=\skip58
\sf@bottom=\skip59
)
(C:\Users\Stephen Giang\AppData\Local\Programs\MiKTeX 2.9\tex/latex/enumitem\en
umitem.sty
Package: enumitem 2019/06/20 v3.9 Customized lists
\labelindent=\skip60
\enit@outerparindent=\dimen162
\enit@toks=\toks28
\enit@inbox=\box47
\enit@count@id=\count266
\enitdp@description=\count267
)
(C:\Users\Stephen Giang\AppData\Local\Programs\MiKTeX 2.9\tex/latex/url\url.sty
\Urlmuskip=\muskip17
Package: url 2013/09/16  ver 3.4  Verb mode for urls, etc.
)
(C:\Users\Stephen Giang\AppData\Local\Programs\MiKTeX 2.9\tex/latex/parskip\par
skip.sty
Package: parskip 2020-06-15 v2.0f non-zero parskip adjustments

(C:\Users\Stephen Giang\AppData\Local\Programs\MiKTeX 2.9\tex/latex/kvoptions\k
voptions.sty
Package: kvoptions 2019/11/29 v3.13 Key value format for package options (HO)

(C:\Users\Stephen Giang\AppData\Local\Programs\MiKTeX 2.9\tex/generic/ltxcmds\l
txcmds.sty
Package: ltxcmds 2019/12/15 v1.24 LaTeX kernel commands for general use (HO)
)
(C:\Users\Stephen Giang\AppData\Local\Programs\MiKTeX 2.9\tex/generic/kvsetkeys
\kvsetkeys.sty
Package: kvsetkeys 2019/12/15 v1.18 Key value parser (HO)
))
(C:\Users\Stephen Giang\AppData\Local\Programs\MiKTeX 2.9\tex/latex/etoolbox\et
oolbox.sty
Package: etoolbox 2020/08/24 v2.5j e-TeX tools for LaTeX (JAW)
\etb@tempcnta=\count268
))
(C:\Users\Stephen Giang\AppData\Local\Programs\MiKTeX 2.9\tex/latex/listings\li
stings.sty
\lst@mode=\count269
\lst@gtempboxa=\box48
\lst@token=\toks29
\lst@length=\count270
\lst@currlwidth=\dimen163
\lst@column=\count271
\lst@pos=\count272
\lst@lostspace=\dimen164
\lst@width=\dimen165
\lst@newlines=\count273
\lst@lineno=\count274
\lst@maxwidth=\dimen166

(C:\Users\Stephen Giang\AppData\Local\Programs\MiKTeX 2.9\tex/latex/listings\ls
tmisc.sty
File: lstmisc.sty 2020/03/24 1.8d (Carsten Heinz)
\c@lstnumber=\count275
\lst@skipnumbers=\count276
\lst@framebox=\box49
)
(C:\Users\Stephen Giang\AppData\Local\Programs\MiKTeX 2.9\tex/latex/listings\li
stings.cfg
File: listings.cfg 2020/03/24 1.8d listings configuration
))
Package: listings 2020/03/24 1.8d (Carsten Heinz)

(C:\Users\Stephen Giang\AppData\Local\Programs\MiKTeX 2.9\tex/latex/lm\lmodern.
sty
Package: lmodern 2009/10/30 v1.6 Latin Modern Fonts
LaTeX Font Info:    Overwriting symbol font `operators' in version `normal'
(Font)                  OT1/cmr/m/n --> OT1/lmr/m/n on input line 22.
LaTeX Font Info:    Overwriting symbol font `letters' in version `normal'
(Font)                  OML/cmm/m/it --> OML/lmm/m/it on input line 23.
LaTeX Font Info:    Overwriting symbol font `symbols' in version `normal'
(Font)                  OMS/cmsy/m/n --> OMS/lmsy/m/n on input line 24.
LaTeX Font Info:    Overwriting symbol font `largesymbols' in version `normal'
(Font)                  OMX/cmex/m/n --> OMX/lmex/m/n on input line 25.
LaTeX Font Info:    Overwriting symbol font `operators' in version `bold'
(Font)                  OT1/cmr/bx/n --> OT1/lmr/bx/n on input line 26.
LaTeX Font Info:    Overwriting symbol font `letters' in version `bold'
(Font)                  OML/cmm/b/it --> OML/lmm/b/it on input line 27.
LaTeX Font Info:    Overwriting symbol font `symbols' in version `bold'
(Font)                  OMS/cmsy/b/n --> OMS/lmsy/b/n on input line 28.
LaTeX Font Info:    Overwriting symbol font `largesymbols' in version `bold'
(Font)                  OMX/cmex/m/n --> OMX/lmex/m/n on input line 29.
LaTeX Font Info:    Overwriting math alphabet `\mathbf' in version `normal'
(Font)                  OT1/cmr/bx/n --> OT1/lmr/bx/n on input line 31.
LaTeX Font Info:    Overwriting math alphabet `\mathsf' in version `normal'
(Font)                  OT1/cmss/m/n --> OT1/lmss/m/n on input line 32.
LaTeX Font Info:    Overwriting math alphabet `\mathit' in version `normal'
(Font)                  OT1/cmr/m/it --> OT1/lmr/m/it on input line 33.
LaTeX Font Info:    Overwriting math alphabet `\mathtt' in version `normal'
(Font)                  OT1/cmtt/m/n --> OT1/lmtt/m/n on input line 34.
LaTeX Font Info:    Overwriting math alphabet `\mathbf' in version `bold'
(Font)                  OT1/cmr/bx/n --> OT1/lmr/bx/n on input line 35.
LaTeX Font Info:    Overwriting math alphabet `\mathsf' in version `bold'
(Font)                  OT1/cmss/bx/n --> OT1/lmss/bx/n on input line 36.
LaTeX Font Info:    Overwriting math alphabet `\mathit' in version `bold'
(Font)                  OT1/cmr/bx/it --> OT1/lmr/bx/it on input line 37.
LaTeX Font Info:    Overwriting math alphabet `\mathtt' in version `bold'
(Font)                  OT1/cmtt/m/n --> OT1/lmtt/m/n on input line 38.
)
(C:\Users\Stephen Giang\AppData\Local\Programs\MiKTeX 2.9\tex/generic/iftex\ifx
etex.sty
Package: ifxetex 2019/10/25 v0.7 ifxetex legacy package. Use iftex instead.
)
(C:\Users\Stephen Giang\AppData\Local\Programs\MiKTeX 2.9\tex/generic/iftex\ifl
uatex.sty
Package: ifluatex 2019/10/25 v1.5 ifluatex legacy package. Use iftex instead.
)
(C:\Users\Stephen Giang\AppData\Local\Programs\MiKTeX 2.9\tex/latex/base\fonten
c.sty
Package: fontenc 2020/02/11 v2.0o Standard LaTeX package
LaTeX Font Info:    Trying to load font information for T1+lmr on input line 11
2.

(C:\Users\Stephen Giang\AppData\Local\Programs\MiKTeX 2.9\tex/latex/lm\t1lmr.fd
File: t1lmr.fd 2009/10/30 v1.6 Font defs for Latin Modern
))
(C:\Users\Stephen Giang\AppData\Local\Programs\MiKTeX 2.9\tex/latex/base\inpute
nc.sty
Package: inputenc 2018/08/11 v1.3c Input encoding file
\inpenc@prehook=\toks30
\inpenc@posthook=\toks31
)
(C:\Users\Stephen Giang\AppData\Local\Programs\MiKTeX 2.9\tex/latex/base\textco
mp.sty
Package: textcomp 2020/02/02 v2.0n Standard LaTeX package
)
(C:\Users\Stephen Giang\AppData\Local\Programs\MiKTeX 2.9\tex/latex/upquote\upq
uote.sty
Package: upquote 2012/04/19 v1.3 upright-quote and grave-accent glyphs in verba
tim
)
(C:\Users\Stephen Giang\AppData\Local\Programs\MiKTeX 2.9\tex/latex/microtype\m
icrotype.sty
Package: microtype 2019/11/18 v2.7d Micro-typographical refinements (RS)
\MT@toks=\toks32
\MT@count=\count277
LaTeX Info: Redefining \textls on input line 790.
\MT@outer@kern=\dimen167
LaTeX Info: Redefining \textmicrotypecontext on input line 1354.
\MT@listname@count=\count278

(C:\Users\Stephen Giang\AppData\Local\Programs\MiKTeX 2.9\tex/latex/microtype\m
icrotype-pdftex.def
File: microtype-pdftex.def 2019/11/18 v2.7d Definitions specific to pdftex (RS)

LaTeX Info: Redefining \lsstyle on input line 914.
LaTeX Info: Redefining \lslig on input line 914.
\MT@outer@space=\skip61
)
Package microtype Info: Loading configuration file microtype.cfg.

(C:\Users\Stephen Giang\AppData\Local\Programs\MiKTeX 2.9\tex/latex/microtype\m
icrotype.cfg
File: microtype.cfg 2019/11/18 v2.7d microtype main configuration file (RS)
))
(C:\Users\Stephen Giang\AppData\Local\Programs\MiKTeX 2.9\tex/latex/xcolor\xcol
or.sty
Package: xcolor 2016/05/11 v2.12 LaTeX color extensions (UK)

(C:\Users\Stephen Giang\AppData\Local\Programs\MiKTeX 2.9\tex/latex/graphics-cf
g\color.cfg
File: color.cfg 2016/01/02 v1.6 sample color configuration
)
Package xcolor Info: Driver file: pdftex.def on input line 225.
Package xcolor Info: Model `cmy' substituted by `cmy0' on input line 1348.
Package xcolor Info: Model `hsb' substituted by `rgb' on input line 1352.
Package xcolor Info: Model `RGB' extended on input line 1364.
Package xcolor Info: Model `HTML' substituted by `rgb' on input line 1366.
Package xcolor Info: Model `Hsb' substituted by `hsb' on input line 1367.
Package xcolor Info: Model `tHsb' substituted by `hsb' on input line 1368.
Package xcolor Info: Model `HSB' substituted by `hsb' on input line 1369.
Package xcolor Info: Model `Gray' substituted by `gray' on input line 1370.
Package xcolor Info: Model `wave' substituted by `hsb' on input line 1371.
)
(C:\Users\Stephen Giang\AppData\Local\Programs\MiKTeX 2.9\tex/latex/xurl\xurl.s
ty
Package: xurl 2020/01/24 v 0.09 modify URL breaks
)
(C:\Users\Stephen Giang\AppData\Local\Programs\MiKTeX 2.9\tex/latex/bookmark\bo
okmark.sty
Package: bookmark 2020-11-06 v1.29 PDF bookmarks (HO)

(C:\Users\Stephen Giang\AppData\Local\Programs\MiKTeX 2.9\tex/latex/hyperref\hy
perref.sty
Package: hyperref 2020-05-15 v7.00e Hypertext links for LaTeX

(C:\Users\Stephen Giang\AppData\Local\Programs\MiKTeX 2.9\tex/generic/pdftexcmd
s\pdftexcmds.sty
Package: pdftexcmds 2020-06-27 v0.33 Utility functions of pdfTeX for LuaTeX (HO
)

(C:\Users\Stephen Giang\AppData\Local\Programs\MiKTeX 2.9\tex/generic/infwarerr
\infwarerr.sty
Package: infwarerr 2019/12/03 v1.5 Providing info/warning/error messages (HO)
)
Package pdftexcmds Info: \pdf@primitive is available.
Package pdftexcmds Info: \pdf@ifprimitive is available.
Package pdftexcmds Info: \pdfdraftmode found.
)
(C:\Users\Stephen Giang\AppData\Local\Programs\MiKTeX 2.9\tex/generic/kvdefinek
eys\kvdefinekeys.sty
Package: kvdefinekeys 2019-12-19 v1.6 Define keys (HO)
)
(C:\Users\Stephen Giang\AppData\Local\Programs\MiKTeX 2.9\tex/generic/pdfescape
\pdfescape.sty
Package: pdfescape 2019/12/09 v1.15 Implements pdfTeX's escape features (HO)
)
(C:\Users\Stephen Giang\AppData\Local\Programs\MiKTeX 2.9\tex/latex/hycolor\hyc
olor.sty
Package: hycolor 2020-01-27 v1.10 Color options for hyperref/bookmark (HO)
)
(C:\Users\Stephen Giang\AppData\Local\Programs\MiKTeX 2.9\tex/latex/letltxmacro
\letltxmacro.sty
Package: letltxmacro 2019/12/03 v1.6 Let assignment for LaTeX macros (HO)
)
(C:\Users\Stephen Giang\AppData\Local\Programs\MiKTeX 2.9\tex/latex/auxhook\aux
hook.sty
Package: auxhook 2019-12-17 v1.6 Hooks for auxiliary files (HO)
)
\@linkdim=\dimen168
\Hy@linkcounter=\count279
\Hy@pagecounter=\count280

(C:\Users\Stephen Giang\AppData\Local\Programs\MiKTeX 2.9\tex/latex/hyperref\pd
1enc.def
File: pd1enc.def 2020-05-15 v7.00e Hyperref: PDFDocEncoding definition (HO)
Now handling font encoding PD1 ...
... no UTF-8 mapping file for font encoding PD1
)
(C:\Users\Stephen Giang\AppData\Local\Programs\MiKTeX 2.9\tex/generic/intcalc\i
ntcalc.sty
Package: intcalc 2019/12/15 v1.3 Expandable calculations with integers (HO)
)
(C:\Users\Stephen Giang\AppData\Local\Programs\MiKTeX 2.9\tex/generic/etexcmds\
etexcmds.sty
Package: etexcmds 2019/12/15 v1.7 Avoid name clashes with e-TeX commands (HO)
)
\Hy@SavedSpaceFactor=\count281
Package hyperref Info: Option `unicode' set `true' on input line 4338.

(C:\Users\Stephen Giang\AppData\Local\Programs\MiKTeX 2.9\tex/latex/hyperref\pu
enc.def
File: puenc.def 2020-05-15 v7.00e Hyperref: PDF Unicode definition (HO)
Now handling font encoding PU ...
... no UTF-8 mapping file for font encoding PU
)
Package hyperref Info: Hyper figures OFF on input line 4464.
Package hyperref Info: Link nesting OFF on input line 4469.
Package hyperref Info: Hyper index ON on input line 4472.
Package hyperref Info: Plain pages OFF on input line 4479.
Package hyperref Info: Backreferencing OFF on input line 4484.
Package hyperref Info: Implicit mode ON; LaTeX internals redefined.
Package hyperref Info: Bookmarks ON on input line 4717.
\c@Hy@tempcnt=\count282
LaTeX Info: Redefining \url on input line 5076.
\XeTeXLinkMargin=\dimen169

(C:\Users\Stephen Giang\AppData\Local\Programs\MiKTeX 2.9\tex/generic/bitset\bi
tset.sty
Package: bitset 2019/12/09 v1.3 Handle bit-vector datatype (HO)

(C:\Users\Stephen Giang\AppData\Local\Programs\MiKTeX 2.9\tex/generic/bigintcal
c\bigintcalc.sty
Package: bigintcalc 2019/12/15 v1.5 Expandable calculations on big integers (HO
)
))
\Fld@menulength=\count283
\Field@Width=\dimen170
\Fld@charsize=\dimen171
Package hyperref Info: Hyper figures OFF on input line 6347.
Package hyperref Info: Link nesting OFF on input line 6352.
Package hyperref Info: Hyper index ON on input line 6355.
Package hyperref Info: backreferencing OFF on input line 6362.
Package hyperref Info: Link coloring OFF on input line 6367.
Package hyperref Info: Link coloring with OCG OFF on input line 6372.
Package hyperref Info: PDF/A mode OFF on input line 6377.
LaTeX Info: Redefining \ref on input line 6417.
LaTeX Info: Redefining \pageref on input line 6421.

(C:\Users\Stephen Giang\AppData\Local\Programs\MiKTeX 2.9\tex/generic/atbegshi\
atbegshi.sty
Package: atbegshi 2019/12/05 v1.19 At begin shipout hook (HO)
)
\Hy@abspage=\count284
\c@Item=\count285
\c@Hfootnote=\count286
)
Package hyperref Info: Driver (autodetected): hpdftex.

(C:\Users\Stephen Giang\AppData\Local\Programs\MiKTeX 2.9\tex/latex/hyperref\hp
dftex.def
File: hpdftex.def 2020-05-15 v7.00e Hyperref driver for pdfTeX

(C:\Users\Stephen Giang\AppData\Local\Programs\MiKTeX 2.9\tex/latex/atveryend\a
tveryend.sty
Package: atveryend 2019-12-11 v1.11 Hooks at the very end of document (HO)
)
\Fld@listcount=\count287
\c@bookmark@seq@number=\count288

(C:\Users\Stephen Giang\AppData\Local\Programs\MiKTeX 2.9\tex/latex/rerunfilech
eck\rerunfilecheck.sty
Package: rerunfilecheck 2019/12/05 v1.9 Rerun checks for auxiliary files (HO)

(C:\Users\Stephen Giang\AppData\Local\Programs\MiKTeX 2.9\tex/generic/uniquecou
nter\uniquecounter.sty
Package: uniquecounter 2019/12/15 v1.4 Provide unlimited unique counter (HO)
)
Package uniquecounter Info: New unique counter `rerunfilecheck' on input line 2
86.
)
\Hy@SectionHShift=\skip62
)
(C:\Users\Stephen Giang\AppData\Local\Programs\MiKTeX 2.9\tex/latex/bookmark\bk
m-pdftex-2019-12-03.def
File: bkm-pdftex.def 2019/12/03 v1.28 bookmark driver for pdfTeX (HO)
\BKM@id=\count289
))
(C:\Users\Stephen Giang\AppData\Local\Programs\MiKTeX 2.9\tex/latex/fancyvrb\fa
ncyvrb.sty
Package: fancyvrb 2020/05/03 v3.6 verbatim text (tvz,hv)
\FV@CodeLineNo=\count290
\FV@InFile=\read2
\FV@TabBox=\box50
\c@FancyVerbLine=\count291
\FV@StepNumber=\count292
\FV@OutFile=\write3
)
(C:\Users\Stephen Giang\AppData\Local\Programs\MiKTeX 2.9\tex/latex/framed\fram
ed.sty
Package: framed 2011/10/22 v 0.96: framed or shaded text with page breaks
\OuterFrameSep=\skip63
\fb@frw=\dimen172
\fb@frh=\dimen173
\FrameRule=\dimen174
\FrameSep=\dimen175
)
(C:\Users\Stephen Giang\AppData\Local\Programs\MiKTeX 2.9\tex/latex/grffile\grf
file.sty
Package: grffile 2019/11/11 v2.1 Extended file name support for graphics (legac
y)
Package grffile Info: This package is an empty stub for compatibility on input 
line 40.
)
(C:\Users\Stephen Giang\AppData\Local\Programs\MiKTeX 2.9\tex/latex/l3backend\l
3backend-pdftex.def
File: l3backend-pdftex.def 2020-09-01 L3 backend support: PDF output (pdfTeX)
\l__kernel_color_stack_int=\count293
\l__pdf_internal_box=\box51
) (Project.aux)
\openout1 = `Project.aux'.

LaTeX Font Info:    Checking defaults for OML/cmm/m/it on input line 119.
LaTeX Font Info:    ... okay on input line 119.
LaTeX Font Info:    Checking defaults for OMS/cmsy/m/n on input line 119.
LaTeX Font Info:    ... okay on input line 119.
LaTeX Font Info:    Checking defaults for OT1/cmr/m/n on input line 119.
LaTeX Font Info:    ... okay on input line 119.
LaTeX Font Info:    Checking defaults for T1/cmr/m/n on input line 119.
LaTeX Font Info:    ... okay on input line 119.
LaTeX Font Info:    Checking defaults for TS1/cmr/m/n on input line 119.
LaTeX Font Info:    ... okay on input line 119.
LaTeX Font Info:    Checking defaults for OMX/cmex/m/n on input line 119.
LaTeX Font Info:    ... okay on input line 119.
LaTeX Font Info:    Checking defaults for U/cmr/m/n on input line 119.
LaTeX Font Info:    ... okay on input line 119.
LaTeX Font Info:    Checking defaults for PD1/pdf/m/n on input line 119.
LaTeX Font Info:    ... okay on input line 119.
LaTeX Font Info:    Checking defaults for PU/pdf/m/n on input line 119.
LaTeX Font Info:    ... okay on input line 119.

*geometry* driver: auto-detecting
*geometry* detected driver: pdftex
*geometry* verbose mode - [ preamble ] result:
* driver: pdftex
* paper: <default>
* layout: <same size as paper>
* layoutoffset:(h,v)=(0.0pt,0.0pt)
* modes: 
* h-part:(L,W,R)=(72.26999pt, 469.75502pt, 72.26999pt)
* v-part:(T,H,B)=(72.26999pt, 650.43001pt, 72.26999pt)
* \paperwidth=614.295pt
* \paperheight=794.96999pt
* \textwidth=469.75502pt
* \textheight=650.43001pt
* \oddsidemargin=0.0pt
* \evensidemargin=0.0pt
* \topmargin=-37.0pt
* \headheight=12.0pt
* \headsep=25.0pt
* \topskip=12.0pt
* \footskip=30.0pt
* \marginparwidth=44.0pt
* \marginparsep=10.0pt
* \columnsep=10.0pt
* \skip\footins=10.8pt plus 4.0pt minus 2.0pt
* \hoffset=0.0pt
* \voffset=0.0pt
* \mag=1000
* \@twocolumnfalse
* \@twosidefalse
* \@mparswitchfalse
* \@reversemarginfalse
* (1in=72.27pt=25.4mm, 1cm=28.453pt)


(C:\Users\Stephen Giang\AppData\Local\Programs\MiKTeX 2.9\tex/context/base/mkii
\supp-pdf.mkii
[Loading MPS to PDF converter (version 2006.09.02).]
\scratchcounter=\count294
\scratchdimen=\dimen176
\scratchbox=\box52
\nofMPsegments=\count295
\nofMParguments=\count296
\everyMPshowfont=\toks33
\MPscratchCnt=\count297
\MPscratchDim=\dimen177
\MPnumerator=\count298
\makeMPintoPDFobject=\count299
\everyMPtoPDFconversion=\toks34
)
(C:\Users\Stephen Giang\AppData\Local\Programs\MiKTeX 2.9\tex/latex/epstopdf-pk
g\epstopdf-base.sty
Package: epstopdf-base 2020-01-24 v2.11 Base part for package epstopdf
Package epstopdf-base Info: Redefining graphics rule for `.eps' on input line 4
85.
)
Package caption Info: Begin \AtBeginDocument code.
Package caption Info: subfig package v1.3 is loaded.
Package caption Info: hyperref package is loaded.
Package caption Info: listings package is loaded.
Package caption Info: End \AtBeginDocument code.
\c@lstlisting=\count300
LaTeX Info: Redefining \microtypecontext on input line 119.
Package microtype Info: Generating PDF output.
Package microtype Info: Character protrusion enabled (level 2).
Package microtype Info: Using protrusion set `basicmath'.
Package microtype Info: Automatic font expansion enabled (level 2),
(microtype)             stretch: 20, shrink: 20, step: 1, non-selected.
Package microtype Info: Using default expansion set `basictext'.
LaTeX Info: Redefining \showhyphens on input line 119.
Package microtype Info: No adjustment of tracking.
Package microtype Info: No adjustment of interword spacing.
Package microtype Info: No adjustment of character kerning.

(C:\Users\Stephen Giang\AppData\Local\Programs\MiKTeX 2.9\tex/latex/microtype\m
t-cmr.cfg
File: mt-cmr.cfg 2013/05/19 v2.2 microtype config. file: Computer Modern Roman 
(RS)
)
\AtBeginShipoutBox=\box53
Package hyperref Info: Link coloring OFF on input line 119.

(C:\Users\Stephen Giang\AppData\Local\Programs\MiKTeX 2.9\tex/latex/hyperref\na
meref.sty
Package: nameref 2019/09/16 v2.46 Cross-referencing by name of section

(C:\Users\Stephen Giang\AppData\Local\Programs\MiKTeX 2.9\tex/latex/refcount\re
fcount.sty
Package: refcount 2019/12/15 v3.6 Data extraction from label references (HO)
)
(C:\Users\Stephen Giang\AppData\Local\Programs\MiKTeX 2.9\tex/generic/gettitles
tring\gettitlestring.sty
Package: gettitlestring 2019/12/15 v1.6 Cleanup title references (HO)
)
\c@section@level=\count301
)
LaTeX Info: Redefining \ref on input line 119.
LaTeX Info: Redefining \pageref on input line 119.
LaTeX Info: Redefining \nameref on input line 119.
<Figures/CoverPhoto.jpg, id=3, 1204.5pt x 803.0pt>
File: Figures/CoverPhoto.jpg Graphic file (type jpg)
<use Figures/CoverPhoto.jpg>
Package pdftex.def Info: Figures/CoverPhoto.jpg  used on input line 130.
(pdftex.def)             Requested size: 384.12457pt x 256.08305pt.
LaTeX Font Info:    Trying to load font information for OT1+lmr on input line 1
42.

(C:\Users\Stephen Giang\AppData\Local\Programs\MiKTeX 2.9\tex/latex/lm\ot1lmr.f
d
File: ot1lmr.fd 2009/10/30 v1.6 Font defs for Latin Modern
)
LaTeX Font Info:    Trying to load font information for OML+lmm on input line 1
42.

(C:\Users\Stephen Giang\AppData\Local\Programs\MiKTeX 2.9\tex/latex/lm\omllmm.f
d
File: omllmm.fd 2009/10/30 v1.6 Font defs for Latin Modern
)
LaTeX Font Info:    Trying to load font information for OMS+lmsy on input line 
142.

(C:\Users\Stephen Giang\AppData\Local\Programs\MiKTeX 2.9\tex/latex/lm\omslmsy.
fd
File: omslmsy.fd 2009/10/30 v1.6 Font defs for Latin Modern
)
LaTeX Font Info:    Trying to load font information for OMX+lmex on input line 
142.

(C:\Users\Stephen Giang\AppData\Local\Programs\MiKTeX 2.9\tex/latex/lm\omxlmex.
fd
File: omxlmex.fd 2009/10/30 v1.6 Font defs for Latin Modern
)
LaTeX Font Info:    External font `lmex10' loaded for size
(Font)              <14.4> on input line 142.
LaTeX Font Info:    External font `lmex10' loaded for size
(Font)              <10> on input line 142.
LaTeX Font Info:    External font `lmex10' loaded for size
(Font)              <7> on input line 142.
LaTeX Font Info:    Trying to load font information for U+msa on input line 142
.

(C:\Users\Stephen Giang\AppData\Local\Programs\MiKTeX 2.9\tex/latex/amsfonts\um
sa.fd
File: umsa.fd 2013/01/14 v3.01 AMS symbols A
)
(C:\Users\Stephen Giang\AppData\Local\Programs\MiKTeX 2.9\tex/latex/microtype\m
t-msa.cfg
File: mt-msa.cfg 2006/02/04 v1.1 microtype config. file: AMS symbols (a) (RS)
)
LaTeX Font Info:    Trying to load font information for U+msb on input line 142
.

(C:\Users\Stephen Giang\AppData\Local\Programs\MiKTeX 2.9\tex/latex/amsfonts\um
sb.fd
File: umsb.fd 2013/01/14 v3.01 AMS symbols B
)
(C:\Users\Stephen Giang\AppData\Local\Programs\MiKTeX 2.9\tex/latex/microtype\m
t-msb.cfg
File: mt-msb.cfg 2005/06/01 v1.0 microtype config. file: AMS symbols (b) (RS)
) [1

{C:/Users/Stephen Giang/AppData/Local/MiKTeX/2.9/pdftex/config/pdftex.map} <./F
igures/CoverPhoto.jpg>]
Underfull \hbox (badness 10000) in paragraph at lines 149--162

 []


Underfull \hbox (badness 10000) in paragraph at lines 149--162

 []


Underfull \hbox (badness 10000) in paragraph at lines 149--162

 []


Underfull \hbox (badness 10000) in paragraph at lines 149--162

 []


Underfull \hbox (badness 10000) in paragraph at lines 149--162

 []


Underfull \hbox (badness 10000) in paragraph at lines 149--162

 []

[2]
LaTeX Font Info:    External font `lmex10' loaded for size
(Font)              <12> on input line 174.
LaTeX Font Info:    External font `lmex10' loaded for size
(Font)              <8> on input line 174.
LaTeX Font Info:    External font `lmex10' loaded for size
(Font)              <6> on input line 174.

Underfull \hbox (badness 10000) in paragraph at lines 165--184

 []


Underfull \hbox (badness 10000) in paragraph at lines 165--184

 []


Underfull \hbox (badness 10000) in paragraph at lines 165--184

 []

[3]
Underfull \hbox (badness 10000) in paragraph at lines 187--190

 []


Underfull \hbox (badness 10000) in paragraph at lines 195--199

 []

[4] [5]
Underfull \hbox (badness 10000) in paragraph at lines 218--225

 []


Underfull \hbox (badness 10000) in paragraph at lines 218--225

 []


Underfull \hbox (badness 10000) in paragraph at lines 218--225

 []

[6]
LaTeX Font Info:    Trying to load font information for T1+lmtt on input line 2
28.

(C:\Users\Stephen Giang\AppData\Local\Programs\MiKTeX 2.9\tex/latex/lm\t1lmtt.f
d
File: t1lmtt.fd 2009/10/30 v1.6 Font defs for Latin Modern
)
LaTeX Font Info:    Font shape `T1/lmtt/bx/n' in size <12> not available
(Font)              Font shape `T1/lmtt/b/n' tried instead on input line 231.
LaTeX Font Info:    Trying to load font information for TS1+lmtt on input line 
264.

(C:\Users\Stephen Giang\AppData\Local\Programs\MiKTeX 2.9\tex/latex/lm\ts1lmtt.
fd
File: ts1lmtt.fd 2009/10/30 v1.6 Font defs for Latin Modern
) [7] [8] [9] [10]
Package epstopdf Info: Source file: <Figures/POT.C740.S100.T30.eps>
(epstopdf)                    date: 2020-11-06 02:34:20
(epstopdf)                    size: 22797 bytes
(epstopdf)             Output file: <Figures/POT.C740.S100.T30-eps-converted-to
.pdf>
(epstopdf)                    date: 2020-11-06 02:35:41
(epstopdf)                    size: 18890 bytes
(epstopdf)             Command: <epstopdf --outfile=Figures/POT.C740.S100.T30-e
ps-converted-to.pdf Figures/POT.C740.S100.T30.eps>
(epstopdf)             \includegraphics on input line 469.
Package epstopdf Info: Output file is already uptodate.


pdfTeX warning: pdflatex.exe (file ./Figures/POT.C740.S100.T30-eps-converted-to
.pdf): PDF inclusion: found PDF version <1.7>, but at most version <1.5> allowe
d
<Figures/POT.C740.S100.T30-eps-converted-to.pdf, id=61, 660.4675pt x 382.42876p
t>
File: Figures/POT.C740.S100.T30-eps-converted-to.pdf Graphic file (type pdf)
<use Figures/POT.C740.S100.T30-eps-converted-to.pdf>
Package pdftex.def Info: Figures/POT.C740.S100.T30-eps-converted-to.pdf  used o
n input line 469.
(pdftex.def)             Requested size: 412.77101pt x 239.0057pt.
Package epstopdf Info: Source file: <Figures/PVT.C740.S100.T30.eps>
(epstopdf)                    date: 2020-11-06 02:34:29
(epstopdf)                    size: 17922 bytes
(epstopdf)             Output file: <Figures/PVT.C740.S100.T30-eps-converted-to
.pdf>
(epstopdf)                    date: 2020-11-06 02:35:43
(epstopdf)                    size: 16383 bytes
(epstopdf)             Command: <epstopdf --outfile=Figures/PVT.C740.S100.T30-e
ps-converted-to.pdf Figures/PVT.C740.S100.T30.eps>
(epstopdf)             \includegraphics on input line 470.
Package epstopdf Info: Output file is already uptodate.


pdfTeX warning: pdflatex.exe (file ./Figures/PVT.C740.S100.T30-eps-converted-to
.pdf): PDF inclusion: found PDF version <1.7>, but at most version <1.5> allowe
d
<Figures/PVT.C740.S100.T30-eps-converted-to.pdf, id=62, 660.4675pt x 382.42876p
t>
File: Figures/PVT.C740.S100.T30-eps-converted-to.pdf Graphic file (type pdf)
<use Figures/PVT.C740.S100.T30-eps-converted-to.pdf>
Package pdftex.def Info: Figures/PVT.C740.S100.T30-eps-converted-to.pdf  used o
n input line 470.
(pdftex.def)             Requested size: 412.77101pt x 239.0057pt.
[11 <./Figures/POT.C740.S100.T30-eps-converted-to.pdf> <./Figures/PVT.C740.S100
.T30-eps-converted-to.pdf>]
Package epstopdf Info: Source file: <Figures/POT.C680.S65.T30.eps>
(epstopdf)                    date: 2020-11-06 02:35:24
(epstopdf)                    size: 22794 bytes
(epstopdf)             Output file: <Figures/POT.C680.S65.T30-eps-converted-to.
pdf>
(epstopdf)                    date: 2020-11-06 02:35:45
(epstopdf)                    size: 18853 bytes
(epstopdf)             Command: <epstopdf --outfile=Figures/POT.C680.S65.T30-ep
s-converted-to.pdf Figures/POT.C680.S65.T30.eps>
(epstopdf)             \includegraphics on input line 485.
Package epstopdf Info: Output file is already uptodate.


pdfTeX warning: pdflatex.exe (file ./Figures/POT.C680.S65.T30-eps-converted-to.
pdf): PDF inclusion: found PDF version <1.7>, but at most version <1.5> allowed

<Figures/POT.C680.S65.T30-eps-converted-to.pdf, id=88, 660.4675pt x 382.42876pt
>
File: Figures/POT.C680.S65.T30-eps-converted-to.pdf Graphic file (type pdf)
<use Figures/POT.C680.S65.T30-eps-converted-to.pdf>
Package pdftex.def Info: Figures/POT.C680.S65.T30-eps-converted-to.pdf  used on
 input line 485.
(pdftex.def)             Requested size: 469.77167pt x 272.01064pt.
Package epstopdf Info: Source file: <Figures/PVT.C680.S65.T30.eps>
(epstopdf)                    date: 2020-11-06 02:35:33
(epstopdf)                    size: 17922 bytes
(epstopdf)             Output file: <Figures/PVT.C680.S65.T30-eps-converted-to.
pdf>
(epstopdf)                    date: 2020-11-06 02:35:47
(epstopdf)                    size: 16378 bytes
(epstopdf)             Command: <epstopdf --outfile=Figures/PVT.C680.S65.T30-ep
s-converted-to.pdf Figures/PVT.C680.S65.T30.eps>
(epstopdf)             \includegraphics on input line 486.
Package epstopdf Info: Output file is already uptodate.


pdfTeX warning: pdflatex.exe (file ./Figures/PVT.C680.S65.T30-eps-converted-to.
pdf): PDF inclusion: found PDF version <1.7>, but at most version <1.5> allowed

<Figures/PVT.C680.S65.T30-eps-converted-to.pdf, id=89, 660.4675pt x 382.42876pt
>
File: Figures/PVT.C680.S65.T30-eps-converted-to.pdf Graphic file (type pdf)
<use Figures/PVT.C680.S65.T30-eps-converted-to.pdf>
Package pdftex.def Info: Figures/PVT.C680.S65.T30-eps-converted-to.pdf  used on
 input line 486.
(pdftex.def)             Requested size: 469.77167pt x 272.01064pt.

Underfull \hbox (badness 10000) in paragraph at lines 475--488

 []


Underfull \hbox (badness 10000) in paragraph at lines 475--488

 []


Underfull \hbox (badness 10000) in paragraph at lines 475--488

 []

[12] [13 <./Figures/POT.C680.S65.T30-eps-converted-to.pdf> <./Figures/PVT.C680.
S65.T30-eps-converted-to.pdf>]
Underfull \hbox (badness 10000) in paragraph at lines 491--498

 []


Underfull \hbox (badness 10000) in paragraph at lines 491--498

 []


Underfull \hbox (badness 10000) in paragraph at lines 491--498

 []

[14]
Package epstopdf Info: Source file: <Figures/POT.C800.S130.T30.eps>
(epstopdf)                    date: 2020-11-06 02:41:43
(epstopdf)                    size: 22782 bytes
(epstopdf)             Output file: <Figures/POT.C800.S130.T30-eps-converted-to
.pdf>
(epstopdf)                    date: 2020-11-06 02:42:36
(epstopdf)                    size: 18894 bytes
(epstopdf)             Command: <epstopdf --outfile=Figures/POT.C800.S130.T30-e
ps-converted-to.pdf Figures/POT.C800.S130.T30.eps>
(epstopdf)             \includegraphics on input line 502.
Package epstopdf Info: Output file is already uptodate.


pdfTeX warning: pdflatex.exe (file ./Figures/POT.C800.S130.T30-eps-converted-to
.pdf): PDF inclusion: found PDF version <1.7>, but at most version <1.5> allowe
d
<Figures/POT.C800.S130.T30-eps-converted-to.pdf, id=124, 660.4675pt x 382.42876
pt>
File: Figures/POT.C800.S130.T30-eps-converted-to.pdf Graphic file (type pdf)
<use Figures/POT.C800.S130.T30-eps-converted-to.pdf>
Package pdftex.def Info: Figures/POT.C800.S130.T30-eps-converted-to.pdf  used o
n input line 502.
(pdftex.def)             Requested size: 469.77167pt x 272.01064pt.
Package epstopdf Info: Source file: <Figures/PVT.C800.S130.T30.eps>
(epstopdf)                    date: 2020-11-06 02:41:55
(epstopdf)                    size: 17922 bytes
(epstopdf)             Output file: <Figures/PVT.C800.S130.T30-eps-converted-to
.pdf>
(epstopdf)                    date: 2020-11-06 02:42:38
(epstopdf)                    size: 16460 bytes
(epstopdf)             Command: <epstopdf --outfile=Figures/PVT.C800.S130.T30-e
ps-converted-to.pdf Figures/PVT.C800.S130.T30.eps>
(epstopdf)             \includegraphics on input line 503.
Package epstopdf Info: Output file is already uptodate.


pdfTeX warning: pdflatex.exe (file ./Figures/PVT.C800.S130.T30-eps-converted-to
.pdf): PDF inclusion: found PDF version <1.7>, but at most version <1.5> allowe
d
<Figures/PVT.C800.S130.T30-eps-converted-to.pdf, id=125, 660.4675pt x 382.42876
pt>
File: Figures/PVT.C800.S130.T30-eps-converted-to.pdf Graphic file (type pdf)
<use Figures/PVT.C800.S130.T30-eps-converted-to.pdf>
Package pdftex.def Info: Figures/PVT.C800.S130.T30-eps-converted-to.pdf  used o
n input line 503.
(pdftex.def)             Requested size: 469.77167pt x 272.01064pt.
[15 <./Figures/POT.C800.S130.T30-eps-converted-to.pdf> <./Figures/PVT.C800.S130
.T30-eps-converted-to.pdf>]
Package epstopdf Info: Source file: <Figures/POT.C800.S130.T15.eps>
(epstopdf)                    date: 2020-11-06 06:04:49
(epstopdf)                    size: 15059 bytes
(epstopdf)             Output file: <Figures/POT.C800.S130.T15-eps-converted-to
.pdf>
(epstopdf)                    date: 2020-11-06 06:07:21
(epstopdf)                    size: 15400 bytes
(epstopdf)             Command: <epstopdf --outfile=Figures/POT.C800.S130.T15-e
ps-converted-to.pdf Figures/POT.C800.S130.T15.eps>
(epstopdf)             \includegraphics on input line 509.
Package epstopdf Info: Output file is already uptodate.


pdfTeX warning: pdflatex.exe (file ./Figures/POT.C800.S130.T15-eps-converted-to
.pdf): PDF inclusion: found PDF version <1.7>, but at most version <1.5> allowe
d
<Figures/POT.C800.S130.T15-eps-converted-to.pdf, id=151, 659.46375pt x 381.425p
t>
File: Figures/POT.C800.S130.T15-eps-converted-to.pdf Graphic file (type pdf)
<use Figures/POT.C800.S130.T15-eps-converted-to.pdf>
Package pdftex.def Info: Figures/POT.C800.S130.T15-eps-converted-to.pdf  used o
n input line 509.
(pdftex.def)             Requested size: 469.77217pt x 271.70993pt.
Package epstopdf Info: Source file: <Figures/PVT.C800.S130.T15.eps>
(epstopdf)                    date: 2020-11-06 06:04:57
(epstopdf)                    size: 12644 bytes
(epstopdf)             Output file: <Figures/PVT.C800.S130.T15-eps-converted-to
.pdf>
(epstopdf)                    date: 2020-11-06 06:07:23
(epstopdf)                    size: 14195 bytes
(epstopdf)             Command: <epstopdf --outfile=Figures/PVT.C800.S130.T15-e
ps-converted-to.pdf Figures/PVT.C800.S130.T15.eps>
(epstopdf)             \includegraphics on input line 510.
Package epstopdf Info: Output file is already uptodate.


pdfTeX warning: pdflatex.exe (file ./Figures/PVT.C800.S130.T15-eps-converted-to
.pdf): PDF inclusion: found PDF version <1.7>, but at most version <1.5> allowe
d
<Figures/PVT.C800.S130.T15-eps-converted-to.pdf, id=152, 659.46375pt x 381.425p
t>
File: Figures/PVT.C800.S130.T15-eps-converted-to.pdf Graphic file (type pdf)
<use Figures/PVT.C800.S130.T15-eps-converted-to.pdf>
Package pdftex.def Info: Figures/PVT.C800.S130.T15-eps-converted-to.pdf  used o
n input line 510.
(pdftex.def)             Requested size: 469.77217pt x 271.70993pt.
[16 <./Figures/POT.C800.S130.T15-eps-converted-to.pdf> <./Figures/PVT.C800.S130
.T15-eps-converted-to.pdf>]
Underfull \hbox (badness 10000) in paragraph at lines 515--524

 []


Underfull \hbox (badness 10000) in paragraph at lines 515--524

 []

[17]
Underfull \hbox (badness 10000) in paragraph at lines 527--536

 []


Underfull \hbox (badness 10000) in paragraph at lines 527--536

 []


Underfull \hbox (badness 10000) in paragraph at lines 527--536

 []


Underfull \hbox (badness 10000) in paragraph at lines 527--536

 []

[18]
Underfull \hbox (badness 10000) in paragraph at lines 539--550

 []


Underfull \hbox (badness 10000) in paragraph at lines 539--550

 []


Underfull \hbox (badness 10000) in paragraph at lines 539--550

 []


Underfull \hbox (badness 10000) in paragraph at lines 539--550

 []


Underfull \hbox (badness 10000) in paragraph at lines 539--550

 []


Underfull \hbox (badness 10000) in paragraph at lines 539--550

 []


Overfull \hbox (0.23492pt too wide) in paragraph at lines 539--550
[]$\T1/lmr/m/n/12 (+8) h t t p s : / / w w w . z i l l o w . c o m / s a n -[] 
d i e g o -[] c o u n t y -[] c a / h o m e -[] v a l u e s /# : ~ : t e x t = 
% 2 4 6 3 2 % 2 C 2 6 4& t e x
 []

[19]
Package atveryend Info: Empty hook `BeforeClearDocument' on input line 553.
Package atveryend Info: Empty hook `AfterLastShipout' on input line 553.
 (Project.aux)
Package atveryend Info: Executing hook `AtVeryEndDocument' on input line 553.
Package atveryend Info: Empty hook `AtEndAfterFileList' on input line 553.
 ) 
Here is how much of TeX's memory you used:
 16734 strings out of 481180
 260103 string characters out of 2899291
 545080 words of memory out of 3000000
 31958 multiletter control sequences out of 15000+200000
 591181 words of font info for 110 fonts, out of 3000000 for 9000
 1141 hyphenation exceptions out of 8191
 50i,12n,49p,1029b,395s stack positions out of 5000i,500n,10000p,200000b,50000s
{C:/Users/Stephen Giang/AppData/Local/Programs/MiKTeX 2.9/fonts/enc/dvips/lm/
lm-ts1.enc}{C:/Users/Stephen Giang/AppData/Local/Programs/MiKTeX 2.9/fonts/enc/
dvips/lm/lm-ec.enc}{C:/Users/Stephen Giang/AppData/Local/Programs/MiKTeX 2.9/fo
nts/enc/dvips/lm/lm-mathsy.enc}{C:/Users/Stephen Giang/AppData/Local/Programs/M
iKTeX 2.9/fonts/enc/dvips/lm/lm-mathex.enc}{C:/Users/Stephen Giang/AppData/Loca
l/Programs/MiKTeX 2.9/fonts/enc/dvips/lm/lm-mathit.enc}{C:/Users/Stephen Giang/
AppData/Local/Programs/MiKTeX 2.9/fonts/enc/dvips/lm/lm-rm.enc}<C:/Users/Stephe
n Giang/AppData/Local/Programs/MiKTeX 2.9/fonts/type1/public/lm/lmbx12.pfb><C:/
Users/Stephen Giang/AppData/Local/Programs/MiKTeX 2.9/fonts/type1/public/lm/lme
x10.pfb><C:/Users/Stephen Giang/AppData/Local/Programs/MiKTeX 2.9/fonts/type1/p
ublic/lm/lmmi12.pfb><C:/Users/Stephen Giang/AppData/Local/Programs/MiKTeX 2.9/f
onts/type1/public/lm/lmmi8.pfb><C:/Users/Stephen Giang/AppData/Local/Programs/M
iKTeX 2.9/fonts/type1/public/lm/lmr12.pfb><C:/Users/Stephen Giang/AppData/Local
/Programs/MiKTeX 2.9/fonts/type1/public/lm/lmr8.pfb><C:/Users/Stephen Giang/App
Data/Local/Programs/MiKTeX 2.9/fonts/type1/public/lm/lmsy10.pfb><C:/Users/Steph
en Giang/AppData/Local/Programs/MiKTeX 2.9/fonts/type1/public/lm/lmsy8.pfb><C:/
Users/Stephen Giang/AppData/Local/Programs/MiKTeX 2.9/fonts/type1/public/lm/lmt
k10.pfb><C:/Users/Stephen Giang/AppData/Local/Programs/MiKTeX 2.9/fonts/type1/p
ublic/lm/lmtt12.pfb><C:/Users/Stephen Giang/AppData/Local/Programs/MiKTeX 2.9/f
onts/type1/public/lm/lmtti10.pfb>
Output written on Project.pdf (19 pages, 460252 bytes).
PDF statistics:
 249 PDF objects out of 1000 (max. 8388607)
 26 named destinations out of 1000 (max. 500000)
 10286 words of extra memory for PDF output out of 12000 (max. 10000000)

