  iadrv.cpp
C:\Users\Stephen Giang\Google Drive\School\Year 3 Fall 2020\CS 320\Programs\Program 5\Program5\iadrv.cpp(46,18): error C2664: 'void intArray::setName(char *)': cannot convert argument 1 from 'const char [2]' to 'char *'
C:\Users\Stephen Giang\Google Drive\School\Year 3 Fall 2020\CS 320\Programs\Program 5\Program5\iadrv.cpp(46,15): message : Conversion from string literal loses const qualifier (see /Zc:strictStrings)
C:\Users\Stephen Giang\Google Drive\School\Year 3 Fall 2020\CS 320\Programs\Program 5\Program5\intArray.h(39,10): message : see declaration of 'intArray::setName'
C:\Users\Stephen Giang\Google Drive\School\Year 3 Fall 2020\CS 320\Programs\Program 5\Program5\iadrv.cpp(59,18): error C2664: 'void intArray::setName(char *)': cannot convert argument 1 from 'const char [2]' to 'char *'
C:\Users\Stephen Giang\Google Drive\School\Year 3 Fall 2020\CS 320\Programs\Program 5\Program5\iadrv.cpp(59,15): message : Conversion from string literal loses const qualifier (see /Zc:strictStrings)
C:\Users\Stephen Giang\Google Drive\School\Year 3 Fall 2020\CS 320\Programs\Program 5\Program5\intArray.h(39,10): message : see declaration of 'intArray::setName'
C:\Users\Stephen Giang\Google Drive\School\Year 3 Fall 2020\CS 320\Programs\Program 5\Program5\iadrv.cpp(72,18): error C2664: 'void intArray::setName(char *)': cannot convert argument 1 from 'const char [2]' to 'char *'
C:\Users\Stephen Giang\Google Drive\School\Year 3 Fall 2020\CS 320\Programs\Program 5\Program5\iadrv.cpp(72,15): message : Conversion from string literal loses const qualifier (see /Zc:strictStrings)
C:\Users\Stephen Giang\Google Drive\School\Year 3 Fall 2020\CS 320\Programs\Program 5\Program5\intArray.h(39,10): message : see declaration of 'intArray::setName'
C:\Users\Stephen Giang\Google Drive\School\Year 3 Fall 2020\CS 320\Programs\Program 5\Program5\iadrv.cpp(85,18): error C2664: 'void intArray::setName(char *)': cannot convert argument 1 from 'const char [2]' to 'char *'
C:\Users\Stephen Giang\Google Drive\School\Year 3 Fall 2020\CS 320\Programs\Program 5\Program5\iadrv.cpp(85,15): message : Conversion from string literal loses const qualifier (see /Zc:strictStrings)
C:\Users\Stephen Giang\Google Drive\School\Year 3 Fall 2020\CS 320\Programs\Program 5\Program5\intArray.h(39,10): message : see declaration of 'intArray::setName'
C:\Users\Stephen Giang\Google Drive\School\Year 3 Fall 2020\CS 320\Programs\Program 5\Program5\iadrv.cpp(98,18): error C2664: 'void intArray::setName(char *)': cannot convert argument 1 from 'const char [2]' to 'char *'
C:\Users\Stephen Giang\Google Drive\School\Year 3 Fall 2020\CS 320\Programs\Program 5\Program5\iadrv.cpp(98,15): message : Conversion from string literal loses const qualifier (see /Zc:strictStrings)
C:\Users\Stephen Giang\Google Drive\School\Year 3 Fall 2020\CS 320\Programs\Program 5\Program5\intArray.h(39,10): message : see declaration of 'intArray::setName'
C:\Users\Stephen Giang\Google Drive\School\Year 3 Fall 2020\CS 320\Programs\Program 5\Program5\iadrv.cpp(113,18): error C2664: 'void intArray::setName(char *)': cannot convert argument 1 from 'const char [2]' to 'char *'
C:\Users\Stephen Giang\Google Drive\School\Year 3 Fall 2020\CS 320\Programs\Program 5\Program5\iadrv.cpp(113,15): message : Conversion from string literal loses const qualifier (see /Zc:strictStrings)
C:\Users\Stephen Giang\Google Drive\School\Year 3 Fall 2020\CS 320\Programs\Program 5\Program5\intArray.h(39,10): message : see declaration of 'intArray::setName'
C:\Users\Stephen Giang\Google Drive\School\Year 3 Fall 2020\CS 320\Programs\Program 5\Program5\iadrv.cpp(117,18): error C2664: 'void intArray::setName(char *)': cannot convert argument 1 from 'const char [2]' to 'char *'
C:\Users\Stephen Giang\Google Drive\School\Year 3 Fall 2020\CS 320\Programs\Program 5\Program5\iadrv.cpp(117,15): message : Conversion from string literal loses const qualifier (see /Zc:strictStrings)
C:\Users\Stephen Giang\Google Drive\School\Year 3 Fall 2020\CS 320\Programs\Program 5\Program5\intArray.h(39,10): message : see declaration of 'intArray::setName'
C:\Users\Stephen Giang\Google Drive\School\Year 3 Fall 2020\CS 320\Programs\Program 5\Program5\iadrv.cpp(134,18): error C2664: 'void intArray::setName(char *)': cannot convert argument 1 from 'const char [2]' to 'char *'
C:\Users\Stephen Giang\Google Drive\School\Year 3 Fall 2020\CS 320\Programs\Program 5\Program5\iadrv.cpp(134,15): message : Conversion from string literal loses const qualifier (see /Zc:strictStrings)
C:\Users\Stephen Giang\Google Drive\School\Year 3 Fall 2020\CS 320\Programs\Program 5\Program5\intArray.h(39,10): message : see declaration of 'intArray::setName'
C:\Users\Stephen Giang\Google Drive\School\Year 3 Fall 2020\CS 320\Programs\Program 5\Program5\iadrv.cpp(140,18): error C2664: 'void intArray::setName(char *)': cannot convert argument 1 from 'const char [2]' to 'char *'
C:\Users\Stephen Giang\Google Drive\School\Year 3 Fall 2020\CS 320\Programs\Program 5\Program5\iadrv.cpp(140,15): message : Conversion from string literal loses const qualifier (see /Zc:strictStrings)
C:\Users\Stephen Giang\Google Drive\School\Year 3 Fall 2020\CS 320\Programs\Program 5\Program5\intArray.h(39,10): message : see declaration of 'intArray::setName'
C:\Users\Stephen Giang\Google Drive\School\Year 3 Fall 2020\CS 320\Programs\Program 5\Program5\iadrv.cpp(166,18): error C2664: 'void intArray::setName(char *)': cannot convert argument 1 from 'const char [2]' to 'char *'
C:\Users\Stephen Giang\Google Drive\School\Year 3 Fall 2020\CS 320\Programs\Program 5\Program5\iadrv.cpp(166,15): message : Conversion from string literal loses const qualifier (see /Zc:strictStrings)
C:\Users\Stephen Giang\Google Drive\School\Year 3 Fall 2020\CS 320\Programs\Program 5\Program5\intArray.h(39,10): message : see declaration of 'intArray::setName'
C:\Users\Stephen Giang\Google Drive\School\Year 3 Fall 2020\CS 320\Programs\Program 5\Program5\iadrv.cpp(172,18): error C2664: 'void intArray::setName(char *)': cannot convert argument 1 from 'const char [2]' to 'char *'
C:\Users\Stephen Giang\Google Drive\School\Year 3 Fall 2020\CS 320\Programs\Program 5\Program5\iadrv.cpp(172,15): message : Conversion from string literal loses const qualifier (see /Zc:strictStrings)
C:\Users\Stephen Giang\Google Drive\School\Year 3 Fall 2020\CS 320\Programs\Program 5\Program5\intArray.h(39,10): message : see declaration of 'intArray::setName'
C:\Users\Stephen Giang\Google Drive\School\Year 3 Fall 2020\CS 320\Programs\Program 5\Program5\iadrv.cpp(178,18): error C2664: 'void intArray::setName(char *)': cannot convert argument 1 from 'const char [2]' to 'char *'
C:\Users\Stephen Giang\Google Drive\School\Year 3 Fall 2020\CS 320\Programs\Program 5\Program5\iadrv.cpp(178,15): message : Conversion from string literal loses const qualifier (see /Zc:strictStrings)
C:\Users\Stephen Giang\Google Drive\School\Year 3 Fall 2020\CS 320\Programs\Program 5\Program5\intArray.h(39,10): message : see declaration of 'intArray::setName'
C:\Users\Stephen Giang\Google Drive\School\Year 3 Fall 2020\CS 320\Programs\Program 5\Program5\iadrv.cpp(204,18): error C2664: 'void intArray::setName(char *)': cannot convert argument 1 from 'const char [2]' to 'char *'
C:\Users\Stephen Giang\Google Drive\School\Year 3 Fall 2020\CS 320\Programs\Program 5\Program5\iadrv.cpp(204,15): message : Conversion from string literal loses const qualifier (see /Zc:strictStrings)
C:\Users\Stephen Giang\Google Drive\School\Year 3 Fall 2020\CS 320\Programs\Program 5\Program5\intArray.h(39,10): message : see declaration of 'intArray::setName'
C:\Users\Stephen Giang\Google Drive\School\Year 3 Fall 2020\CS 320\Programs\Program 5\Program5\iadrv.cpp(210,18): error C2664: 'void intArray::setName(char *)': cannot convert argument 1 from 'const char [2]' to 'char *'
C:\Users\Stephen Giang\Google Drive\School\Year 3 Fall 2020\CS 320\Programs\Program 5\Program5\iadrv.cpp(210,15): message : Conversion from string literal loses const qualifier (see /Zc:strictStrings)
C:\Users\Stephen Giang\Google Drive\School\Year 3 Fall 2020\CS 320\Programs\Program 5\Program5\intArray.h(39,10): message : see declaration of 'intArray::setName'
C:\Users\Stephen Giang\Google Drive\School\Year 3 Fall 2020\CS 320\Programs\Program 5\Program5\iadrv.cpp(236,18): error C2664: 'void intArray::setName(char *)': cannot convert argument 1 from 'const char [2]' to 'char *'
C:\Users\Stephen Giang\Google Drive\School\Year 3 Fall 2020\CS 320\Programs\Program 5\Program5\iadrv.cpp(236,15): message : Conversion from string literal loses const qualifier (see /Zc:strictStrings)
C:\Users\Stephen Giang\Google Drive\School\Year 3 Fall 2020\CS 320\Programs\Program 5\Program5\intArray.h(39,10): message : see declaration of 'intArray::setName'
C:\Users\Stephen Giang\Google Drive\School\Year 3 Fall 2020\CS 320\Programs\Program 5\Program5\iadrv.cpp(242,18): error C2664: 'void intArray::setName(char *)': cannot convert argument 1 from 'const char [2]' to 'char *'
C:\Users\Stephen Giang\Google Drive\School\Year 3 Fall 2020\CS 320\Programs\Program 5\Program5\iadrv.cpp(242,15): message : Conversion from string literal loses const qualifier (see /Zc:strictStrings)
C:\Users\Stephen Giang\Google Drive\School\Year 3 Fall 2020\CS 320\Programs\Program 5\Program5\intArray.h(39,10): message : see declaration of 'intArray::setName'
C:\Users\Stephen Giang\Google Drive\School\Year 3 Fall 2020\CS 320\Programs\Program 5\Program5\iadrv.cpp(261,18): error C2664: 'void intArray::setName(char *)': cannot convert argument 1 from 'const char [2]' to 'char *'
C:\Users\Stephen Giang\Google Drive\School\Year 3 Fall 2020\CS 320\Programs\Program 5\Program5\iadrv.cpp(261,15): message : Conversion from string literal loses const qualifier (see /Zc:strictStrings)
C:\Users\Stephen Giang\Google Drive\School\Year 3 Fall 2020\CS 320\Programs\Program 5\Program5\intArray.h(39,10): message : see declaration of 'intArray::setName'
C:\Users\Stephen Giang\Google Drive\School\Year 3 Fall 2020\CS 320\Programs\Program 5\Program5\iadrv.cpp(267,18): error C2664: 'void intArray::setName(char *)': cannot convert argument 1 from 'const char [2]' to 'char *'
C:\Users\Stephen Giang\Google Drive\School\Year 3 Fall 2020\CS 320\Programs\Program 5\Program5\iadrv.cpp(267,15): message : Conversion from string literal loses const qualifier (see /Zc:strictStrings)
C:\Users\Stephen Giang\Google Drive\School\Year 3 Fall 2020\CS 320\Programs\Program 5\Program5\intArray.h(39,10): message : see declaration of 'intArray::setName'
C:\Users\Stephen Giang\Google Drive\School\Year 3 Fall 2020\CS 320\Programs\Program 5\Program5\iadrv.cpp(286,18): error C2664: 'void intArray::setName(char *)': cannot convert argument 1 from 'const char [2]' to 'char *'
C:\Users\Stephen Giang\Google Drive\School\Year 3 Fall 2020\CS 320\Programs\Program 5\Program5\iadrv.cpp(286,15): message : Conversion from string literal loses const qualifier (see /Zc:strictStrings)
C:\Users\Stephen Giang\Google Drive\School\Year 3 Fall 2020\CS 320\Programs\Program 5\Program5\intArray.h(39,10): message : see declaration of 'intArray::setName'
C:\Users\Stephen Giang\Google Drive\School\Year 3 Fall 2020\CS 320\Programs\Program 5\Program5\iadrv.cpp(292,18): error C2664: 'void intArray::setName(char *)': cannot convert argument 1 from 'const char [2]' to 'char *'
C:\Users\Stephen Giang\Google Drive\School\Year 3 Fall 2020\CS 320\Programs\Program 5\Program5\iadrv.cpp(292,15): message : Conversion from string literal loses const qualifier (see /Zc:strictStrings)
C:\Users\Stephen Giang\Google Drive\School\Year 3 Fall 2020\CS 320\Programs\Program 5\Program5\intArray.h(39,10): message : see declaration of 'intArray::setName'
C:\Users\Stephen Giang\Google Drive\School\Year 3 Fall 2020\CS 320\Programs\Program 5\Program5\iadrv.cpp(318,18): error C2664: 'void intArray::setName(char *)': cannot convert argument 1 from 'const char [2]' to 'char *'
C:\Users\Stephen Giang\Google Drive\School\Year 3 Fall 2020\CS 320\Programs\Program 5\Program5\iadrv.cpp(318,15): message : Conversion from string literal loses const qualifier (see /Zc:strictStrings)
C:\Users\Stephen Giang\Google Drive\School\Year 3 Fall 2020\CS 320\Programs\Program 5\Program5\intArray.h(39,10): message : see declaration of 'intArray::setName'
C:\Users\Stephen Giang\Google Drive\School\Year 3 Fall 2020\CS 320\Programs\Program 5\Program5\iadrv.cpp(324,18): error C2664: 'void intArray::setName(char *)': cannot convert argument 1 from 'const char [2]' to 'char *'
C:\Users\Stephen Giang\Google Drive\School\Year 3 Fall 2020\CS 320\Programs\Program 5\Program5\iadrv.cpp(324,15): message : Conversion from string literal loses const qualifier (see /Zc:strictStrings)
C:\Users\Stephen Giang\Google Drive\School\Year 3 Fall 2020\CS 320\Programs\Program 5\Program5\intArray.h(39,10): message : see declaration of 'intArray::setName'
C:\Users\Stephen Giang\Google Drive\School\Year 3 Fall 2020\CS 320\Programs\Program 5\Program5\iadrv.cpp(343,18): error C2664: 'void intArray::setName(char *)': cannot convert argument 1 from 'const char [2]' to 'char *'
C:\Users\Stephen Giang\Google Drive\School\Year 3 Fall 2020\CS 320\Programs\Program 5\Program5\iadrv.cpp(343,15): message : Conversion from string literal loses const qualifier (see /Zc:strictStrings)
C:\Users\Stephen Giang\Google Drive\School\Year 3 Fall 2020\CS 320\Programs\Program 5\Program5\intArray.h(39,10): message : see declaration of 'intArray::setName'
C:\Users\Stephen Giang\Google Drive\School\Year 3 Fall 2020\CS 320\Programs\Program 5\Program5\iadrv.cpp(349,18): error C2664: 'void intArray::setName(char *)': cannot convert argument 1 from 'const char [2]' to 'char *'
C:\Users\Stephen Giang\Google Drive\School\Year 3 Fall 2020\CS 320\Programs\Program 5\Program5\iadrv.cpp(349,15): message : Conversion from string literal loses const qualifier (see /Zc:strictStrings)
C:\Users\Stephen Giang\Google Drive\School\Year 3 Fall 2020\CS 320\Programs\Program 5\Program5\intArray.h(39,10): message : see declaration of 'intArray::setName'
C:\Users\Stephen Giang\Google Drive\School\Year 3 Fall 2020\CS 320\Programs\Program 5\Program5\iadrv.cpp(368,18): error C2664: 'void intArray::setName(char *)': cannot convert argument 1 from 'const char [2]' to 'char *'
C:\Users\Stephen Giang\Google Drive\School\Year 3 Fall 2020\CS 320\Programs\Program 5\Program5\iadrv.cpp(368,15): message : Conversion from string literal loses const qualifier (see /Zc:strictStrings)
C:\Users\Stephen Giang\Google Drive\School\Year 3 Fall 2020\CS 320\Programs\Program 5\Program5\intArray.h(39,10): message : see declaration of 'intArray::setName'
C:\Users\Stephen Giang\Google Drive\School\Year 3 Fall 2020\CS 320\Programs\Program 5\Program5\iadrv.cpp(374,18): error C2664: 'void intArray::setName(char *)': cannot convert argument 1 from 'const char [2]' to 'char *'
C:\Users\Stephen Giang\Google Drive\School\Year 3 Fall 2020\CS 320\Programs\Program 5\Program5\iadrv.cpp(374,15): message : Conversion from string literal loses const qualifier (see /Zc:strictStrings)
C:\Users\Stephen Giang\Google Drive\School\Year 3 Fall 2020\CS 320\Programs\Program 5\Program5\intArray.h(39,10): message : see declaration of 'intArray::setName'
C:\Users\Stephen Giang\Google Drive\School\Year 3 Fall 2020\CS 320\Programs\Program 5\Program5\iadrv.cpp(380,18): error C2664: 'void intArray::setName(char *)': cannot convert argument 1 from 'const char [2]' to 'char *'
C:\Users\Stephen Giang\Google Drive\School\Year 3 Fall 2020\CS 320\Programs\Program 5\Program5\iadrv.cpp(380,15): message : Conversion from string literal loses const qualifier (see /Zc:strictStrings)
C:\Users\Stephen Giang\Google Drive\School\Year 3 Fall 2020\CS 320\Programs\Program 5\Program5\intArray.h(39,10): message : see declaration of 'intArray::setName'
C:\Users\Stephen Giang\Google Drive\School\Year 3 Fall 2020\CS 320\Programs\Program 5\Program5\iadrv.cpp(397,18): error C2664: 'void intArray::setName(char *)': cannot convert argument 1 from 'const char [2]' to 'char *'
C:\Users\Stephen Giang\Google Drive\School\Year 3 Fall 2020\CS 320\Programs\Program 5\Program5\iadrv.cpp(397,15): message : Conversion from string literal loses const qualifier (see /Zc:strictStrings)
C:\Users\Stephen Giang\Google Drive\School\Year 3 Fall 2020\CS 320\Programs\Program 5\Program5\intArray.h(39,10): message : see declaration of 'intArray::setName'
C:\Users\Stephen Giang\Google Drive\School\Year 3 Fall 2020\CS 320\Programs\Program 5\Program5\iadrv.cpp(403,18): error C2664: 'void intArray::setName(char *)': cannot convert argument 1 from 'const char [2]' to 'char *'
C:\Users\Stephen Giang\Google Drive\School\Year 3 Fall 2020\CS 320\Programs\Program 5\Program5\iadrv.cpp(403,15): message : Conversion from string literal loses const qualifier (see /Zc:strictStrings)
C:\Users\Stephen Giang\Google Drive\School\Year 3 Fall 2020\CS 320\Programs\Program 5\Program5\intArray.h(39,10): message : see declaration of 'intArray::setName'
C:\Users\Stephen Giang\Google Drive\School\Year 3 Fall 2020\CS 320\Programs\Program 5\Program5\iadrv.cpp(419,18): error C2664: 'void intArray::setName(char *)': cannot convert argument 1 from 'const char [2]' to 'char *'
C:\Users\Stephen Giang\Google Drive\School\Year 3 Fall 2020\CS 320\Programs\Program 5\Program5\iadrv.cpp(419,15): message : Conversion from string literal loses const qualifier (see /Zc:strictStrings)
C:\Users\Stephen Giang\Google Drive\School\Year 3 Fall 2020\CS 320\Programs\Program 5\Program5\intArray.h(39,10): message : see declaration of 'intArray::setName'
C:\Users\Stephen Giang\Google Drive\School\Year 3 Fall 2020\CS 320\Programs\Program 5\Program5\iadrv.cpp(434,18): error C2664: 'void intArray::setName(char *)': cannot convert argument 1 from 'const char [2]' to 'char *'
C:\Users\Stephen Giang\Google Drive\School\Year 3 Fall 2020\CS 320\Programs\Program 5\Program5\iadrv.cpp(434,15): message : Conversion from string literal loses const qualifier (see /Zc:strictStrings)
C:\Users\Stephen Giang\Google Drive\School\Year 3 Fall 2020\CS 320\Programs\Program 5\Program5\intArray.h(39,10): message : see declaration of 'intArray::setName'
C:\Users\Stephen Giang\Google Drive\School\Year 3 Fall 2020\CS 320\Programs\Program 5\Program5\iadrv.cpp(452,18): error C2664: 'void intArray::setName(char *)': cannot convert argument 1 from 'const char [2]' to 'char *'
C:\Users\Stephen Giang\Google Drive\School\Year 3 Fall 2020\CS 320\Programs\Program 5\Program5\iadrv.cpp(452,15): message : Conversion from string literal loses const qualifier (see /Zc:strictStrings)
C:\Users\Stephen Giang\Google Drive\School\Year 3 Fall 2020\CS 320\Programs\Program 5\Program5\intArray.h(39,10): message : see declaration of 'intArray::setName'
C:\Users\Stephen Giang\Google Drive\School\Year 3 Fall 2020\CS 320\Programs\Program 5\Program5\iadrv.cpp(458,18): error C2664: 'void intArray::setName(char *)': cannot convert argument 1 from 'const char [2]' to 'char *'
C:\Users\Stephen Giang\Google Drive\School\Year 3 Fall 2020\CS 320\Programs\Program 5\Program5\iadrv.cpp(458,15): message : Conversion from string literal loses const qualifier (see /Zc:strictStrings)
C:\Users\Stephen Giang\Google Drive\School\Year 3 Fall 2020\CS 320\Programs\Program 5\Program5\intArray.h(39,10): message : see declaration of 'intArray::setName'
C:\Users\Stephen Giang\Google Drive\School\Year 3 Fall 2020\CS 320\Programs\Program 5\Program5\iadrv.cpp(482,18): error C2664: 'void intArray::setName(char *)': cannot convert argument 1 from 'const char [2]' to 'char *'
C:\Users\Stephen Giang\Google Drive\School\Year 3 Fall 2020\CS 320\Programs\Program 5\Program5\iadrv.cpp(482,15): message : Conversion from string literal loses const qualifier (see /Zc:strictStrings)
C:\Users\Stephen Giang\Google Drive\School\Year 3 Fall 2020\CS 320\Programs\Program 5\Program5\intArray.h(39,10): message : see declaration of 'intArray::setName'
  intArray.cpp
  Generating Code...
