This is pdfTeX, Version 3.14159265-2.6-1.40.21 (MiKTeX 20.7) (preloaded format=pdflatex 2020.9.16)  30 SEP 2020 20:41
entering extended mode
**./MidtermPartA.tex
(MidtermPartA.tex
LaTeX2e <2020-02-02> patch level 5
L3 programming layer <2020-09-03>
("C:\Users\Stephen Giang\AppData\Local\Programs\MiKTeX 2.9\tex/latex/base\artic
le.cls"
Document Class: article 2019/12/20 v1.4l Standard LaTeX document class

("C:\Users\Stephen Giang\AppData\Local\Programs\MiKTeX 2.9\tex/latex/base\size1
1.clo"
File: size11.clo 2019/12/20 v1.4l Standard LaTeX file (size option)
)
\c@part=\count168
\c@section=\count169
\c@subsection=\count170
\c@subsubsection=\count171
\c@paragraph=\count172
\c@subparagraph=\count173
\c@figure=\count174
\c@table=\count175
\abovecaptionskip=\skip47
\belowcaptionskip=\skip48
\bibindent=\dimen134
)
("C:\Users\Stephen Giang\AppData\Local\Programs\MiKTeX 2.9\tex/latex/geometry\g
eometry.sty"
Package: geometry 2020/01/02 v5.9 Page Geometry

("C:\Users\Stephen Giang\AppData\Local\Programs\MiKTeX 2.9\tex/latex/graphics\k
eyval.sty"
Package: keyval 2014/10/28 v1.15 key=value parser (DPC)
\KV@toks@=\toks15
)
("C:\Users\Stephen Giang\AppData\Local\Programs\MiKTeX 2.9\tex/generic/iftex\if
vtex.sty"
Package: ifvtex 2019/10/25 v1.7 ifvtex legacy package. Use iftex instead.

("C:\Users\Stephen Giang\AppData\Local\Programs\MiKTeX 2.9\tex/generic/iftex\if
tex.sty"
Package: iftex 2020/03/06 v1.0d TeX engine tests
))
\Gm@cnth=\count176
\Gm@cntv=\count177
\c@Gm@tempcnt=\count178
\Gm@bindingoffset=\dimen135
\Gm@wd@mp=\dimen136
\Gm@odd@mp=\dimen137
\Gm@even@mp=\dimen138
\Gm@layoutwidth=\dimen139
\Gm@layoutheight=\dimen140
\Gm@layouthoffset=\dimen141
\Gm@layoutvoffset=\dimen142
\Gm@dimlist=\toks16

("C:\Users\Stephen Giang\AppData\Local\Programs\MiKTeX 2.9\tex/latex/geometry\g
eometry.cfg"))
("C:\Users\Stephen Giang\AppData\Local\Programs\MiKTeX 2.9\tex/latex/amsmath\am
smath.sty"
Package: amsmath 2020/01/20 v2.17e AMS math features
\@mathmargin=\skip49

For additional information on amsmath, use the `?' option.

("C:\Users\Stephen Giang\AppData\Local\Programs\MiKTeX 2.9\tex/latex/amsmath\am
stext.sty"
Package: amstext 2000/06/29 v2.01 AMS text

("C:\Users\Stephen Giang\AppData\Local\Programs\MiKTeX 2.9\tex/latex/amsmath\am
sgen.sty"
File: amsgen.sty 1999/11/30 v2.0 generic functions
\@emptytoks=\toks17
\ex@=\dimen143
))
("C:\Users\Stephen Giang\AppData\Local\Programs\MiKTeX 2.9\tex/latex/amsmath\am
sbsy.sty"
Package: amsbsy 1999/11/29 v1.2d Bold Symbols
\pmbraise@=\dimen144
)
("C:\Users\Stephen Giang\AppData\Local\Programs\MiKTeX 2.9\tex/latex/amsmath\am
sopn.sty"
Package: amsopn 2016/03/08 v2.02 operator names
)
\inf@bad=\count179
LaTeX Info: Redefining \frac on input line 227.
\uproot@=\count180
\leftroot@=\count181
LaTeX Info: Redefining \overline on input line 389.
\classnum@=\count182
\DOTSCASE@=\count183
LaTeX Info: Redefining \ldots on input line 486.
LaTeX Info: Redefining \dots on input line 489.
LaTeX Info: Redefining \cdots on input line 610.
\Mathstrutbox@=\box45
\strutbox@=\box46
\big@size=\dimen145
LaTeX Font Info:    Redeclaring font encoding OML on input line 733.
LaTeX Font Info:    Redeclaring font encoding OMS on input line 734.
\macc@depth=\count184
\c@MaxMatrixCols=\count185
\dotsspace@=\muskip16
\c@parentequation=\count186
\dspbrk@lvl=\count187
\tag@help=\toks18
\row@=\count188
\column@=\count189
\maxfields@=\count190
\andhelp@=\toks19
\eqnshift@=\dimen146
\alignsep@=\dimen147
\tagshift@=\dimen148
\tagwidth@=\dimen149
\totwidth@=\dimen150
\lineht@=\dimen151
\@envbody=\toks20
\multlinegap=\skip50
\multlinetaggap=\skip51
\mathdisplay@stack=\toks21
LaTeX Info: Redefining \[ on input line 2859.
LaTeX Info: Redefining \] on input line 2860.
)
("C:\Users\Stephen Giang\AppData\Local\Programs\MiKTeX 2.9\tex/latex/amsfonts\a
mssymb.sty"
Package: amssymb 2013/01/14 v3.01 AMS font symbols

("C:\Users\Stephen Giang\AppData\Local\Programs\MiKTeX 2.9\tex/latex/amsfonts\a
msfonts.sty"
Package: amsfonts 2013/01/14 v3.01 Basic AMSFonts support
\symAMSa=\mathgroup4
\symAMSb=\mathgroup5
LaTeX Font Info:    Redeclaring math symbol \hbar on input line 98.
LaTeX Font Info:    Overwriting math alphabet `\mathfrak' in version `bold'
(Font)                  U/euf/m/n --> U/euf/b/n on input line 106.
))
("C:\Users\Stephen Giang\AppData\Local\Programs\MiKTeX 2.9\tex/latex/amscls\ams
thm.sty"
Package: amsthm 2020/05/29 v2.20.6
\thm@style=\toks22
\thm@bodyfont=\toks23
\thm@headfont=\toks24
\thm@notefont=\toks25
\thm@headpunct=\toks26
\thm@preskip=\skip52
\thm@postskip=\skip53
\thm@headsep=\skip54
\dth@everypar=\toks27
)
("C:\Users\Stephen Giang\AppData\Local\Programs\MiKTeX 2.9\tex/latex/graphics\g
raphicx.sty"
Package: graphicx 2019/11/30 v1.2a Enhanced LaTeX Graphics (DPC,SPQR)

("C:\Users\Stephen Giang\AppData\Local\Programs\MiKTeX 2.9\tex/latex/graphics\g
raphics.sty"
Package: graphics 2019/11/30 v1.4a Standard LaTeX Graphics (DPC,SPQR)

("C:\Users\Stephen Giang\AppData\Local\Programs\MiKTeX 2.9\tex/latex/graphics\t
rig.sty"
Package: trig 2016/01/03 v1.10 sin cos tan (DPC)
)
("C:\Users\Stephen Giang\AppData\Local\Programs\MiKTeX 2.9\tex/latex/graphics-c
fg\graphics.cfg"
File: graphics.cfg 2016/06/04 v1.11 sample graphics configuration
)
Package graphics Info: Driver file: pdftex.def on input line 105.

("C:\Users\Stephen Giang\AppData\Local\Programs\MiKTeX 2.9\tex/latex/graphics-d
ef\pdftex.def"
File: pdftex.def 2020/08/26 v1.2 Graphics/color driver for pdftex
))
\Gin@req@height=\dimen152
\Gin@req@width=\dimen153
)
("C:\Users\Stephen Giang\AppData\Local\Programs\MiKTeX 2.9\tex/latex/subfig\sub
fig.sty"
Package: subfig 2005/06/28 ver: 1.3 subfig package

("C:\Users\Stephen Giang\AppData\Local\Programs\MiKTeX 2.9\tex/latex/caption\ca
ption.sty"
Package: caption 2020/09/02 v3.5a Customizing captions (AR)

("C:\Users\Stephen Giang\AppData\Local\Programs\MiKTeX 2.9\tex/latex/caption\ca
ption3.sty"
Package: caption3 2020/08/30 v2.0 caption3 kernel (AR)
\captionmargin=\dimen154
\captionmargin@=\dimen155
\captionwidth=\dimen156
\caption@tempdima=\dimen157
\caption@indent=\dimen158
\caption@parindent=\dimen159
\caption@hangindent=\dimen160
Package caption Info: Standard document class detected.
)
\c@caption@flags=\count191
\c@continuedfloat=\count192
)
\c@KVtest=\count193
\sf@farskip=\skip55
\sf@captopadj=\dimen161
\sf@capskip=\skip56
\sf@nearskip=\skip57
\c@subfigure=\count194
\c@subfigure@save=\count195
\c@lofdepth=\count196
\c@subtable=\count197
\c@subtable@save=\count198
\c@lotdepth=\count199
\sf@top=\skip58
\sf@bottom=\skip59
)
("C:\Users\Stephen Giang\AppData\Local\Programs\MiKTeX 2.9\tex/latex/enumitem\e
numitem.sty"
Package: enumitem 2019/06/20 v3.9 Customized lists
\labelindent=\skip60
\enit@outerparindent=\dimen162
\enit@toks=\toks28
\enit@inbox=\box47
\enit@count@id=\count266
\enitdp@description=\count267
)
("C:\Users\Stephen Giang\AppData\Local\Programs\MiKTeX 2.9\tex/latex/url\url.st
y"
\Urlmuskip=\muskip17
Package: url 2013/09/16  ver 3.4  Verb mode for urls, etc.
)
("C:\Users\Stephen Giang\AppData\Local\Programs\MiKTeX 2.9\tex/latex/parskip\pa
rskip.sty"
Package: parskip 2020-06-15 v2.0f non-zero parskip adjustments

("C:\Users\Stephen Giang\AppData\Local\Programs\MiKTeX 2.9\tex/latex/kvoptions\
kvoptions.sty"
Package: kvoptions 2019/11/29 v3.13 Key value format for package options (HO)

("C:\Users\Stephen Giang\AppData\Local\Programs\MiKTeX 2.9\tex/generic/ltxcmds\
ltxcmds.sty"
Package: ltxcmds 2019/12/15 v1.24 LaTeX kernel commands for general use (HO)
)
("C:\Users\Stephen Giang\AppData\Local\Programs\MiKTeX 2.9\tex/generic/kvsetkey
s\kvsetkeys.sty"
Package: kvsetkeys 2019/12/15 v1.18 Key value parser (HO)
))
("C:\Users\Stephen Giang\AppData\Local\Programs\MiKTeX 2.9\tex/latex/etoolbox\e
toolbox.sty"
Package: etoolbox 2020/08/24 v2.5j e-TeX tools for LaTeX (JAW)
\etb@tempcnta=\count268
))
("C:\Users\Stephen Giang\AppData\Local\Programs\MiKTeX 2.9\tex/latex/l3backend\
l3backend-pdftex.def"
File: l3backend-pdftex.def 2020-09-01 L3 backend support: PDF output (pdfTeX)
\l__kernel_color_stack_int=\count269
\l__pdf_internal_box=\box48
) (MidtermPartA.aux)
\openout1 = `MidtermPartA.aux'.

LaTeX Font Info:    Checking defaults for OML/cmm/m/it on input line 17.
LaTeX Font Info:    ... okay on input line 17.
LaTeX Font Info:    Checking defaults for OMS/cmsy/m/n on input line 17.
LaTeX Font Info:    ... okay on input line 17.
LaTeX Font Info:    Checking defaults for OT1/cmr/m/n on input line 17.
LaTeX Font Info:    ... okay on input line 17.
LaTeX Font Info:    Checking defaults for T1/cmr/m/n on input line 17.
LaTeX Font Info:    ... okay on input line 17.
LaTeX Font Info:    Checking defaults for TS1/cmr/m/n on input line 17.
LaTeX Font Info:    ... okay on input line 17.
LaTeX Font Info:    Checking defaults for OMX/cmex/m/n on input line 17.
LaTeX Font Info:    ... okay on input line 17.
LaTeX Font Info:    Checking defaults for U/cmr/m/n on input line 17.
LaTeX Font Info:    ... okay on input line 17.

*geometry* driver: auto-detecting
*geometry* detected driver: pdftex
*geometry* verbose mode - [ preamble ] result:
* driver: pdftex
* paper: <default>
* layout: <same size as paper>
* layoutoffset:(h,v)=(0.0pt,0.0pt)
* modes: 
* h-part:(L,W,R)=(72.26999pt, 469.75502pt, 72.26999pt)
* v-part:(T,H,B)=(72.26999pt, 650.43001pt, 72.26999pt)
* \paperwidth=614.295pt
* \paperheight=794.96999pt
* \textwidth=469.75502pt
* \textheight=650.43001pt
* \oddsidemargin=0.0pt
* \evensidemargin=0.0pt
* \topmargin=-37.0pt
* \headheight=12.0pt
* \headsep=25.0pt
* \topskip=11.0pt
* \footskip=30.0pt
* \marginparwidth=59.0pt
* \marginparsep=10.0pt
* \columnsep=10.0pt
* \skip\footins=10.0pt plus 4.0pt minus 2.0pt
* \hoffset=0.0pt
* \voffset=0.0pt
* \mag=1000
* \@twocolumnfalse
* \@twosidefalse
* \@mparswitchfalse
* \@reversemarginfalse
* (1in=72.27pt=25.4mm, 1cm=28.453pt)


("C:\Users\Stephen Giang\AppData\Local\Programs\MiKTeX 2.9\tex/context/base/mki
i\supp-pdf.mkii"
[Loading MPS to PDF converter (version 2006.09.02).]
\scratchcounter=\count270
\scratchdimen=\dimen163
\scratchbox=\box49
\nofMPsegments=\count271
\nofMParguments=\count272
\everyMPshowfont=\toks29
\MPscratchCnt=\count273
\MPscratchDim=\dimen164
\MPnumerator=\count274
\makeMPintoPDFobject=\count275
\everyMPtoPDFconversion=\toks30
)
("C:\Users\Stephen Giang\AppData\Local\Programs\MiKTeX 2.9\tex/latex/epstopdf-p
kg\epstopdf-base.sty"
Package: epstopdf-base 2020-01-24 v2.11 Base part for package epstopdf
Package epstopdf-base Info: Redefining graphics rule for `.eps' on input line 4
85.
)
Package caption Info: Begin \AtBeginDocument code.
Package caption Info: subfig package v1.3 is loaded.
Package caption Info: End \AtBeginDocument code.
LaTeX Font Info:    Trying to load font information for U+msa on input line 28.


("C:\Users\Stephen Giang\AppData\Local\Programs\MiKTeX 2.9\tex/latex/amsfonts\u
msa.fd"
File: umsa.fd 2013/01/14 v3.01 AMS symbols A
)
LaTeX Font Info:    Trying to load font information for U+msb on input line 28.


("C:\Users\Stephen Giang\AppData\Local\Programs\MiKTeX 2.9\tex/latex/amsfonts\u
msb.fd"
File: umsb.fd 2013/01/14 v3.01 AMS symbols B
)
Underfull \hbox (badness 10000) in paragraph at lines 30--33

 []


Underfull \hbox (badness 10000) in paragraph at lines 30--33

 []


Underfull \hbox (badness 10000) in paragraph at lines 37--40

 []

[1

{C:/Users/Stephen Giang/AppData/Local/MiKTeX/2.9/pdftex/config/pdftex.map}]
Underfull \hbox (badness 10000) in paragraph at lines 50--53

 []


Underfull \hbox (badness 10000) in paragraph at lines 58--61

 []


Underfull \hbox (badness 10000) in paragraph at lines 58--61

 []


Underfull \hbox (badness 10000) in paragraph at lines 58--61

 []

[2]
Underfull \hbox (badness 10000) in paragraph at lines 70--73

 []

[3]
Underfull \hbox (badness 10000) in paragraph at lines 89--92

 []

[4]
Underfull \hbox (badness 10000) in paragraph at lines 108--111

 []


Underfull \hbox (badness 10000) in paragraph at lines 125--135

 []


Underfull \hbox (badness 10000) in paragraph at lines 125--135

 []


Underfull \hbox (badness 10000) in paragraph at lines 125--135

 []


Underfull \hbox (badness 10000) in paragraph at lines 135--138

 []

[5]
Underfull \hbox (badness 10000) in paragraph at lines 161--164

 []


Underfull \hbox (badness 10000) in paragraph at lines 175--178

 []


Underfull \hbox (badness 10000) in paragraph at lines 186--190

 []


Underfull \hbox (badness 10000) in paragraph at lines 230--234

 []

[6] [7]
Underfull \hbox (badness 10000) in paragraph at lines 319--322

 []


Underfull \hbox (badness 10000) in paragraph at lines 339--343

 []


Underfull \hbox (badness 10000) in paragraph at lines 359--366

 []

[8]
Underfull \hbox (badness 10000) in paragraph at lines 397--400

 []


Underfull \hbox (badness 10000) in paragraph at lines 405--409

 []


Underfull \hbox (badness 10000) in paragraph at lines 409--416

 []


Underfull \hbox (badness 10000) in paragraph at lines 419--423

 []

[9]
Underfull \hbox (badness 10000) in paragraph at lines 429--436

 []


Underfull \hbox (badness 10000) in paragraph at lines 429--436

 []


Underfull \hbox (badness 10000) in paragraph at lines 438--442

 []


Underfull \hbox (badness 10000) in paragraph at lines 480--483

 []


Underfull \hbox (badness 10000) in paragraph at lines 480--483

 []


Underfull \hbox (badness 10000) in paragraph at lines 480--483

 []


Underfull \hbox (badness 10000) in paragraph at lines 480--483

 []


Underfull \hbox (badness 10000) in paragraph at lines 487--493

 []


Underfull \hbox (badness 10000) in paragraph at lines 495--499

 []

[10]
Underfull \hbox (badness 10000) in paragraph at lines 544--550

 []


Underfull \hbox (badness 10000) in paragraph at lines 552--556

 []

[11]
Underfull \hbox (badness 10000) in paragraph at lines 620--626

 []


Underfull \hbox (badness 10000) in paragraph at lines 640--644

 []


Overfull \hbox (21.19447pt too wide) detected at line 685
[]
 []

[12]
<Prob4.png, id=55, 689.57625pt x 721.94719pt>
File: Prob4.png Graphic file (type png)
<use Prob4.png>
Package pdftex.def Info: Prob4.png  used on input line 691.
(pdftex.def)             Requested size: 455.24408pt x 476.6188pt.
 [13 <./Prob4.png>] (MidtermPartA.aux) ) 
Here is how much of TeX's memory you used:
 5323 strings out of 481165
 82330 string characters out of 2898225
 344042 words of memory out of 3000000
 20881 multiletter control sequences out of 15000+200000
 544067 words of font info for 62 fonts, out of 3000000 for 9000
 1141 hyphenation exceptions out of 8191
 48i,15n,49p,847b,416s stack positions out of 5000i,500n,10000p,200000b,50000s
<C:/Users/Stephen Giang/AppData/Local/P
rograms/MiKTeX 2.9/fonts/type1/public/amsfonts/cm/cmbsy10.pfb><C:/Users/Stephen
 Giang/AppData/Local/Programs/MiKTeX 2.9/fonts/type1/public/amsfonts/cmextra/cm
bsy8.pfb><C:/Users/Stephen Giang/AppData/Local/Programs/MiKTeX 2.9/fonts/type1/
public/amsfonts/cm/cmbx10.pfb><C:/Users/Stephen Giang/AppData/Local/Programs/Mi
KTeX 2.9/fonts/type1/public/amsfonts/cm/cmex10.pfb><C:/Users/Stephen Giang/AppD
ata/Local/Programs/MiKTeX 2.9/fonts/type1/public/amsfonts/cmextra/cmex8.pfb><C:
/Users/Stephen Giang/AppData/Local/Programs/MiKTeX 2.9/fonts/type1/public/amsfo
nts/cm/cmmi10.pfb><C:/Users/Stephen Giang/AppData/Local/Programs/MiKTeX 2.9/fon
ts/type1/public/amsfonts/cm/cmmi6.pfb><C:/Users/Stephen Giang/AppData/Local/Pro
grams/MiKTeX 2.9/fonts/type1/public/amsfonts/cm/cmmi8.pfb><C:/Users/Stephen Gia
ng/AppData/Local/Programs/MiKTeX 2.9/fonts/type1/public/amsfonts/cm/cmmib10.pfb
><C:/Users/Stephen Giang/AppData/Local/Programs/MiKTeX 2.9/fonts/type1/public/a
msfonts/cmextra/cmmib8.pfb><C:/Users/Stephen Giang/AppData/Local/Programs/MiKTe
X 2.9/fonts/type1/public/amsfonts/cm/cmr10.pfb><C:/Users/Stephen Giang/AppData/
Local/Programs/MiKTeX 2.9/fonts/type1/public/amsfonts/cm/cmr6.pfb><C:/Users/Ste
phen Giang/AppData/Local/Programs/MiKTeX 2.9/fonts/type1/public/amsfonts/cm/cmr
8.pfb><C:/Users/Stephen Giang/AppData/Local/Programs/MiKTeX 2.9/fonts/type1/pub
lic/amsfonts/cm/cmsy10.pfb><C:/Users/Stephen Giang/AppData/Local/Programs/MiKTe
X 2.9/fonts/type1/public/amsfonts/cm/cmsy6.pfb><C:/Users/Stephen Giang/AppData/
Local/Programs/MiKTeX 2.9/fonts/type1/public/amsfonts/cm/cmsy8.pfb>
Output written on MidtermPartA.pdf (13 pages, 237403 bytes).
PDF statistics:
 112 PDF objects out of 1000 (max. 8388607)
 0 named destinations out of 1000 (max. 500000)
 6 words of extra memory for PDF output out of 10000 (max. 10000000)

