This is pdfTeX, Version 3.14159265-2.6-1.40.21 (MiKTeX 20.7) (preloaded format=pdflatex 2020.9.16)  11 OCT 2020 15:23
entering extended mode
**"./Homework 2.tex"
("Homework 2.tex"
LaTeX2e <2020-02-02> patch level 5
L3 programming layer <2020-09-03>
("C:\Users\Stephen Giang\AppData\Local\Programs\MiKTeX 2.9\tex/latex/base\artic
le.cls"
Document Class: article 2019/12/20 v1.4l Standard LaTeX document class

("C:\Users\Stephen Giang\AppData\Local\Programs\MiKTeX 2.9\tex/latex/base\size1
1.clo"
File: size11.clo 2019/12/20 v1.4l Standard LaTeX file (size option)
)
\c@part=\count168
\c@section=\count169
\c@subsection=\count170
\c@subsubsection=\count171
\c@paragraph=\count172
\c@subparagraph=\count173
\c@figure=\count174
\c@table=\count175
\abovecaptionskip=\skip47
\belowcaptionskip=\skip48
\bibindent=\dimen134
)
("C:\Users\Stephen Giang\AppData\Local\Programs\MiKTeX 2.9\tex/latex/geometry\g
eometry.sty"
Package: geometry 2020/01/02 v5.9 Page Geometry

("C:\Users\Stephen Giang\AppData\Local\Programs\MiKTeX 2.9\tex/latex/graphics\k
eyval.sty"
Package: keyval 2014/10/28 v1.15 key=value parser (DPC)
\KV@toks@=\toks15
)
("C:\Users\Stephen Giang\AppData\Local\Programs\MiKTeX 2.9\tex/generic/iftex\if
vtex.sty"
Package: ifvtex 2019/10/25 v1.7 ifvtex legacy package. Use iftex instead.

("C:\Users\Stephen Giang\AppData\Local\Programs\MiKTeX 2.9\tex/generic/iftex\if
tex.sty"
Package: iftex 2020/03/06 v1.0d TeX engine tests
))
\Gm@cnth=\count176
\Gm@cntv=\count177
\c@Gm@tempcnt=\count178
\Gm@bindingoffset=\dimen135
\Gm@wd@mp=\dimen136
\Gm@odd@mp=\dimen137
\Gm@even@mp=\dimen138
\Gm@layoutwidth=\dimen139
\Gm@layoutheight=\dimen140
\Gm@layouthoffset=\dimen141
\Gm@layoutvoffset=\dimen142
\Gm@dimlist=\toks16

("C:\Users\Stephen Giang\AppData\Local\Programs\MiKTeX 2.9\tex/latex/geometry\g
eometry.cfg"))
("C:\Users\Stephen Giang\AppData\Local\Programs\MiKTeX 2.9\tex/latex/amsmath\am
smath.sty"
Package: amsmath 2020/01/20 v2.17e AMS math features
\@mathmargin=\skip49

For additional information on amsmath, use the `?' option.

("C:\Users\Stephen Giang\AppData\Local\Programs\MiKTeX 2.9\tex/latex/amsmath\am
stext.sty"
Package: amstext 2000/06/29 v2.01 AMS text

("C:\Users\Stephen Giang\AppData\Local\Programs\MiKTeX 2.9\tex/latex/amsmath\am
sgen.sty"
File: amsgen.sty 1999/11/30 v2.0 generic functions
\@emptytoks=\toks17
\ex@=\dimen143
))
("C:\Users\Stephen Giang\AppData\Local\Programs\MiKTeX 2.9\tex/latex/amsmath\am
sbsy.sty"
Package: amsbsy 1999/11/29 v1.2d Bold Symbols
\pmbraise@=\dimen144
)
("C:\Users\Stephen Giang\AppData\Local\Programs\MiKTeX 2.9\tex/latex/amsmath\am
sopn.sty"
Package: amsopn 2016/03/08 v2.02 operator names
)
\inf@bad=\count179
LaTeX Info: Redefining \frac on input line 227.
\uproot@=\count180
\leftroot@=\count181
LaTeX Info: Redefining \overline on input line 389.
\classnum@=\count182
\DOTSCASE@=\count183
LaTeX Info: Redefining \ldots on input line 486.
LaTeX Info: Redefining \dots on input line 489.
LaTeX Info: Redefining \cdots on input line 610.
\Mathstrutbox@=\box45
\strutbox@=\box46
\big@size=\dimen145
LaTeX Font Info:    Redeclaring font encoding OML on input line 733.
LaTeX Font Info:    Redeclaring font encoding OMS on input line 734.
\macc@depth=\count184
\c@MaxMatrixCols=\count185
\dotsspace@=\muskip16
\c@parentequation=\count186
\dspbrk@lvl=\count187
\tag@help=\toks18
\row@=\count188
\column@=\count189
\maxfields@=\count190
\andhelp@=\toks19
\eqnshift@=\dimen146
\alignsep@=\dimen147
\tagshift@=\dimen148
\tagwidth@=\dimen149
\totwidth@=\dimen150
\lineht@=\dimen151
\@envbody=\toks20
\multlinegap=\skip50
\multlinetaggap=\skip51
\mathdisplay@stack=\toks21
LaTeX Info: Redefining \[ on input line 2859.
LaTeX Info: Redefining \] on input line 2860.
)
("C:\Users\Stephen Giang\AppData\Local\Programs\MiKTeX 2.9\tex/latex/amsfonts\a
mssymb.sty"
Package: amssymb 2013/01/14 v3.01 AMS font symbols

("C:\Users\Stephen Giang\AppData\Local\Programs\MiKTeX 2.9\tex/latex/amsfonts\a
msfonts.sty"
Package: amsfonts 2013/01/14 v3.01 Basic AMSFonts support
\symAMSa=\mathgroup4
\symAMSb=\mathgroup5
LaTeX Font Info:    Redeclaring math symbol \hbar on input line 98.
LaTeX Font Info:    Overwriting math alphabet `\mathfrak' in version `bold'
(Font)                  U/euf/m/n --> U/euf/b/n on input line 106.
))
("C:\Users\Stephen Giang\AppData\Local\Programs\MiKTeX 2.9\tex/latex/amscls\ams
thm.sty"
Package: amsthm 2020/05/29 v2.20.6
\thm@style=\toks22
\thm@bodyfont=\toks23
\thm@headfont=\toks24
\thm@notefont=\toks25
\thm@headpunct=\toks26
\thm@preskip=\skip52
\thm@postskip=\skip53
\thm@headsep=\skip54
\dth@everypar=\toks27
)
("C:\Users\Stephen Giang\AppData\Local\Programs\MiKTeX 2.9\tex/latex/graphics\g
raphicx.sty"
Package: graphicx 2019/11/30 v1.2a Enhanced LaTeX Graphics (DPC,SPQR)

("C:\Users\Stephen Giang\AppData\Local\Programs\MiKTeX 2.9\tex/latex/graphics\g
raphics.sty"
Package: graphics 2019/11/30 v1.4a Standard LaTeX Graphics (DPC,SPQR)

("C:\Users\Stephen Giang\AppData\Local\Programs\MiKTeX 2.9\tex/latex/graphics\t
rig.sty"
Package: trig 2016/01/03 v1.10 sin cos tan (DPC)
)
("C:\Users\Stephen Giang\AppData\Local\Programs\MiKTeX 2.9\tex/latex/graphics-c
fg\graphics.cfg"
File: graphics.cfg 2016/06/04 v1.11 sample graphics configuration
)
Package graphics Info: Driver file: pdftex.def on input line 105.

("C:\Users\Stephen Giang\AppData\Local\Programs\MiKTeX 2.9\tex/latex/graphics-d
ef\pdftex.def"
File: pdftex.def 2020/08/26 v1.2 Graphics/color driver for pdftex
))
\Gin@req@height=\dimen152
\Gin@req@width=\dimen153
)
("C:\Users\Stephen Giang\AppData\Local\Programs\MiKTeX 2.9\tex/latex/subfig\sub
fig.sty"
Package: subfig 2005/06/28 ver: 1.3 subfig package

("C:\Users\Stephen Giang\AppData\Local\Programs\MiKTeX 2.9\tex/latex/caption\ca
ption.sty"
Package: caption 2020/09/02 v3.5a Customizing captions (AR)

("C:\Users\Stephen Giang\AppData\Local\Programs\MiKTeX 2.9\tex/latex/caption\ca
ption3.sty"
Package: caption3 2020/08/30 v2.0 caption3 kernel (AR)
\captionmargin=\dimen154
\captionmargin@=\dimen155
\captionwidth=\dimen156
\caption@tempdima=\dimen157
\caption@indent=\dimen158
\caption@parindent=\dimen159
\caption@hangindent=\dimen160
Package caption Info: Standard document class detected.
)
\c@caption@flags=\count191
\c@continuedfloat=\count192
)
\c@KVtest=\count193
\sf@farskip=\skip55
\sf@captopadj=\dimen161
\sf@capskip=\skip56
\sf@nearskip=\skip57
\c@subfigure=\count194
\c@subfigure@save=\count195
\c@lofdepth=\count196
\c@subtable=\count197
\c@subtable@save=\count198
\c@lotdepth=\count199
\sf@top=\skip58
\sf@bottom=\skip59
)
("C:\Users\Stephen Giang\AppData\Local\Programs\MiKTeX 2.9\tex/latex/enumitem\e
numitem.sty"
Package: enumitem 2019/06/20 v3.9 Customized lists
\labelindent=\skip60
\enit@outerparindent=\dimen162
\enit@toks=\toks28
\enit@inbox=\box47
\enit@count@id=\count266
\enitdp@description=\count267
)
("C:\Users\Stephen Giang\AppData\Local\Programs\MiKTeX 2.9\tex/latex/url\url.st
y"
\Urlmuskip=\muskip17
Package: url 2013/09/16  ver 3.4  Verb mode for urls, etc.
)
("C:\Users\Stephen Giang\AppData\Local\Programs\MiKTeX 2.9\tex/latex/pdfpages\p
dfpages.sty"
Package: pdfpages 2020/01/28 v0.5q Insert pages of external PDF documents (AM)

("C:\Users\Stephen Giang\AppData\Local\Programs\MiKTeX 2.9\tex/latex/base\ifthe
n.sty"
Package: ifthen 2014/09/29 v1.1c Standard LaTeX ifthen package (DPC)
)
("C:\Users\Stephen Giang\AppData\Local\Programs\MiKTeX 2.9\tex/latex/tools\calc
.sty"
Package: calc 2017/05/25 v4.3 Infix arithmetic (KKT,FJ)
\calc@Acount=\count268
\calc@Bcount=\count269
\calc@Adimen=\dimen163
\calc@Bdimen=\dimen164
\calc@Askip=\skip61
\calc@Bskip=\skip62
LaTeX Info: Redefining \setlength on input line 80.
LaTeX Info: Redefining \addtolength on input line 81.
\calc@Ccount=\count270
\calc@Cskip=\skip63
)
("C:\Users\Stephen Giang\AppData\Local\Programs\MiKTeX 2.9\tex/latex/eso-pic\es
o-pic.sty"
Package: eso-pic 2020/09/27 v2.0i eso-pic (RN)

("C:\Users\Stephen Giang\AppData\Local\Programs\MiKTeX 2.9\tex/generic/atbegshi
\atbegshi.sty"
Package: atbegshi 2019/12/05 v1.19 At begin shipout hook (HO)

("C:\Users\Stephen Giang\AppData\Local\Programs\MiKTeX 2.9\tex/generic/infwarer
r\infwarerr.sty"
Package: infwarerr 2019/12/03 v1.5 Providing info/warning/error messages (HO)
)
("C:\Users\Stephen Giang\AppData\Local\Programs\MiKTeX 2.9\tex/generic/ltxcmds\
ltxcmds.sty"
Package: ltxcmds 2019/12/15 v1.24 LaTeX kernel commands for general use (HO)
))
\ESO@tempdima=\dimen165
\ESO@tempdimb=\dimen166

("C:\Users\Stephen Giang\AppData\Local\Programs\MiKTeX 2.9\tex/latex/xcolor\xco
lor.sty"
Package: xcolor 2016/05/11 v2.12 LaTeX color extensions (UK)

("C:\Users\Stephen Giang\AppData\Local\Programs\MiKTeX 2.9\tex/latex/graphics-c
fg\color.cfg"
File: color.cfg 2016/01/02 v1.6 sample color configuration
)
Package xcolor Info: Driver file: pdftex.def on input line 225.
Package xcolor Info: Model `cmy' substituted by `cmy0' on input line 1348.
Package xcolor Info: Model `hsb' substituted by `rgb' on input line 1352.
Package xcolor Info: Model `RGB' extended on input line 1364.
Package xcolor Info: Model `HTML' substituted by `rgb' on input line 1366.
Package xcolor Info: Model `Hsb' substituted by `hsb' on input line 1367.
Package xcolor Info: Model `tHsb' substituted by `hsb' on input line 1368.
Package xcolor Info: Model `HSB' substituted by `hsb' on input line 1369.
Package xcolor Info: Model `Gray' substituted by `gray' on input line 1370.
Package xcolor Info: Model `wave' substituted by `hsb' on input line 1371.
))
\AM@pagewidth=\dimen167
\AM@pageheight=\dimen168

("C:\Users\Stephen Giang\AppData\Local\Programs\MiKTeX 2.9\tex/latex/pdfpages\p
ppdftex.def"
File: pppdftex.def 2020/01/28 v0.5q Pdfpages driver for pdfTeX (AM)
)
\AM@pagebox=\box48
\AM@global@opts=\toks29
\AM@pagecnt=\count271
\AM@toc@title=\toks30
\c@AM@survey=\count272
\AM@templatesizebox=\box49
)
("C:\Users\Stephen Giang\AppData\Local\Programs\MiKTeX 2.9\tex/latex/listings\l
istings.sty"
\lst@mode=\count273
\lst@gtempboxa=\box50
\lst@token=\toks31
\lst@length=\count274
\lst@currlwidth=\dimen169
\lst@column=\count275
\lst@pos=\count276
\lst@lostspace=\dimen170
\lst@width=\dimen171
\lst@newlines=\count277
\lst@lineno=\count278
\lst@maxwidth=\dimen172

("C:\Users\Stephen Giang\AppData\Local\Programs\MiKTeX 2.9\tex/latex/listings\l
stmisc.sty"
File: lstmisc.sty 2020/03/24 1.8d (Carsten Heinz)
\c@lstnumber=\count279
\lst@skipnumbers=\count280
\lst@framebox=\box51
)
("C:\Users\Stephen Giang\AppData\Local\Programs\MiKTeX 2.9\tex/latex/listings\l
istings.cfg"
File: listings.cfg 2020/03/24 1.8d listings configuration
))
Package: listings 2020/03/24 1.8d (Carsten Heinz)

("C:\Users\Stephen Giang\AppData\Local\Programs\MiKTeX 2.9\tex/latex/parskip\pa
rskip.sty"
Package: parskip 2020-06-15 v2.0f non-zero parskip adjustments

("C:\Users\Stephen Giang\AppData\Local\Programs\MiKTeX 2.9\tex/latex/kvoptions\
kvoptions.sty"
Package: kvoptions 2019/11/29 v3.13 Key value format for package options (HO)

("C:\Users\Stephen Giang\AppData\Local\Programs\MiKTeX 2.9\tex/generic/kvsetkey
s\kvsetkeys.sty"
Package: kvsetkeys 2019/12/15 v1.18 Key value parser (HO)
))
("C:\Users\Stephen Giang\AppData\Local\Programs\MiKTeX 2.9\tex/latex/etoolbox\e
toolbox.sty"
Package: etoolbox 2020/08/24 v2.5j e-TeX tools for LaTeX (JAW)
\etb@tempcnta=\count281
))
("C:\Users\Stephen Giang\AppData\Local\Programs\MiKTeX 2.9\tex/latex/l3backend\
l3backend-pdftex.def"
File: l3backend-pdftex.def 2020-09-01 L3 backend support: PDF output (pdfTeX)
\l__kernel_color_stack_int=\count282
\l__pdf_internal_box=\box52
) ("Homework 2.aux")
\openout1 = `"Homework 2.aux"'.

LaTeX Font Info:    Checking defaults for OML/cmm/m/it on input line 17.
LaTeX Font Info:    ... okay on input line 17.
LaTeX Font Info:    Checking defaults for OMS/cmsy/m/n on input line 17.
LaTeX Font Info:    ... okay on input line 17.
LaTeX Font Info:    Checking defaults for OT1/cmr/m/n on input line 17.
LaTeX Font Info:    ... okay on input line 17.
LaTeX Font Info:    Checking defaults for T1/cmr/m/n on input line 17.
LaTeX Font Info:    ... okay on input line 17.
LaTeX Font Info:    Checking defaults for TS1/cmr/m/n on input line 17.
LaTeX Font Info:    ... okay on input line 17.
LaTeX Font Info:    Checking defaults for OMX/cmex/m/n on input line 17.
LaTeX Font Info:    ... okay on input line 17.
LaTeX Font Info:    Checking defaults for U/cmr/m/n on input line 17.
LaTeX Font Info:    ... okay on input line 17.

*geometry* driver: auto-detecting
*geometry* detected driver: pdftex
*geometry* verbose mode - [ preamble ] result:
* driver: pdftex
* paper: <default>
* layout: <same size as paper>
* layoutoffset:(h,v)=(0.0pt,0.0pt)
* modes: 
* h-part:(L,W,R)=(72.26999pt, 469.75502pt, 72.26999pt)
* v-part:(T,H,B)=(72.26999pt, 650.43001pt, 72.26999pt)
* \paperwidth=614.295pt
* \paperheight=794.96999pt
* \textwidth=469.75502pt
* \textheight=650.43001pt
* \oddsidemargin=0.0pt
* \evensidemargin=0.0pt
* \topmargin=-37.0pt
* \headheight=12.0pt
* \headsep=25.0pt
* \topskip=11.0pt
* \footskip=30.0pt
* \marginparwidth=59.0pt
* \marginparsep=10.0pt
* \columnsep=10.0pt
* \skip\footins=10.0pt plus 4.0pt minus 2.0pt
* \hoffset=0.0pt
* \voffset=0.0pt
* \mag=1000
* \@twocolumnfalse
* \@twosidefalse
* \@mparswitchfalse
* \@reversemarginfalse
* (1in=72.27pt=25.4mm, 1cm=28.453pt)


("C:\Users\Stephen Giang\AppData\Local\Programs\MiKTeX 2.9\tex/context/base/mki
i\supp-pdf.mkii"
[Loading MPS to PDF converter (version 2006.09.02).]
\scratchcounter=\count283
\scratchdimen=\dimen173
\scratchbox=\box53
\nofMPsegments=\count284
\nofMParguments=\count285
\everyMPshowfont=\toks32
\MPscratchCnt=\count286
\MPscratchDim=\dimen174
\MPnumerator=\count287
\makeMPintoPDFobject=\count288
\everyMPtoPDFconversion=\toks33
)
("C:\Users\Stephen Giang\AppData\Local\Programs\MiKTeX 2.9\tex/latex/epstopdf-p
kg\epstopdf-base.sty"
Package: epstopdf-base 2020-01-24 v2.11 Base part for package epstopdf
Package epstopdf-base Info: Redefining graphics rule for `.eps' on input line 4
85.
)
Package caption Info: Begin \AtBeginDocument code.
Package caption Info: subfig package v1.3 is loaded.
Package caption Info: listings package is loaded.
Package caption Info: End \AtBeginDocument code.
\AtBeginShipoutBox=\box54

("C:\Users\Stephen Giang\AppData\Local\Programs\MiKTeX 2.9\tex/latex/pdflscape\
pdflscape.sty"
Package: pdflscape 2019/12/05 v0.12 Display of landscape pages in PDF (HO)

("C:\Users\Stephen Giang\AppData\Local\Programs\MiKTeX 2.9\tex/latex/graphics\l
scape.sty"
Package: lscape 2000/10/22 v3.01 Landscape Pages (DPC)
)
Package pdflscape Info: Auto-detected driver: pdftex on input line 81.
)
\c@lstlisting=\count289


pdfTeX warning: pdflatex.exe (file ./GradingSheet.pdf): PDF inclusion: found PD
F version <1.7>, but at most version <1.5> allowed
<GradingSheet.pdf, id=1, 614.295pt x 794.97pt>
File: GradingSheet.pdf Graphic file (type pdf)
<use GradingSheet.pdf>
Package pdftex.def Info: GradingSheet.pdf  used on input line 18.
(pdftex.def)             Requested size: 614.29349pt x 794.96806pt.


pdfTeX warning: pdflatex.exe (file ./GradingSheet.pdf): PDF inclusion: found PD
F version <1.7>, but at most version <1.5> allowed
File: GradingSheet.pdf Graphic file (type pdf)
<use GradingSheet.pdf>
Package pdftex.def Info: GradingSheet.pdf  used on input line 18.
(pdftex.def)             Requested size: 614.29349pt x 794.96806pt.


pdfTeX warning: pdflatex.exe (file ./GradingSheet.pdf): PDF inclusion: found PD
F version <1.7>, but at most version <1.5> allowed


pdfTeX warning: pdflatex.exe (file ./GradingSheet.pdf): PDF inclusion: found PD
F version <1.7>, but at most version <1.5> allowed
<GradingSheet.pdf, id=4, page=1, 614.295pt x 794.97pt>
File: GradingSheet.pdf Graphic file (type pdf)
<use GradingSheet.pdf, page 1>
Package pdftex.def Info: GradingSheet.pdf , page1 used on input line 18.
(pdftex.def)             Requested size: 614.29349pt x 794.96806pt.
File: GradingSheet.pdf Graphic file (type pdf)
<use GradingSheet.pdf, page 1>
Package pdftex.def Info: GradingSheet.pdf , page1 used on input line 18.
(pdftex.def)             Requested size: 614.58406pt x 795.3441pt.
File: GradingSheet.pdf Graphic file (type pdf)
<use GradingSheet.pdf, page 1>
Package pdftex.def Info: GradingSheet.pdf , page1 used on input line 18.
(pdftex.def)             Requested size: 614.58406pt x 795.3441pt.
File: GradingSheet.pdf Graphic file (type pdf)
<use GradingSheet.pdf, page 1>
Package pdftex.def Info: GradingSheet.pdf , page1 used on input line 18.
(pdftex.def)             Requested size: 614.58406pt x 795.3441pt.
File: GradingSheet.pdf Graphic file (type pdf)
<use GradingSheet.pdf, page 1>
Package pdftex.def Info: GradingSheet.pdf , page1 used on input line 18.
(pdftex.def)             Requested size: 614.58406pt x 795.3441pt.
[1

 <./GradingSheet.pdf>]
LaTeX Font Info:    Trying to load font information for U+msa on input line 28.


("C:\Users\Stephen Giang\AppData\Local\Programs\MiKTeX 2.9\tex/latex/amsfonts\u
msa.fd"
File: umsa.fd 2013/01/14 v3.01 AMS symbols A
)
LaTeX Font Info:    Trying to load font information for U+msb on input line 28.


("C:\Users\Stephen Giang\AppData\Local\Programs\MiKTeX 2.9\tex/latex/amsfonts\u
msb.fd"
File: umsb.fd 2013/01/14 v3.01 AMS symbols B
)
Underfull \hbox (badness 10000) in paragraph at lines 27--41

 []


Underfull \hbox (badness 10000) in paragraph at lines 27--41

 []


Underfull \hbox (badness 10000) in paragraph at lines 27--41

 []


Underfull \hbox (badness 10000) in paragraph at lines 27--41

 []


Underfull \hbox (badness 10000) in paragraph at lines 27--41

 []


Underfull \hbox (badness 10000) in paragraph at lines 27--41

 []

[2{C:/Users/Stephen Giang/AppData/Local/MiKTeX/2.9/pdftex/config/pdftex.map}]
Underfull \hbox (badness 10000) in paragraph at lines 43--45

 []

Package epstopdf Info: Source file: <Matlab/F2.eps>
(epstopdf)                    date: 2020-10-11 15:11:22
(epstopdf)                    size: 38959 bytes
(epstopdf)             Output file: <Matlab/F2-eps-converted-to.pdf>
(epstopdf)                    date: 2020-10-11 15:12:48
(epstopdf)                    size: 9601 bytes
(epstopdf)             Command: <epstopdf --outfile=Matlab/F2-eps-converted-to.
pdf Matlab/F2.eps>
(epstopdf)             \includegraphics on input line 55.
Package epstopdf Info: Output file is already uptodate.


pdfTeX warning: pdflatex.exe (file ./Matlab/F2-eps-converted-to.pdf): PDF inclu
sion: found PDF version <1.7>, but at most version <1.5> allowed
<Matlab/F2-eps-converted-to.pdf, id=42, 421.575pt x 316.18124pt>
File: Matlab/F2-eps-converted-to.pdf Graphic file (type pdf)
<use Matlab/F2-eps-converted-to.pdf>
Package pdftex.def Info: Matlab/F2-eps-converted-to.pdf  used on input line 55.

(pdftex.def)             Requested size: 256.0748pt x 192.05975pt.
Package epstopdf Info: Source file: <Matlab/G2.eps>
(epstopdf)                    date: 2020-10-11 15:11:12
(epstopdf)                    size: 27529 bytes
(epstopdf)             Output file: <Matlab/G2-eps-converted-to.pdf>
(epstopdf)                    date: 2020-10-11 15:12:50
(epstopdf)                    size: 8908 bytes
(epstopdf)             Command: <epstopdf --outfile=Matlab/G2-eps-converted-to.
pdf Matlab/G2.eps>
(epstopdf)             \includegraphics on input line 56.
Package epstopdf Info: Output file is already uptodate.


pdfTeX warning: pdflatex.exe (file ./Matlab/G2-eps-converted-to.pdf): PDF inclu
sion: found PDF version <1.7>, but at most version <1.5> allowed
<Matlab/G2-eps-converted-to.pdf, id=43, 421.575pt x 316.18124pt>
File: Matlab/G2-eps-converted-to.pdf Graphic file (type pdf)
<use Matlab/G2-eps-converted-to.pdf>
Package pdftex.def Info: Matlab/G2-eps-converted-to.pdf  used on input line 56.

(pdftex.def)             Requested size: 256.0748pt x 192.05975pt.

Overfull \hbox (44.82791pt too wide) in paragraph at lines 55--57
[][] [] 
 []


Underfull \hbox (badness 10000) in paragraph at lines 48--60

 []


Underfull \hbox (badness 10000) in paragraph at lines 48--60

 []

[3 <./Matlab/F2-eps-converted-to.pdf> <./Matlab/G2-eps-converted-to.pdf>]
Underfull \hbox (badness 10000) in paragraph at lines 68--72

 []


Underfull \hbox (badness 10000) in paragraph at lines 72--76

 []

Package epstopdf Info: Source file: <Matlab/H3.eps>
(epstopdf)                    date: 2020-10-11 15:12:28
(epstopdf)                    size: 63088 bytes
(epstopdf)             Output file: <Matlab/H3-eps-converted-to.pdf>
(epstopdf)                    date: 2020-10-11 15:12:51
(epstopdf)                    size: 10066 bytes
(epstopdf)             Command: <epstopdf --outfile=Matlab/H3-eps-converted-to.
pdf Matlab/H3.eps>
(epstopdf)             \includegraphics on input line 88.
Package epstopdf Info: Output file is already uptodate.


pdfTeX warning: pdflatex.exe (file ./Matlab/H3-eps-converted-to.pdf): PDF inclu
sion: found PDF version <1.7>, but at most version <1.5> allowed
<Matlab/H3-eps-converted-to.pdf, id=64, 421.575pt x 316.18124pt>
File: Matlab/H3-eps-converted-to.pdf Graphic file (type pdf)
<use Matlab/H3-eps-converted-to.pdf>
Package pdftex.def Info: Matlab/H3-eps-converted-to.pdf  used on input line 88.

(pdftex.def)             Requested size: 256.07967pt x 177.8322pt.
Package epstopdf Info: Source file: <Matlab/G3.eps>
(epstopdf)                    date: 2020-10-11 15:12:36
(epstopdf)                    size: 62686 bytes
(epstopdf)             Output file: <Matlab/G3-eps-converted-to.pdf>
(epstopdf)                    date: 2020-10-11 15:12:53
(epstopdf)                    size: 11170 bytes
(epstopdf)             Command: <epstopdf --outfile=Matlab/G3-eps-converted-to.
pdf Matlab/G3.eps>
(epstopdf)             \includegraphics on input line 89.
Package epstopdf Info: Output file is already uptodate.


pdfTeX warning: pdflatex.exe (file ./Matlab/G3-eps-converted-to.pdf): PDF inclu
sion: found PDF version <1.7>, but at most version <1.5> allowed
<Matlab/G3-eps-converted-to.pdf, id=65, 421.575pt x 316.18124pt>
File: Matlab/G3-eps-converted-to.pdf Graphic file (type pdf)
<use Matlab/G3-eps-converted-to.pdf>
Package pdftex.def Info: Matlab/G3-eps-converted-to.pdf  used on input line 89.

(pdftex.def)             Requested size: 256.07967pt x 177.8322pt.

Overfull \hbox (44.83765pt too wide) in paragraph at lines 88--90
[][] [] 
 []

[4 <./Matlab/H3-eps-converted-to.pdf> <./Matlab/G3-eps-converted-to.pdf>]
<Photos/A.jpg, id=85, 97.5645pt x 92.3085pt>
File: Photos/A.jpg Graphic file (type jpg)
<use Photos/A.jpg>
Package pdftex.def Info: Photos/A.jpg  used on input line 98.
(pdftex.def)             Requested size: 113.81204pt x 113.81482pt.
<Photos/B.jpg, id=86, 99.207pt x 93.6225pt>
File: Photos/B.jpg Graphic file (type jpg)
<use Photos/B.jpg>
Package pdftex.def Info: Photos/B.jpg  used on input line 99.
(pdftex.def)             Requested size: 113.81467pt x 113.8164pt.
<Photos/C.jpg, id=87, 98.55pt x 93.294pt>
File: Photos/C.jpg Graphic file (type jpg)
<use Photos/C.jpg>
Package pdftex.def Info: Photos/C.jpg  used on input line 100.
(pdftex.def)             Requested size: 113.81432pt x 113.81564pt.
<Photos/D.jpg, id=88, 169.38281pt x 169.38281pt>
File: Photos/D.jpg Graphic file (type jpg)
<use Photos/D.jpg>
Package pdftex.def Info: Photos/D.jpg  used on input line 101.
(pdftex.def)             Requested size: 113.81412pt x 113.81412pt.

Underfull \hbox (badness 10000) in paragraph at lines 94--109

 []


Underfull \hbox (badness 10000) in paragraph at lines 94--109

 []


Underfull \hbox (badness 10000) in paragraph at lines 94--109

 []



pdfTeX warning: pdflatex.exe (file ./Matlab/similarPDF.pdf): PDF inclusion: fou
nd PDF version <1.7>, but at most version <1.5> allowed
<Matlab/similarPDF.pdf, id=89, 614.295pt x 794.97pt>
File: Matlab/similarPDF.pdf Graphic file (type pdf)
<use Matlab/similarPDF.pdf>
Package pdftex.def Info: Matlab/similarPDF.pdf  used on input line 115.
(pdftex.def)             Requested size: 614.29349pt x 794.96806pt.


pdfTeX warning: pdflatex.exe (file ./Matlab/similarPDF.pdf): PDF inclusion: fou
nd PDF version <1.7>, but at most version <1.5> allowed
File: Matlab/similarPDF.pdf Graphic file (type pdf)
<use Matlab/similarPDF.pdf>
Package pdftex.def Info: Matlab/similarPDF.pdf  used on input line 115.
(pdftex.def)             Requested size: 614.29349pt x 794.96806pt.


pdfTeX warning: pdflatex.exe (file ./Matlab/similarPDF.pdf): PDF inclusion: fou
nd PDF version <1.7>, but at most version <1.5> allowed


pdfTeX warning: pdflatex.exe (file ./Matlab/similarPDF.pdf): PDF inclusion: fou
nd PDF version <1.7>, but at most version <1.5> allowed
<Matlab/similarPDF.pdf, id=92, page=1, 614.295pt x 794.97pt>
File: Matlab/similarPDF.pdf Graphic file (type pdf)
<use Matlab/similarPDF.pdf, page 1>
Package pdftex.def Info: Matlab/similarPDF.pdf , page1 used on input line 115.
(pdftex.def)             Requested size: 614.29349pt x 794.96806pt.
File: Matlab/similarPDF.pdf Graphic file (type pdf)
<use Matlab/similarPDF.pdf, page 1>
Package pdftex.def Info: Matlab/similarPDF.pdf , page1 used on input line 115.
(pdftex.def)             Requested size: 614.58406pt x 795.3441pt.
[5 <./Photos/A.jpg> <./Photos/B.jpg> <./Photos/C.jpg> <./Photos/D.jpg>]
File: Matlab/similarPDF.pdf Graphic file (type pdf)
<use Matlab/similarPDF.pdf, page 1>
Package pdftex.def Info: Matlab/similarPDF.pdf , page1 used on input line 115.
(pdftex.def)             Requested size: 614.58406pt x 795.3441pt.
File: Matlab/similarPDF.pdf Graphic file (type pdf)
<use Matlab/similarPDF.pdf, page 1>
Package pdftex.def Info: Matlab/similarPDF.pdf , page1 used on input line 115.
(pdftex.def)             Requested size: 614.58406pt x 795.3441pt.
File: Matlab/similarPDF.pdf Graphic file (type pdf)
<use Matlab/similarPDF.pdf, page 1>
Package pdftex.def Info: Matlab/similarPDF.pdf , page1 used on input line 115.
(pdftex.def)             Requested size: 614.58406pt x 795.3441pt.

[6 <./Matlab/similarPDF.pdf>]

pdfTeX warning: pdflatex.exe (file ./Matlab/prob4PDF.pdf): PDF inclusion: found
 PDF version <1.7>, but at most version <1.5> allowed
<Matlab/prob4PDF.pdf, id=108, 614.295pt x 794.97pt>
File: Matlab/prob4PDF.pdf Graphic file (type pdf)
<use Matlab/prob4PDF.pdf>
Package pdftex.def Info: Matlab/prob4PDF.pdf  used on input line 116.
(pdftex.def)             Requested size: 614.29349pt x 794.96806pt.


pdfTeX warning: pdflatex.exe (file ./Matlab/prob4PDF.pdf): PDF inclusion: found
 PDF version <1.7>, but at most version <1.5> allowed
File: Matlab/prob4PDF.pdf Graphic file (type pdf)
<use Matlab/prob4PDF.pdf>
Package pdftex.def Info: Matlab/prob4PDF.pdf  used on input line 116.
(pdftex.def)             Requested size: 614.29349pt x 794.96806pt.


pdfTeX warning: pdflatex.exe (file ./Matlab/prob4PDF.pdf): PDF inclusion: found
 PDF version <1.7>, but at most version <1.5> allowed


pdfTeX warning: pdflatex.exe (file ./Matlab/prob4PDF.pdf): PDF inclusion: found
 PDF version <1.7>, but at most version <1.5> allowed
<Matlab/prob4PDF.pdf, id=111, page=1, 614.295pt x 794.97pt>
File: Matlab/prob4PDF.pdf Graphic file (type pdf)
<use Matlab/prob4PDF.pdf, page 1>
Package pdftex.def Info: Matlab/prob4PDF.pdf , page1 used on input line 116.
(pdftex.def)             Requested size: 614.29349pt x 794.96806pt.
File: Matlab/prob4PDF.pdf Graphic file (type pdf)
<use Matlab/prob4PDF.pdf, page 1>
Package pdftex.def Info: Matlab/prob4PDF.pdf , page1 used on input line 116.
(pdftex.def)             Requested size: 614.58406pt x 795.3441pt.
File: Matlab/prob4PDF.pdf Graphic file (type pdf)
<use Matlab/prob4PDF.pdf, page 1>
Package pdftex.def Info: Matlab/prob4PDF.pdf , page1 used on input line 116.
(pdftex.def)             Requested size: 614.58406pt x 795.3441pt.
File: Matlab/prob4PDF.pdf Graphic file (type pdf)
<use Matlab/prob4PDF.pdf, page 1>
Package pdftex.def Info: Matlab/prob4PDF.pdf , page1 used on input line 116.
(pdftex.def)             Requested size: 614.58406pt x 795.3441pt.
File: Matlab/prob4PDF.pdf Graphic file (type pdf)
<use Matlab/prob4PDF.pdf, page 1>
Package pdftex.def Info: Matlab/prob4PDF.pdf , page1 used on input line 116.
(pdftex.def)             Requested size: 614.58406pt x 795.3441pt.
[7 <./Matlab/prob4PDF.pdf>]
LaTeX Font Info:    Trying to load font information for OMS+cmr on input line 1
22.

("C:\Users\Stephen Giang\AppData\Local\Programs\MiKTeX 2.9\tex/latex/base\omscm
r.fd"
File: omscmr.fd 2019/12/16 v2.5j Standard LaTeX font definitions
)
LaTeX Font Info:    Font shape `OMS/cmr/m/n' in size <10.95> not available
(Font)              Font shape `OMS/cmsy/m/n' tried instead on input line 122.
Package epstopdf Info: Source file: <Matlab/Bird1.eps>
(epstopdf)                    date: 2020-10-07 20:20:23
(epstopdf)                    size: 203168 bytes
(epstopdf)             Output file: <Matlab/Bird1-eps-converted-to.pdf>
(epstopdf)                    date: 2020-10-10 18:00:06
(epstopdf)                    size: 51078 bytes
(epstopdf)             Command: <epstopdf --outfile=Matlab/Bird1-eps-converted-
to.pdf Matlab/Bird1.eps>
(epstopdf)             \includegraphics on input line 127.
Package epstopdf Info: Output file is already uptodate.


pdfTeX warning: pdflatex.exe (file ./Matlab/Bird1-eps-converted-to.pdf): PDF in
clusion: found PDF version <1.7>, but at most version <1.5> allowed
<Matlab/Bird1-eps-converted-to.pdf, id=125, 324.21124pt x 262.9825pt>
File: Matlab/Bird1-eps-converted-to.pdf Graphic file (type pdf)
<use Matlab/Bird1-eps-converted-to.pdf>
Package pdftex.def Info: Matlab/Bird1-eps-converted-to.pdf  used on input line 
127.
(pdftex.def)             Requested size: 324.21045pt x 262.98184pt.
Package epstopdf Info: Source file: <Matlab/Bird2.eps>
(epstopdf)                    date: 2020-10-10 18:09:50
(epstopdf)                    size: 618149 bytes
(epstopdf)             Output file: <Matlab/Bird2-eps-converted-to.pdf>
(epstopdf)                    date: 2020-10-10 18:11:25
(epstopdf)                    size: 283760 bytes
(epstopdf)             Command: <epstopdf --outfile=Matlab/Bird2-eps-converted-
to.pdf Matlab/Bird2.eps>
(epstopdf)             \includegraphics on input line 131.
Package epstopdf Info: Output file is already uptodate.


pdfTeX warning: pdflatex.exe (file ./Matlab/Bird2-eps-converted-to.pdf): PDF in
clusion: found PDF version <1.7>, but at most version <1.5> allowed
<Matlab/Bird2-eps-converted-to.pdf, id=126, 516.93124pt x 455.7025pt>
File: Matlab/Bird2-eps-converted-to.pdf Graphic file (type pdf)
<use Matlab/Bird2-eps-converted-to.pdf>
Package pdftex.def Info: Matlab/Bird2-eps-converted-to.pdf  used on input line 
131.
(pdftex.def)             Requested size: 516.92998pt x 455.70137pt.

Overfull \hbox (47.17496pt too wide) in paragraph at lines 131--132
 [][] 
 []



pdfTeX warning: pdflatex.exe (file ./Matlab/Bird3PDF.pdf): PDF inclusion: found
 PDF version <1.7>, but at most version <1.5> allowed
<Matlab/Bird3PDF.pdf, id=127, 614.295pt x 794.97pt>
File: Matlab/Bird3PDF.pdf Graphic file (type pdf)
<use Matlab/Bird3PDF.pdf>
Package pdftex.def Info: Matlab/Bird3PDF.pdf  used on input line 133.
(pdftex.def)             Requested size: 614.29349pt x 794.96806pt.


pdfTeX warning: pdflatex.exe (file ./Matlab/Bird3PDF.pdf): PDF inclusion: found
 PDF version <1.7>, but at most version <1.5> allowed
File: Matlab/Bird3PDF.pdf Graphic file (type pdf)
<use Matlab/Bird3PDF.pdf>
Package pdftex.def Info: Matlab/Bird3PDF.pdf  used on input line 133.
(pdftex.def)             Requested size: 614.29349pt x 794.96806pt.


pdfTeX warning: pdflatex.exe (file ./Matlab/Bird3PDF.pdf): PDF inclusion: found
 PDF version <1.7>, but at most version <1.5> allowed


pdfTeX warning: pdflatex.exe (file ./Matlab/Bird3PDF.pdf): PDF inclusion: found
 PDF version <1.7>, but at most version <1.5> allowed
<Matlab/Bird3PDF.pdf, id=130, page=1, 614.295pt x 794.97pt>
File: Matlab/Bird3PDF.pdf Graphic file (type pdf)
<use Matlab/Bird3PDF.pdf, page 1>
Package pdftex.def Info: Matlab/Bird3PDF.pdf , page1 used on input line 133.
(pdftex.def)             Requested size: 614.29349pt x 794.96806pt.
File: Matlab/Bird3PDF.pdf Graphic file (type pdf)
<use Matlab/Bird3PDF.pdf, page 1>
Package pdftex.def Info: Matlab/Bird3PDF.pdf , page1 used on input line 133.
(pdftex.def)             Requested size: 614.58406pt x 795.3441pt.

Underfull \hbox (badness 10000) in paragraph at lines 119--133

 []


Underfull \hbox (badness 10000) in paragraph at lines 119--133

 []

[8 <./Matlab/Bird1-eps-converted-to.pdf>] [9 <./Matlab/Bird2-eps-converted-to.p
df>]
File: Matlab/Bird3PDF.pdf Graphic file (type pdf)
<use Matlab/Bird3PDF.pdf, page 1>
Package pdftex.def Info: Matlab/Bird3PDF.pdf , page1 used on input line 133.
(pdftex.def)             Requested size: 614.58406pt x 795.3441pt.
File: Matlab/Bird3PDF.pdf Graphic file (type pdf)
<use Matlab/Bird3PDF.pdf, page 1>
Package pdftex.def Info: Matlab/Bird3PDF.pdf , page1 used on input line 133.
(pdftex.def)             Requested size: 614.58406pt x 795.3441pt.
File: Matlab/Bird3PDF.pdf Graphic file (type pdf)
<use Matlab/Bird3PDF.pdf, page 1>
Package pdftex.def Info: Matlab/Bird3PDF.pdf , page1 used on input line 133.
(pdftex.def)             Requested size: 614.58406pt x 795.3441pt.
 [10 <./Matlab/Bird3PDF.pdf>]

pdfTeX warning: pdflatex.exe (file ./Matlab/bilinearInterplPDF.pdf): PDF inclus
ion: found PDF version <1.7>, but at most version <1.5> allowed
<Matlab/bilinearInterplPDF.pdf, id=152, 614.295pt x 794.97pt>
File: Matlab/bilinearInterplPDF.pdf Graphic file (type pdf)
<use Matlab/bilinearInterplPDF.pdf>
Package pdftex.def Info: Matlab/bilinearInterplPDF.pdf  used on input line 134.

(pdftex.def)             Requested size: 614.29349pt x 794.96806pt.


pdfTeX warning: pdflatex.exe (file ./Matlab/bilinearInterplPDF.pdf): PDF inclus
ion: found PDF version <1.7>, but at most version <1.5> allowed
File: Matlab/bilinearInterplPDF.pdf Graphic file (type pdf)
<use Matlab/bilinearInterplPDF.pdf>
Package pdftex.def Info: Matlab/bilinearInterplPDF.pdf  used on input line 134.

(pdftex.def)             Requested size: 614.29349pt x 794.96806pt.


pdfTeX warning: pdflatex.exe (file ./Matlab/bilinearInterplPDF.pdf): PDF inclus
ion: found PDF version <1.7>, but at most version <1.5> allowed


pdfTeX warning: pdflatex.exe (file ./Matlab/bilinearInterplPDF.pdf): PDF inclus
ion: found PDF version <1.7>, but at most version <1.5> allowed
<Matlab/bilinearInterplPDF.pdf, id=155, page=1, 614.295pt x 794.97pt>
File: Matlab/bilinearInterplPDF.pdf Graphic file (type pdf)
<use Matlab/bilinearInterplPDF.pdf, page 1>
Package pdftex.def Info: Matlab/bilinearInterplPDF.pdf , page1 used on input li
ne 134.
(pdftex.def)             Requested size: 614.29349pt x 794.96806pt.
File: Matlab/bilinearInterplPDF.pdf Graphic file (type pdf)
<use Matlab/bilinearInterplPDF.pdf, page 1>
Package pdftex.def Info: Matlab/bilinearInterplPDF.pdf , page1 used on input li
ne 134.
(pdftex.def)             Requested size: 614.58406pt x 795.3441pt.
File: Matlab/bilinearInterplPDF.pdf Graphic file (type pdf)
<use Matlab/bilinearInterplPDF.pdf, page 1>
Package pdftex.def Info: Matlab/bilinearInterplPDF.pdf , page1 used on input li
ne 134.
(pdftex.def)             Requested size: 614.58406pt x 795.3441pt.
File: Matlab/bilinearInterplPDF.pdf Graphic file (type pdf)
<use Matlab/bilinearInterplPDF.pdf, page 1>
Package pdftex.def Info: Matlab/bilinearInterplPDF.pdf , page1 used on input li
ne 134.
(pdftex.def)             Requested size: 614.58406pt x 795.3441pt.
File: Matlab/bilinearInterplPDF.pdf Graphic file (type pdf)
<use Matlab/bilinearInterplPDF.pdf, page 1>
Package pdftex.def Info: Matlab/bilinearInterplPDF.pdf , page1 used on input li
ne 134.
(pdftex.def)             Requested size: 614.58406pt x 795.3441pt.
[11 <./Matlab/bilinearInterplPDF.pdf>]

pdfTeX warning: pdflatex.exe (file ./Matlab/bilinearInterplPDF.pdf): PDF inclus
ion: found PDF version <1.7>, but at most version <1.5> allowed
<Matlab/bilinearInterplPDF.pdf, id=168, page=2, 614.295pt x 794.97pt>
File: Matlab/bilinearInterplPDF.pdf Graphic file (type pdf)
<use Matlab/bilinearInterplPDF.pdf, page 2>
Package pdftex.def Info: Matlab/bilinearInterplPDF.pdf , page2 used on input li
ne 134.
(pdftex.def)             Requested size: 614.58406pt x 795.3441pt.
File: Matlab/bilinearInterplPDF.pdf Graphic file (type pdf)
<use Matlab/bilinearInterplPDF.pdf, page 2>
Package pdftex.def Info: Matlab/bilinearInterplPDF.pdf , page2 used on input li
ne 134.
(pdftex.def)             Requested size: 614.58406pt x 795.3441pt.
File: Matlab/bilinearInterplPDF.pdf Graphic file (type pdf)
<use Matlab/bilinearInterplPDF.pdf, page 2>
Package pdftex.def Info: Matlab/bilinearInterplPDF.pdf , page2 used on input li
ne 134.
(pdftex.def)             Requested size: 614.58406pt x 795.3441pt.
[12 <./Matlab/bilinearInterplPDF.pdf>]

pdfTeX warning: pdflatex.exe (file ./Matlab/prob5PDF.pdf): PDF inclusion: found
 PDF version <1.7>, but at most version <1.5> allowed
<Matlab/prob5PDF.pdf, id=172, 614.295pt x 794.97pt>
File: Matlab/prob5PDF.pdf Graphic file (type pdf)
<use Matlab/prob5PDF.pdf>
Package pdftex.def Info: Matlab/prob5PDF.pdf  used on input line 135.
(pdftex.def)             Requested size: 614.29349pt x 794.96806pt.


pdfTeX warning: pdflatex.exe (file ./Matlab/prob5PDF.pdf): PDF inclusion: found
 PDF version <1.7>, but at most version <1.5> allowed
File: Matlab/prob5PDF.pdf Graphic file (type pdf)
<use Matlab/prob5PDF.pdf>
Package pdftex.def Info: Matlab/prob5PDF.pdf  used on input line 135.
(pdftex.def)             Requested size: 614.29349pt x 794.96806pt.


pdfTeX warning: pdflatex.exe (file ./Matlab/prob5PDF.pdf): PDF inclusion: found
 PDF version <1.7>, but at most version <1.5> allowed


pdfTeX warning: pdflatex.exe (file ./Matlab/prob5PDF.pdf): PDF inclusion: found
 PDF version <1.7>, but at most version <1.5> allowed
<Matlab/prob5PDF.pdf, id=175, page=1, 614.295pt x 794.97pt>
File: Matlab/prob5PDF.pdf Graphic file (type pdf)
<use Matlab/prob5PDF.pdf, page 1>
Package pdftex.def Info: Matlab/prob5PDF.pdf , page1 used on input line 135.
(pdftex.def)             Requested size: 614.29349pt x 794.96806pt.
File: Matlab/prob5PDF.pdf Graphic file (type pdf)
<use Matlab/prob5PDF.pdf, page 1>
Package pdftex.def Info: Matlab/prob5PDF.pdf , page1 used on input line 135.
(pdftex.def)             Requested size: 614.58406pt x 795.3441pt.
File: Matlab/prob5PDF.pdf Graphic file (type pdf)
<use Matlab/prob5PDF.pdf, page 1>
Package pdftex.def Info: Matlab/prob5PDF.pdf , page1 used on input line 135.
(pdftex.def)             Requested size: 614.58406pt x 795.3441pt.
File: Matlab/prob5PDF.pdf Graphic file (type pdf)
<use Matlab/prob5PDF.pdf, page 1>
Package pdftex.def Info: Matlab/prob5PDF.pdf , page1 used on input line 135.
(pdftex.def)             Requested size: 614.58406pt x 795.3441pt.
File: Matlab/prob5PDF.pdf Graphic file (type pdf)
<use Matlab/prob5PDF.pdf, page 1>
Package pdftex.def Info: Matlab/prob5PDF.pdf , page1 used on input line 135.
(pdftex.def)             Requested size: 614.58406pt x 795.3441pt.
[13 <./Matlab/prob5PDF.pdf>] ("Homework 2.aux") ) 
Here is how much of TeX's memory you used:
 8141 strings out of 481165
 125597 string characters out of 2898225
 380476 words of memory out of 3000000
 23628 multiletter control sequences out of 15000+200000
 540044 words of font info for 48 fonts, out of 3000000 for 9000
 1141 hyphenation exceptions out of 8191
 48i,18n,49p,847b,458s stack positions out of 5000i,500n,10000p,200000b,50000s
<C:/Users/Stephen Giang/AppDat
a/Local/Programs/MiKTeX 2.9/fonts/type1/public/amsfonts/cm/cmbx10.pfb><C:/Users
/Stephen Giang/AppData/Local/Programs/MiKTeX 2.9/fonts/type1/public/amsfonts/cm
/cmex10.pfb><C:/Users/Stephen Giang/AppData/Local/Programs/MiKTeX 2.9/fonts/typ
e1/public/amsfonts/cm/cmmi10.pfb><C:/Users/Stephen Giang/AppData/Local/Programs
/MiKTeX 2.9/fonts/type1/public/amsfonts/cm/cmr10.pfb><C:/Users/Stephen Giang/Ap
pData/Local/Programs/MiKTeX 2.9/fonts/type1/public/amsfonts/cm/cmr8.pfb><C:/Use
rs/Stephen Giang/AppData/Local/Programs/MiKTeX 2.9/fonts/type1/public/amsfonts/
cm/cmsy10.pfb><C:/Users/Stephen Giang/AppData/Local/Programs/MiKTeX 2.9/fonts/t
ype1/public/amsfonts/cm/cmsy8.pfb>
Output written on "Homework 2.pdf" (13 pages, 1106670 bytes).
PDF statistics:
 212 PDF objects out of 1000 (max. 8388607)
 0 named destinations out of 1000 (max. 500000)
 176 words of extra memory for PDF output out of 10000 (max. 10000000)

