This is pdfTeX, Version 3.14159265-2.6-1.40.21 (MiKTeX 20.7) (preloaded format=pdflatex 2020.9.16)  16 NOV 2020 20:32
entering extended mode
**./Assignment4.tex
(Assignment4.tex
LaTeX2e <2020-02-02> patch level 5
L3 programming layer <2020-09-03>
("C:\Users\Stephen Giang\AppData\Local\Programs\MiKTeX 2.9\tex/latex/base\artic
le.cls"
Document Class: article 2019/12/20 v1.4l Standard LaTeX document class

("C:\Users\Stephen Giang\AppData\Local\Programs\MiKTeX 2.9\tex/latex/base\size1
1.clo"
File: size11.clo 2019/12/20 v1.4l Standard LaTeX file (size option)
)
\c@part=\count168
\c@section=\count169
\c@subsection=\count170
\c@subsubsection=\count171
\c@paragraph=\count172
\c@subparagraph=\count173
\c@figure=\count174
\c@table=\count175
\abovecaptionskip=\skip47
\belowcaptionskip=\skip48
\bibindent=\dimen134
)
("C:\Users\Stephen Giang\AppData\Local\Programs\MiKTeX 2.9\tex/latex/geometry\g
eometry.sty"
Package: geometry 2020/01/02 v5.9 Page Geometry

("C:\Users\Stephen Giang\AppData\Local\Programs\MiKTeX 2.9\tex/latex/graphics\k
eyval.sty"
Package: keyval 2014/10/28 v1.15 key=value parser (DPC)
\KV@toks@=\toks15
)
("C:\Users\Stephen Giang\AppData\Local\Programs\MiKTeX 2.9\tex/generic/iftex\if
vtex.sty"
Package: ifvtex 2019/10/25 v1.7 ifvtex legacy package. Use iftex instead.

("C:\Users\Stephen Giang\AppData\Local\Programs\MiKTeX 2.9\tex/generic/iftex\if
tex.sty"
Package: iftex 2020/03/06 v1.0d TeX engine tests
))
\Gm@cnth=\count176
\Gm@cntv=\count177
\c@Gm@tempcnt=\count178
\Gm@bindingoffset=\dimen135
\Gm@wd@mp=\dimen136
\Gm@odd@mp=\dimen137
\Gm@even@mp=\dimen138
\Gm@layoutwidth=\dimen139
\Gm@layoutheight=\dimen140
\Gm@layouthoffset=\dimen141
\Gm@layoutvoffset=\dimen142
\Gm@dimlist=\toks16

("C:\Users\Stephen Giang\AppData\Local\Programs\MiKTeX 2.9\tex/latex/geometry\g
eometry.cfg"))
("C:\Users\Stephen Giang\AppData\Local\Programs\MiKTeX 2.9\tex/latex/amsmath\am
smath.sty"
Package: amsmath 2020/01/20 v2.17e AMS math features
\@mathmargin=\skip49

For additional information on amsmath, use the `?' option.

("C:\Users\Stephen Giang\AppData\Local\Programs\MiKTeX 2.9\tex/latex/amsmath\am
stext.sty"
Package: amstext 2000/06/29 v2.01 AMS text

("C:\Users\Stephen Giang\AppData\Local\Programs\MiKTeX 2.9\tex/latex/amsmath\am
sgen.sty"
File: amsgen.sty 1999/11/30 v2.0 generic functions
\@emptytoks=\toks17
\ex@=\dimen143
))
("C:\Users\Stephen Giang\AppData\Local\Programs\MiKTeX 2.9\tex/latex/amsmath\am
sbsy.sty"
Package: amsbsy 1999/11/29 v1.2d Bold Symbols
\pmbraise@=\dimen144
)
("C:\Users\Stephen Giang\AppData\Local\Programs\MiKTeX 2.9\tex/latex/amsmath\am
sopn.sty"
Package: amsopn 2016/03/08 v2.02 operator names
)
\inf@bad=\count179
LaTeX Info: Redefining \frac on input line 227.
\uproot@=\count180
\leftroot@=\count181
LaTeX Info: Redefining \overline on input line 389.
\classnum@=\count182
\DOTSCASE@=\count183
LaTeX Info: Redefining \ldots on input line 486.
LaTeX Info: Redefining \dots on input line 489.
LaTeX Info: Redefining \cdots on input line 610.
\Mathstrutbox@=\box45
\strutbox@=\box46
\big@size=\dimen145
LaTeX Font Info:    Redeclaring font encoding OML on input line 733.
LaTeX Font Info:    Redeclaring font encoding OMS on input line 734.
\macc@depth=\count184
\c@MaxMatrixCols=\count185
\dotsspace@=\muskip16
\c@parentequation=\count186
\dspbrk@lvl=\count187
\tag@help=\toks18
\row@=\count188
\column@=\count189
\maxfields@=\count190
\andhelp@=\toks19
\eqnshift@=\dimen146
\alignsep@=\dimen147
\tagshift@=\dimen148
\tagwidth@=\dimen149
\totwidth@=\dimen150
\lineht@=\dimen151
\@envbody=\toks20
\multlinegap=\skip50
\multlinetaggap=\skip51
\mathdisplay@stack=\toks21
LaTeX Info: Redefining \[ on input line 2859.
LaTeX Info: Redefining \] on input line 2860.
)
("C:\Users\Stephen Giang\AppData\Local\Programs\MiKTeX 2.9\tex/latex/amsfonts\a
mssymb.sty"
Package: amssymb 2013/01/14 v3.01 AMS font symbols

("C:\Users\Stephen Giang\AppData\Local\Programs\MiKTeX 2.9\tex/latex/amsfonts\a
msfonts.sty"
Package: amsfonts 2013/01/14 v3.01 Basic AMSFonts support
\symAMSa=\mathgroup4
\symAMSb=\mathgroup5
LaTeX Font Info:    Redeclaring math symbol \hbar on input line 98.
LaTeX Font Info:    Overwriting math alphabet `\mathfrak' in version `bold'
(Font)                  U/euf/m/n --> U/euf/b/n on input line 106.
))
("C:\Users\Stephen Giang\AppData\Local\Programs\MiKTeX 2.9\tex/latex/amscls\ams
thm.sty"
Package: amsthm 2020/05/29 v2.20.6
\thm@style=\toks22
\thm@bodyfont=\toks23
\thm@headfont=\toks24
\thm@notefont=\toks25
\thm@headpunct=\toks26
\thm@preskip=\skip52
\thm@postskip=\skip53
\thm@headsep=\skip54
\dth@everypar=\toks27
)
("C:\Users\Stephen Giang\AppData\Local\Programs\MiKTeX 2.9\tex/latex/graphics\g
raphicx.sty"
Package: graphicx 2019/11/30 v1.2a Enhanced LaTeX Graphics (DPC,SPQR)

("C:\Users\Stephen Giang\AppData\Local\Programs\MiKTeX 2.9\tex/latex/graphics\g
raphics.sty"
Package: graphics 2019/11/30 v1.4a Standard LaTeX Graphics (DPC,SPQR)

("C:\Users\Stephen Giang\AppData\Local\Programs\MiKTeX 2.9\tex/latex/graphics\t
rig.sty"
Package: trig 2016/01/03 v1.10 sin cos tan (DPC)
)
("C:\Users\Stephen Giang\AppData\Local\Programs\MiKTeX 2.9\tex/latex/graphics-c
fg\graphics.cfg"
File: graphics.cfg 2016/06/04 v1.11 sample graphics configuration
)
Package graphics Info: Driver file: pdftex.def on input line 105.

("C:\Users\Stephen Giang\AppData\Local\Programs\MiKTeX 2.9\tex/latex/graphics-d
ef\pdftex.def"
File: pdftex.def 2020/08/26 v1.2 Graphics/color driver for pdftex
))
\Gin@req@height=\dimen152
\Gin@req@width=\dimen153
)
("C:\Users\Stephen Giang\AppData\Local\Programs\MiKTeX 2.9\tex/latex/enumitem\e
numitem.sty"
Package: enumitem 2019/06/20 v3.9 Customized lists
\labelindent=\skip55
\enit@outerparindent=\dimen154
\enit@toks=\toks28
\enit@inbox=\box47
\enit@count@id=\count191
\enitdp@description=\count192
)
("C:\Users\Stephen Giang\AppData\Local\Programs\MiKTeX 2.9\tex/latex/url\url.st
y"
\Urlmuskip=\muskip17
Package: url 2013/09/16  ver 3.4  Verb mode for urls, etc.
)
("C:\Users\Stephen Giang\AppData\Local\Programs\MiKTeX 2.9\tex/latex/parskip\pa
rskip.sty"
Package: parskip 2020-06-15 v2.0f non-zero parskip adjustments

("C:\Users\Stephen Giang\AppData\Local\Programs\MiKTeX 2.9\tex/latex/kvoptions\
kvoptions.sty"
Package: kvoptions 2019/11/29 v3.13 Key value format for package options (HO)

("C:\Users\Stephen Giang\AppData\Local\Programs\MiKTeX 2.9\tex/generic/ltxcmds\
ltxcmds.sty"
Package: ltxcmds 2019/12/15 v1.24 LaTeX kernel commands for general use (HO)
)
("C:\Users\Stephen Giang\AppData\Local\Programs\MiKTeX 2.9\tex/generic/kvsetkey
s\kvsetkeys.sty"
Package: kvsetkeys 2019/12/15 v1.18 Key value parser (HO)
))
("C:\Users\Stephen Giang\AppData\Local\Programs\MiKTeX 2.9\tex/latex/etoolbox\e
toolbox.sty"
Package: etoolbox 2020/08/24 v2.5j e-TeX tools for LaTeX (JAW)
\etb@tempcnta=\count193
))
("C:\Users\Stephen Giang\AppData\Local\Programs\MiKTeX 2.9\tex/latex/listings\l
istings.sty"
\lst@mode=\count194
\lst@gtempboxa=\box48
\lst@token=\toks29
\lst@length=\count195
\lst@currlwidth=\dimen155
\lst@column=\count196
\lst@pos=\count197
\lst@lostspace=\dimen156
\lst@width=\dimen157
\lst@newlines=\count198
\lst@lineno=\count199
\lst@maxwidth=\dimen158

("C:\Users\Stephen Giang\AppData\Local\Programs\MiKTeX 2.9\tex/latex/listings\l
stmisc.sty"
File: lstmisc.sty 2020/03/24 1.8d (Carsten Heinz)
\c@lstnumber=\count266
\lst@skipnumbers=\count267
\lst@framebox=\box49
)
("C:\Users\Stephen Giang\AppData\Local\Programs\MiKTeX 2.9\tex/latex/listings\l
istings.cfg"
File: listings.cfg 2020/03/24 1.8d listings configuration
))
Package: listings 2020/03/24 1.8d (Carsten Heinz)

("C:\Users\Stephen Giang\AppData\Local\Programs\MiKTeX 2.9\tex/latex/caption\ca
ption.sty"
Package: caption 2020/09/02 v3.5a Customizing captions (AR)

("C:\Users\Stephen Giang\AppData\Local\Programs\MiKTeX 2.9\tex/latex/caption\ca
ption3.sty"
Package: caption3 2020/08/30 v2.0 caption3 kernel (AR)
\captionmargin=\dimen159
\captionmargin@=\dimen160
\captionwidth=\dimen161
\caption@tempdima=\dimen162
\caption@indent=\dimen163
\caption@parindent=\dimen164
\caption@hangindent=\dimen165
Package caption Info: Standard document class detected.
)
\c@caption@flags=\count268
\c@continuedfloat=\count269
Package caption Info: listings package is loaded.
)
("C:\Users\Stephen Giang\AppData\Local\Programs\MiKTeX 2.9\tex/latex/caption\su
bcaption.sty"
Package: subcaption 2020/08/23 v1.3g Sub-captions (AR)
\c@subfigure=\count270
\c@subtable=\count271
)
("C:\Users\Stephen Giang\AppData\Local\Programs\MiKTeX 2.9\tex/latex/base\input
enc.sty"
Package: inputenc 2018/08/11 v1.3c Input encoding file
\inpenc@prehook=\toks30
\inpenc@posthook=\toks31
)
("C:\Users\Stephen Giang\AppData\Local\Programs\MiKTeX 2.9\tex/latex/xcolor\xco
lor.sty"
Package: xcolor 2016/05/11 v2.12 LaTeX color extensions (UK)

("C:\Users\Stephen Giang\AppData\Local\Programs\MiKTeX 2.9\tex/latex/graphics-c
fg\color.cfg"
File: color.cfg 2016/01/02 v1.6 sample color configuration
)
Package xcolor Info: Driver file: pdftex.def on input line 225.
Package xcolor Info: Model `cmy' substituted by `cmy0' on input line 1348.
Package xcolor Info: Model `hsb' substituted by `rgb' on input line 1352.
Package xcolor Info: Model `RGB' extended on input line 1364.
Package xcolor Info: Model `HTML' substituted by `rgb' on input line 1366.
Package xcolor Info: Model `Hsb' substituted by `hsb' on input line 1367.
Package xcolor Info: Model `tHsb' substituted by `hsb' on input line 1368.
Package xcolor Info: Model `HSB' substituted by `hsb' on input line 1369.
Package xcolor Info: Model `Gray' substituted by `gray' on input line 1370.
Package xcolor Info: Model `wave' substituted by `hsb' on input line 1371.
)
("C:\Users\Stephen Giang\AppData\Local\Programs\MiKTeX 2.9\tex/latex/l3backend\
l3backend-pdftex.def"
File: l3backend-pdftex.def 2020-09-01 L3 backend support: PDF output (pdfTeX)
\l__kernel_color_stack_int=\count272
\l__pdf_internal_box=\box50
) (Assignment4.aux)
\openout1 = `Assignment4.aux'.

LaTeX Font Info:    Checking defaults for OML/cmm/m/it on input line 44.
LaTeX Font Info:    ... okay on input line 44.
LaTeX Font Info:    Checking defaults for OMS/cmsy/m/n on input line 44.
LaTeX Font Info:    ... okay on input line 44.
LaTeX Font Info:    Checking defaults for OT1/cmr/m/n on input line 44.
LaTeX Font Info:    ... okay on input line 44.
LaTeX Font Info:    Checking defaults for T1/cmr/m/n on input line 44.
LaTeX Font Info:    ... okay on input line 44.
LaTeX Font Info:    Checking defaults for TS1/cmr/m/n on input line 44.
LaTeX Font Info:    ... okay on input line 44.
LaTeX Font Info:    Checking defaults for OMX/cmex/m/n on input line 44.
LaTeX Font Info:    ... okay on input line 44.
LaTeX Font Info:    Checking defaults for U/cmr/m/n on input line 44.
LaTeX Font Info:    ... okay on input line 44.

*geometry* driver: auto-detecting
*geometry* detected driver: pdftex
*geometry* verbose mode - [ preamble ] result:
* driver: pdftex
* paper: <default>
* layout: <same size as paper>
* layoutoffset:(h,v)=(0.0pt,0.0pt)
* modes: 
* h-part:(L,W,R)=(72.26999pt, 469.75502pt, 72.26999pt)
* v-part:(T,H,B)=(72.26999pt, 650.43001pt, 72.26999pt)
* \paperwidth=614.295pt
* \paperheight=794.96999pt
* \textwidth=469.75502pt
* \textheight=650.43001pt
* \oddsidemargin=0.0pt
* \evensidemargin=0.0pt
* \topmargin=-37.0pt
* \headheight=12.0pt
* \headsep=25.0pt
* \topskip=11.0pt
* \footskip=30.0pt
* \marginparwidth=59.0pt
* \marginparsep=10.0pt
* \columnsep=10.0pt
* \skip\footins=10.0pt plus 4.0pt minus 2.0pt
* \hoffset=0.0pt
* \voffset=0.0pt
* \mag=1000
* \@twocolumnfalse
* \@twosidefalse
* \@mparswitchfalse
* \@reversemarginfalse
* (1in=72.27pt=25.4mm, 1cm=28.453pt)


("C:\Users\Stephen Giang\AppData\Local\Programs\MiKTeX 2.9\tex/context/base/mki
i\supp-pdf.mkii"
[Loading MPS to PDF converter (version 2006.09.02).]
\scratchcounter=\count273
\scratchdimen=\dimen166
\scratchbox=\box51
\nofMPsegments=\count274
\nofMParguments=\count275
\everyMPshowfont=\toks32
\MPscratchCnt=\count276
\MPscratchDim=\dimen167
\MPnumerator=\count277
\makeMPintoPDFobject=\count278
\everyMPtoPDFconversion=\toks33
)
("C:\Users\Stephen Giang\AppData\Local\Programs\MiKTeX 2.9\tex/latex/epstopdf-p
kg\epstopdf-base.sty"
Package: epstopdf-base 2020-01-24 v2.11 Base part for package epstopdf
Package epstopdf-base Info: Redefining graphics rule for `.eps' on input line 4
85.
)
\c@lstlisting=\count279
Package caption Info: Begin \AtBeginDocument code.
Package caption Info: End \AtBeginDocument code.
LaTeX Font Info:    Trying to load font information for U+msa on input line 59.


("C:\Users\Stephen Giang\AppData\Local\Programs\MiKTeX 2.9\tex/latex/amsfonts\u
msa.fd"
File: umsa.fd 2013/01/14 v3.01 AMS symbols A
)
LaTeX Font Info:    Trying to load font information for U+msb on input line 59.


("C:\Users\Stephen Giang\AppData\Local\Programs\MiKTeX 2.9\tex/latex/amsfonts\u
msb.fd"
File: umsb.fd 2013/01/14 v3.01 AMS symbols B
)
Underfull \hbox (badness 10000) in paragraph at lines 57--61

 []


Underfull \hbox (badness 10000) in paragraph at lines 57--61

 []


Underfull \hbox (badness 10000) in paragraph at lines 61--65

 []


Underfull \hbox (badness 10000) in paragraph at lines 61--65

 []


Underfull \hbox (badness 10000) in paragraph at lines 65--69

 []


Underfull \hbox (badness 10000) in paragraph at lines 65--69

 []


Underfull \hbox (badness 10000) in paragraph at lines 69--73

 []


Underfull \hbox (badness 10000) in paragraph at lines 69--73

 []


Underfull \hbox (badness 10000) in paragraph at lines 73--76

 []

[1

{C:/Users/Stephen Giang/AppData/Local/MiKTeX/2.9/pdftex/config/pdftex.map}]
Underfull \hbox (badness 10000) in paragraph at lines 84--89

 []


Underfull \hbox (badness 10000) in paragraph at lines 84--89

 []


("C:\Users\Stephen Giang\AppData\Local\Programs\MiKTeX 2.9\tex/latex/listings\l
stlang1.sty"
File: lstlang1.sty 2020/03/24 1.8d listings language file
)
Underfull \hbox (badness 10000) in paragraph at lines 97--100

 []


Underfull \hbox (badness 10000) in paragraph at lines 97--100

 []

[2] [3]
Package epstopdf Info: Source file: <Figures/Prob2/1.eps>
(epstopdf)                    date: 2020-11-16 18:48:27
(epstopdf)                    size: 134155 bytes
(epstopdf)             Output file: <Figures/Prob2/1-eps-converted-to.pdf>
(epstopdf)                    date: 2020-11-16 18:48:47
(epstopdf)                    size: 103758 bytes
(epstopdf)             Command: <epstopdf --outfile=Figures/Prob2/1-eps-convert
ed-to.pdf Figures/Prob2/1.eps>
(epstopdf)             \includegraphics on input line 185.
Package epstopdf Info: Output file is already uptodate.


pdfTeX warning: pdflatex.exe (file ./Figures/Prob2/1-eps-converted-to.pdf): PDF
 inclusion: found PDF version <1.7>, but at most version <1.5> allowed
<Figures/Prob2/1-eps-converted-to.pdf, id=30, 193.72375pt x 193.72375pt>
File: Figures/Prob2/1-eps-converted-to.pdf Graphic file (type pdf)
<use Figures/Prob2/1-eps-converted-to.pdf>
Package pdftex.def Info: Figures/Prob2/1-eps-converted-to.pdf  used on input li
ne 185.
(pdftex.def)             Requested size: 113.81123pt x 113.81102pt.
Package epstopdf Info: Source file: <Figures/Prob2/2.eps>
(epstopdf)                    date: 2020-11-16 18:48:28
(epstopdf)                    size: 134155 bytes
(epstopdf)             Output file: <Figures/Prob2/2-eps-converted-to.pdf>
(epstopdf)                    date: 2020-11-16 18:48:49
(epstopdf)                    size: 103758 bytes
(epstopdf)             Command: <epstopdf --outfile=Figures/Prob2/2-eps-convert
ed-to.pdf Figures/Prob2/2.eps>
(epstopdf)             \includegraphics on input line 190.
Package epstopdf Info: Output file is already uptodate.


pdfTeX warning: pdflatex.exe (file ./Figures/Prob2/2-eps-converted-to.pdf): PDF
 inclusion: found PDF version <1.7>, but at most version <1.5> allowed
<Figures/Prob2/2-eps-converted-to.pdf, id=31, 193.72375pt x 193.72375pt>
File: Figures/Prob2/2-eps-converted-to.pdf Graphic file (type pdf)
<use Figures/Prob2/2-eps-converted-to.pdf>
Package pdftex.def Info: Figures/Prob2/2-eps-converted-to.pdf  used on input li
ne 190.
(pdftex.def)             Requested size: 113.81123pt x 113.81102pt.
Package epstopdf Info: Source file: <Figures/Prob2/3.eps>
(epstopdf)                    date: 2020-11-16 18:48:28
(epstopdf)                    size: 89014 bytes
(epstopdf)             Output file: <Figures/Prob2/3-eps-converted-to.pdf>
(epstopdf)                    date: 2020-11-16 18:48:51
(epstopdf)                    size: 64052 bytes
(epstopdf)             Command: <epstopdf --outfile=Figures/Prob2/3-eps-convert
ed-to.pdf Figures/Prob2/3.eps>
(epstopdf)             \includegraphics on input line 195.
Package epstopdf Info: Output file is already uptodate.


pdfTeX warning: pdflatex.exe (file ./Figures/Prob2/3-eps-converted-to.pdf): PDF
 inclusion: found PDF version <1.7>, but at most version <1.5> allowed
<Figures/Prob2/3-eps-converted-to.pdf, id=32, 193.72375pt x 193.72375pt>
File: Figures/Prob2/3-eps-converted-to.pdf Graphic file (type pdf)
<use Figures/Prob2/3-eps-converted-to.pdf>
Package pdftex.def Info: Figures/Prob2/3-eps-converted-to.pdf  used on input li
ne 195.
(pdftex.def)             Requested size: 113.81123pt x 113.81102pt.
Package epstopdf Info: Source file: <Figures/Prob2/4.eps>
(epstopdf)                    date: 2020-11-16 18:48:29
(epstopdf)                    size: 120841 bytes
(epstopdf)             Output file: <Figures/Prob2/4-eps-converted-to.pdf>
(epstopdf)                    date: 2020-11-16 18:49:10
(epstopdf)                    size: 108519 bytes
(epstopdf)             Command: <epstopdf --outfile=Figures/Prob2/4-eps-convert
ed-to.pdf Figures/Prob2/4.eps>
(epstopdf)             \includegraphics on input line 203.
Package epstopdf Info: Output file is already uptodate.


pdfTeX warning: pdflatex.exe (file ./Figures/Prob2/4-eps-converted-to.pdf): PDF
 inclusion: found PDF version <1.7>, but at most version <1.5> allowed
<Figures/Prob2/4-eps-converted-to.pdf, id=33, 193.72375pt x 193.72375pt>
File: Figures/Prob2/4-eps-converted-to.pdf Graphic file (type pdf)
<use Figures/Prob2/4-eps-converted-to.pdf>
Package pdftex.def Info: Figures/Prob2/4-eps-converted-to.pdf  used on input li
ne 203.
(pdftex.def)             Requested size: 113.81123pt x 113.81102pt.
Package epstopdf Info: Source file: <Figures/Prob2/5.eps>
(epstopdf)                    date: 2020-11-16 18:48:29
(epstopdf)                    size: 43238 bytes
(epstopdf)             Output file: <Figures/Prob2/5-eps-converted-to.pdf>
(epstopdf)                    date: 2020-11-16 18:49:12
(epstopdf)                    size: 21109 bytes
(epstopdf)             Command: <epstopdf --outfile=Figures/Prob2/5-eps-convert
ed-to.pdf Figures/Prob2/5.eps>
(epstopdf)             \includegraphics on input line 208.
Package epstopdf Info: Output file is already uptodate.


pdfTeX warning: pdflatex.exe (file ./Figures/Prob2/5-eps-converted-to.pdf): PDF
 inclusion: found PDF version <1.7>, but at most version <1.5> allowed
<Figures/Prob2/5-eps-converted-to.pdf, id=34, 193.72375pt x 193.72375pt>
File: Figures/Prob2/5-eps-converted-to.pdf Graphic file (type pdf)
<use Figures/Prob2/5-eps-converted-to.pdf>
Package pdftex.def Info: Figures/Prob2/5-eps-converted-to.pdf  used on input li
ne 208.
(pdftex.def)             Requested size: 113.81123pt x 113.81102pt.
Package epstopdf Info: Source file: <Figures/Prob2/6.eps>
(epstopdf)                    date: 2020-11-16 18:48:30
(epstopdf)                    size: 122582 bytes
(epstopdf)             Output file: <Figures/Prob2/6-eps-converted-to.pdf>
(epstopdf)                    date: 2020-11-16 18:49:14
(epstopdf)                    size: 97037 bytes
(epstopdf)             Command: <epstopdf --outfile=Figures/Prob2/6-eps-convert
ed-to.pdf Figures/Prob2/6.eps>
(epstopdf)             \includegraphics on input line 213.
Package epstopdf Info: Output file is already uptodate.


pdfTeX warning: pdflatex.exe (file ./Figures/Prob2/6-eps-converted-to.pdf): PDF
 inclusion: found PDF version <1.7>, but at most version <1.5> allowed
<Figures/Prob2/6-eps-converted-to.pdf, id=35, 193.72375pt x 193.72375pt>
File: Figures/Prob2/6-eps-converted-to.pdf Graphic file (type pdf)
<use Figures/Prob2/6-eps-converted-to.pdf>
Package pdftex.def Info: Figures/Prob2/6-eps-converted-to.pdf  used on input li
ne 213.
(pdftex.def)             Requested size: 113.81123pt x 113.81102pt.
Package epstopdf Info: Source file: <Figures/Prob2/7.eps>
(epstopdf)                    date: 2020-11-16 18:48:30
(epstopdf)                    size: 109233 bytes
(epstopdf)             Output file: <Figures/Prob2/7-eps-converted-to.pdf>
(epstopdf)                    date: 2020-11-16 18:49:16
(epstopdf)                    size: 53073 bytes
(epstopdf)             Command: <epstopdf --outfile=Figures/Prob2/7-eps-convert
ed-to.pdf Figures/Prob2/7.eps>
(epstopdf)             \includegraphics on input line 221.
Package epstopdf Info: Output file is already uptodate.


pdfTeX warning: pdflatex.exe (file ./Figures/Prob2/7-eps-converted-to.pdf): PDF
 inclusion: found PDF version <1.7>, but at most version <1.5> allowed
<Figures/Prob2/7-eps-converted-to.pdf, id=36, 193.72375pt x 193.72375pt>
File: Figures/Prob2/7-eps-converted-to.pdf Graphic file (type pdf)
<use Figures/Prob2/7-eps-converted-to.pdf>
Package pdftex.def Info: Figures/Prob2/7-eps-converted-to.pdf  used on input li
ne 221.
(pdftex.def)             Requested size: 113.81123pt x 113.81102pt.
Package epstopdf Info: Source file: <Figures/Prob2/8.eps>
(epstopdf)                    date: 2020-11-16 18:48:31
(epstopdf)                    size: 109233 bytes
(epstopdf)             Output file: <Figures/Prob2/8-eps-converted-to.pdf>
(epstopdf)                    date: 2020-11-16 18:49:18
(epstopdf)                    size: 53073 bytes
(epstopdf)             Command: <epstopdf --outfile=Figures/Prob2/8-eps-convert
ed-to.pdf Figures/Prob2/8.eps>
(epstopdf)             \includegraphics on input line 226.
Package epstopdf Info: Output file is already uptodate.


pdfTeX warning: pdflatex.exe (file ./Figures/Prob2/8-eps-converted-to.pdf): PDF
 inclusion: found PDF version <1.7>, but at most version <1.5> allowed
<Figures/Prob2/8-eps-converted-to.pdf, id=37, 193.72375pt x 193.72375pt>
File: Figures/Prob2/8-eps-converted-to.pdf Graphic file (type pdf)
<use Figures/Prob2/8-eps-converted-to.pdf>
Package pdftex.def Info: Figures/Prob2/8-eps-converted-to.pdf  used on input li
ne 226.
(pdftex.def)             Requested size: 113.81123pt x 113.81102pt.

Underfull \hbox (badness 10000) in paragraph at lines 180--232

 []

[4 <./Figures/Prob2/1-eps-converted-to.pdf> <./Figures/Prob2/2-eps-converted-to
.pdf> <./Figures/Prob2/3-eps-converted-to.pdf> <./Figures/Prob2/4-eps-converted
-to.pdf> <./Figures/Prob2/5-eps-converted-to.pdf> <./Figures/Prob2/6-eps-conver
ted-to.pdf> <./Figures/Prob2/7-eps-converted-to.pdf> <./Figures/Prob2/8-eps-con
verted-to.pdf>]
<Figures/Lena.png, id=67, 325.215pt x 328.22626pt>
File: Figures/Lena.png Graphic file (type png)
<use Figures/Lena.png>
Package pdftex.def Info: Figures/Lena.png  used on input line 239.
(pdftex.def)             Requested size: 169.15247pt x 170.71652pt.

Underfull \hbox (badness 10000) in paragraph at lines 242--246

 []


Underfull \hbox (badness 10000) in paragraph at lines 242--246

 []


Underfull \hbox (badness 10000) in paragraph at lines 242--246

 []

[5 <./Figures/Lena.png>] [6]
Package epstopdf Info: Source file: <Figures/Prob3/1.eps>
(epstopdf)                    date: 2020-11-16 20:20:50
(epstopdf)                    size: 166228 bytes
(epstopdf)             Output file: <Figures/Prob3/1-eps-converted-to.pdf>
(epstopdf)                    date: 2020-11-16 20:21:15
(epstopdf)                    size: 371519 bytes
(epstopdf)             Command: <epstopdf --outfile=Figures/Prob3/1-eps-convert
ed-to.pdf Figures/Prob3/1.eps>
(epstopdf)             \includegraphics on input line 335.
Package epstopdf Info: Output file is already uptodate.


pdfTeX warning: pdflatex.exe (file ./Figures/Prob3/1-eps-converted-to.pdf): PDF
 inclusion: found PDF version <1.7>, but at most version <1.5> allowed
<Figures/Prob3/1-eps-converted-to.pdf, id=74, 326.21875pt x 329.23pt>
File: Figures/Prob3/1-eps-converted-to.pdf Graphic file (type pdf)
<use Figures/Prob3/1-eps-converted-to.pdf>
Package pdftex.def Info: Figures/Prob3/1-eps-converted-to.pdf  used on input li
ne 335.
(pdftex.def)             Requested size: 112.76958pt x 113.81102pt.
Package epstopdf Info: Source file: <Figures/Prob3/2.eps>
(epstopdf)                    date: 2020-11-16 20:20:50
(epstopdf)                    size: 172314 bytes
(epstopdf)             Output file: <Figures/Prob3/2-eps-converted-to.pdf>
(epstopdf)                    date: 2020-11-16 20:21:17
(epstopdf)                    size: 379936 bytes
(epstopdf)             Command: <epstopdf --outfile=Figures/Prob3/2-eps-convert
ed-to.pdf Figures/Prob3/2.eps>
(epstopdf)             \includegraphics on input line 340.
Package epstopdf Info: Output file is already uptodate.


pdfTeX warning: pdflatex.exe (file ./Figures/Prob3/2-eps-converted-to.pdf): PDF
 inclusion: found PDF version <1.7>, but at most version <1.5> allowed
<Figures/Prob3/2-eps-converted-to.pdf, id=75, 386.44376pt x 386.44376pt>
File: Figures/Prob3/2-eps-converted-to.pdf Graphic file (type pdf)
<use Figures/Prob3/2-eps-converted-to.pdf>
Package pdftex.def Info: Figures/Prob3/2-eps-converted-to.pdf  used on input li
ne 340.
(pdftex.def)             Requested size: 113.81122pt x 113.81102pt.
Package epstopdf Info: Source file: <Figures/Prob3/3.eps>
(epstopdf)                    date: 2020-11-16 20:20:51
(epstopdf)                    size: 206125 bytes
(epstopdf)             Output file: <Figures/Prob3/3-eps-converted-to.pdf>
(epstopdf)                    date: 2020-11-16 20:21:19
(epstopdf)                    size: 158945 bytes
(epstopdf)             Command: <epstopdf --outfile=Figures/Prob3/3-eps-convert
ed-to.pdf Figures/Prob3/3.eps>
(epstopdf)             \includegraphics on input line 345.
Package epstopdf Info: Output file is already uptodate.


pdfTeX warning: pdflatex.exe (file ./Figures/Prob3/3-eps-converted-to.pdf): PDF
 inclusion: found PDF version <1.7>, but at most version <1.5> allowed
<Figures/Prob3/3-eps-converted-to.pdf, id=76, 386.44376pt x 386.44376pt>
File: Figures/Prob3/3-eps-converted-to.pdf Graphic file (type pdf)
<use Figures/Prob3/3-eps-converted-to.pdf>
Package pdftex.def Info: Figures/Prob3/3-eps-converted-to.pdf  used on input li
ne 345.
(pdftex.def)             Requested size: 113.81122pt x 113.81102pt.
Package epstopdf Info: Source file: <Figures/Prob3/4.eps>
(epstopdf)                    date: 2020-11-16 20:20:52
(epstopdf)                    size: 442694 bytes
(epstopdf)             Output file: <Figures/Prob3/4-eps-converted-to.pdf>
(epstopdf)                    date: 2020-11-16 20:21:23
(epstopdf)                    size: 378517 bytes
(epstopdf)             Command: <epstopdf --outfile=Figures/Prob3/4-eps-convert
ed-to.pdf Figures/Prob3/4.eps>
(epstopdf)             \includegraphics on input line 353.
Package epstopdf Info: Output file is already uptodate.


pdfTeX warning: pdflatex.exe (file ./Figures/Prob3/4-eps-converted-to.pdf): PDF
 inclusion: found PDF version <1.7>, but at most version <1.5> allowed
<Figures/Prob3/4-eps-converted-to.pdf, id=77, 386.44376pt x 386.44376pt>
File: Figures/Prob3/4-eps-converted-to.pdf Graphic file (type pdf)
<use Figures/Prob3/4-eps-converted-to.pdf>
Package pdftex.def Info: Figures/Prob3/4-eps-converted-to.pdf  used on input li
ne 353.
(pdftex.def)             Requested size: 113.81122pt x 113.81102pt.
Package epstopdf Info: Source file: <Figures/Prob3/5.eps>
(epstopdf)                    date: 2020-11-16 20:20:53
(epstopdf)                    size: 30542 bytes
(epstopdf)             Output file: <Figures/Prob3/5-eps-converted-to.pdf>
(epstopdf)                    date: 2020-11-16 20:21:25
(epstopdf)                    size: 17572 bytes
(epstopdf)             Command: <epstopdf --outfile=Figures/Prob3/5-eps-convert
ed-to.pdf Figures/Prob3/5.eps>
(epstopdf)             \includegraphics on input line 358.
Package epstopdf Info: Output file is already uptodate.


pdfTeX warning: pdflatex.exe (file ./Figures/Prob3/5-eps-converted-to.pdf): PDF
 inclusion: found PDF version <1.7>, but at most version <1.5> allowed
<Figures/Prob3/5-eps-converted-to.pdf, id=78, 386.44376pt x 386.44376pt>
File: Figures/Prob3/5-eps-converted-to.pdf Graphic file (type pdf)
<use Figures/Prob3/5-eps-converted-to.pdf>
Package pdftex.def Info: Figures/Prob3/5-eps-converted-to.pdf  used on input li
ne 358.
(pdftex.def)             Requested size: 113.81122pt x 113.81102pt.
Package epstopdf Info: Source file: <Figures/Prob3/6.eps>
(epstopdf)                    date: 2020-11-16 20:20:53
(epstopdf)                    size: 89934 bytes
(epstopdf)             Output file: <Figures/Prob3/6-eps-converted-to.pdf>
(epstopdf)                    date: 2020-11-16 20:21:26
(epstopdf)                    size: 70129 bytes
(epstopdf)             Command: <epstopdf --outfile=Figures/Prob3/6-eps-convert
ed-to.pdf Figures/Prob3/6.eps>
(epstopdf)             \includegraphics on input line 363.
Package epstopdf Info: Output file is already uptodate.


pdfTeX warning: pdflatex.exe (file ./Figures/Prob3/6-eps-converted-to.pdf): PDF
 inclusion: found PDF version <1.7>, but at most version <1.5> allowed
<Figures/Prob3/6-eps-converted-to.pdf, id=79, 386.44376pt x 386.44376pt>
File: Figures/Prob3/6-eps-converted-to.pdf Graphic file (type pdf)
<use Figures/Prob3/6-eps-converted-to.pdf>
Package pdftex.def Info: Figures/Prob3/6-eps-converted-to.pdf  used on input li
ne 363.
(pdftex.def)             Requested size: 113.81122pt x 113.81102pt.
Package epstopdf Info: Source file: <Figures/Prob3/7.eps>
(epstopdf)                    date: 2020-11-16 20:20:54
(epstopdf)                    size: 268263 bytes
(epstopdf)             Output file: <Figures/Prob3/7-eps-converted-to.pdf>
(epstopdf)                    date: 2020-11-16 20:21:29
(epstopdf)                    size: 147080 bytes
(epstopdf)             Command: <epstopdf --outfile=Figures/Prob3/7-eps-convert
ed-to.pdf Figures/Prob3/7.eps>
(epstopdf)             \includegraphics on input line 371.
Package epstopdf Info: Output file is already uptodate.


pdfTeX warning: pdflatex.exe (file ./Figures/Prob3/7-eps-converted-to.pdf): PDF
 inclusion: found PDF version <1.7>, but at most version <1.5> allowed
<Figures/Prob3/7-eps-converted-to.pdf, id=80, 386.44376pt x 386.44376pt>
File: Figures/Prob3/7-eps-converted-to.pdf Graphic file (type pdf)
<use Figures/Prob3/7-eps-converted-to.pdf>
Package pdftex.def Info: Figures/Prob3/7-eps-converted-to.pdf  used on input li
ne 371.
(pdftex.def)             Requested size: 113.81122pt x 113.81102pt.
Package epstopdf Info: Source file: <Figures/Prob3/8.eps>
(epstopdf)                    date: 2020-11-16 20:20:55
(epstopdf)                    size: 230592 bytes
(epstopdf)             Output file: <Figures/Prob3/8-eps-converted-to.pdf>
(epstopdf)                    date: 2020-11-16 20:21:31
(epstopdf)                    size: 123888 bytes
(epstopdf)             Command: <epstopdf --outfile=Figures/Prob3/8-eps-convert
ed-to.pdf Figures/Prob3/8.eps>
(epstopdf)             \includegraphics on input line 376.
Package epstopdf Info: Output file is already uptodate.


pdfTeX warning: pdflatex.exe (file ./Figures/Prob3/8-eps-converted-to.pdf): PDF
 inclusion: found PDF version <1.7>, but at most version <1.5> allowed
<Figures/Prob3/8-eps-converted-to.pdf, id=81, 326.21875pt x 329.23pt>
File: Figures/Prob3/8-eps-converted-to.pdf Graphic file (type pdf)
<use Figures/Prob3/8-eps-converted-to.pdf>
Package pdftex.def Info: Figures/Prob3/8-eps-converted-to.pdf  used on input li
ne 376.
(pdftex.def)             Requested size: 112.76958pt x 113.81102pt.
[7 <./Figures/Prob3/1-eps-converted-to.pdf> <./Figures/Prob3/2-eps-converted-to
.pdf> <./Figures/Prob3/3-eps-converted-to.pdf> <./Figures/Prob3/4-eps-converted
-to.pdf> <./Figures/Prob3/5-eps-converted-to.pdf> <./Figures/Prob3/6-eps-conver
ted-to.pdf> <./Figures/Prob3/7-eps-converted-to.pdf> <./Figures/Prob3/8-eps-con
verted-to.pdf>]
Underfull \hbox (badness 10000) in paragraph at lines 381--384

 []

[8]
Package epstopdf Info: Source file: <Figures/Prob3/r01.eps>
(epstopdf)                    date: 2020-11-16 20:20:56
(epstopdf)                    size: 51136 bytes
(epstopdf)             Output file: <Figures/Prob3/r01-eps-converted-to.pdf>
(epstopdf)                    date: 2020-11-16 20:21:33
(epstopdf)                    size: 41127 bytes
(epstopdf)             Command: <epstopdf --outfile=Figures/Prob3/r01-eps-conve
rted-to.pdf Figures/Prob3/r01.eps>
(epstopdf)             \includegraphics on input line 391.
Package epstopdf Info: Output file is already uptodate.


pdfTeX warning: pdflatex.exe (file ./Figures/Prob3/r01-eps-converted-to.pdf): P
DF inclusion: found PDF version <1.7>, but at most version <1.5> allowed
<Figures/Prob3/r01-eps-converted-to.pdf, id=113, 326.21875pt x 329.23pt>
File: Figures/Prob3/r01-eps-converted-to.pdf Graphic file (type pdf)
<use Figures/Prob3/r01-eps-converted-to.pdf>
Package pdftex.def Info: Figures/Prob3/r01-eps-converted-to.pdf  used on input 
line 391.
(pdftex.def)             Requested size: 98.67276pt x 99.58464pt.
Package epstopdf Info: Source file: <Figures/Prob3/r020.eps>
(epstopdf)                    date: 2020-11-16 20:20:56
(epstopdf)                    size: 168026 bytes
(epstopdf)             Output file: <Figures/Prob3/r020-eps-converted-to.pdf>
(epstopdf)                    date: 2020-11-16 20:21:36
(epstopdf)                    size: 84515 bytes
(epstopdf)             Command: <epstopdf --outfile=Figures/Prob3/r020-eps-conv
erted-to.pdf Figures/Prob3/r020.eps>
(epstopdf)             \includegraphics on input line 396.
Package epstopdf Info: Output file is already uptodate.


pdfTeX warning: pdflatex.exe (file ./Figures/Prob3/r020-eps-converted-to.pdf): 
PDF inclusion: found PDF version <1.7>, but at most version <1.5> allowed
<Figures/Prob3/r020-eps-converted-to.pdf, id=114, 326.21875pt x 329.23pt>
File: Figures/Prob3/r020-eps-converted-to.pdf Graphic file (type pdf)
<use Figures/Prob3/r020-eps-converted-to.pdf>
Package pdftex.def Info: Figures/Prob3/r020-eps-converted-to.pdf  used on input
 line 396.
(pdftex.def)             Requested size: 98.67276pt x 99.58464pt.
Package epstopdf Info: Source file: <Figures/Prob3/r040.eps>
(epstopdf)                    date: 2020-11-16 20:20:57
(epstopdf)                    size: 206850 bytes
(epstopdf)             Output file: <Figures/Prob3/r040-eps-converted-to.pdf>
(epstopdf)                    date: 2020-11-16 20:21:38
(epstopdf)                    size: 111711 bytes
(epstopdf)             Command: <epstopdf --outfile=Figures/Prob3/r040-eps-conv
erted-to.pdf Figures/Prob3/r040.eps>
(epstopdf)             \includegraphics on input line 401.
Package epstopdf Info: Output file is already uptodate.


pdfTeX warning: pdflatex.exe (file ./Figures/Prob3/r040-eps-converted-to.pdf): 
PDF inclusion: found PDF version <1.7>, but at most version <1.5> allowed
<Figures/Prob3/r040-eps-converted-to.pdf, id=115, 326.21875pt x 329.23pt>
File: Figures/Prob3/r040-eps-converted-to.pdf Graphic file (type pdf)
<use Figures/Prob3/r040-eps-converted-to.pdf>
Package pdftex.def Info: Figures/Prob3/r040-eps-converted-to.pdf  used on input
 line 401.
(pdftex.def)             Requested size: 98.67276pt x 99.58464pt.
Package epstopdf Info: Source file: <Figures/Prob3/r060.eps>
(epstopdf)                    date: 2020-11-16 20:20:58
(epstopdf)                    size: 324720 bytes
(epstopdf)             Output file: <Figures/Prob3/r060-eps-converted-to.pdf>
(epstopdf)                    date: 2020-11-16 20:21:41
(epstopdf)                    size: 172824 bytes
(epstopdf)             Command: <epstopdf --outfile=Figures/Prob3/r060-eps-conv
erted-to.pdf Figures/Prob3/r060.eps>
(epstopdf)             \includegraphics on input line 409.
Package epstopdf Info: Output file is already uptodate.


pdfTeX warning: pdflatex.exe (file ./Figures/Prob3/r060-eps-converted-to.pdf): 
PDF inclusion: found PDF version <1.7>, but at most version <1.5> allowed
<Figures/Prob3/r060-eps-converted-to.pdf, id=116, 326.21875pt x 329.23pt>
File: Figures/Prob3/r060-eps-converted-to.pdf Graphic file (type pdf)
<use Figures/Prob3/r060-eps-converted-to.pdf>
Package pdftex.def Info: Figures/Prob3/r060-eps-converted-to.pdf  used on input
 line 409.
(pdftex.def)             Requested size: 98.67276pt x 99.58464pt.
Package epstopdf Info: Source file: <Figures/Prob3/r080.eps>
(epstopdf)                    date: 2020-11-16 20:20:59
(epstopdf)                    size: 371221 bytes
(epstopdf)             Output file: <Figures/Prob3/r080-eps-converted-to.pdf>
(epstopdf)                    date: 2020-11-16 20:21:44
(epstopdf)                    size: 256098 bytes
(epstopdf)             Command: <epstopdf --outfile=Figures/Prob3/r080-eps-conv
erted-to.pdf Figures/Prob3/r080.eps>
(epstopdf)             \includegraphics on input line 414.
Package epstopdf Info: Output file is already uptodate.


pdfTeX warning: pdflatex.exe (file ./Figures/Prob3/r080-eps-converted-to.pdf): 
PDF inclusion: found PDF version <1.7>, but at most version <1.5> allowed
<Figures/Prob3/r080-eps-converted-to.pdf, id=117, 326.21875pt x 329.23pt>
File: Figures/Prob3/r080-eps-converted-to.pdf Graphic file (type pdf)
<use Figures/Prob3/r080-eps-converted-to.pdf>
Package pdftex.def Info: Figures/Prob3/r080-eps-converted-to.pdf  used on input
 line 414.
(pdftex.def)             Requested size: 98.67276pt x 99.58464pt.
Package epstopdf Info: Source file: <Figures/Prob3/r0100.eps>
(epstopdf)                    date: 2020-11-16 20:21:00
(epstopdf)                    size: 375707 bytes
(epstopdf)             Output file: <Figures/Prob3/r0100-eps-converted-to.pdf>
(epstopdf)                    date: 2020-11-16 20:21:47
(epstopdf)                    size: 264744 bytes
(epstopdf)             Command: <epstopdf --outfile=Figures/Prob3/r0100-eps-con
verted-to.pdf Figures/Prob3/r0100.eps>
(epstopdf)             \includegraphics on input line 419.
Package epstopdf Info: Output file is already uptodate.


pdfTeX warning: pdflatex.exe (file ./Figures/Prob3/r0100-eps-converted-to.pdf):
 PDF inclusion: found PDF version <1.7>, but at most version <1.5> allowed
<Figures/Prob3/r0100-eps-converted-to.pdf, id=118, 326.21875pt x 329.23pt>
File: Figures/Prob3/r0100-eps-converted-to.pdf Graphic file (type pdf)
<use Figures/Prob3/r0100-eps-converted-to.pdf>
Package pdftex.def Info: Figures/Prob3/r0100-eps-converted-to.pdf  used on inpu
t line 419.
(pdftex.def)             Requested size: 98.67276pt x 99.58464pt.
Package epstopdf Info: Source file: <Figures/Prob3/p1.eps>
(epstopdf)                    date: 2020-11-16 20:21:01
(epstopdf)                    size: 321818 bytes
(epstopdf)             Output file: <Figures/Prob3/p1-eps-converted-to.pdf>
(epstopdf)                    date: 2020-11-16 20:21:49
(epstopdf)                    size: 178871 bytes
(epstopdf)             Command: <epstopdf --outfile=Figures/Prob3/p1-eps-conver
ted-to.pdf Figures/Prob3/p1.eps>
(epstopdf)             \includegraphics on input line 430.
Package epstopdf Info: Output file is already uptodate.


pdfTeX warning: pdflatex.exe (file ./Figures/Prob3/p1-eps-converted-to.pdf): PD
F inclusion: found PDF version <1.7>, but at most version <1.5> allowed
<Figures/Prob3/p1-eps-converted-to.pdf, id=119, 326.21875pt x 329.23pt>
File: Figures/Prob3/p1-eps-converted-to.pdf Graphic file (type pdf)
<use Figures/Prob3/p1-eps-converted-to.pdf>
Package pdftex.def Info: Figures/Prob3/p1-eps-converted-to.pdf  used on input l
ine 430.
(pdftex.def)             Requested size: 98.67276pt x 99.58464pt.
Package epstopdf Info: Source file: <Figures/Prob3/p3.eps>
(epstopdf)                    date: 2020-11-16 20:21:02
(epstopdf)                    size: 275804 bytes
(epstopdf)             Output file: <Figures/Prob3/p3-eps-converted-to.pdf>
(epstopdf)                    date: 2020-11-16 20:21:52
(epstopdf)                    size: 140536 bytes
(epstopdf)             Command: <epstopdf --outfile=Figures/Prob3/p3-eps-conver
ted-to.pdf Figures/Prob3/p3.eps>
(epstopdf)             \includegraphics on input line 435.
Package epstopdf Info: Output file is already uptodate.


pdfTeX warning: pdflatex.exe (file ./Figures/Prob3/p3-eps-converted-to.pdf): PD
F inclusion: found PDF version <1.7>, but at most version <1.5> allowed
<Figures/Prob3/p3-eps-converted-to.pdf, id=120, 326.21875pt x 329.23pt>
File: Figures/Prob3/p3-eps-converted-to.pdf Graphic file (type pdf)
<use Figures/Prob3/p3-eps-converted-to.pdf>
Package pdftex.def Info: Figures/Prob3/p3-eps-converted-to.pdf  used on input l
ine 435.
(pdftex.def)             Requested size: 98.67276pt x 99.58464pt.
Package epstopdf Info: Source file: <Figures/Prob3/p6.eps>
(epstopdf)                    date: 2020-11-16 20:21:03
(epstopdf)                    size: 230593 bytes
(epstopdf)             Output file: <Figures/Prob3/p6-eps-converted-to.pdf>
(epstopdf)                    date: 2020-11-16 20:21:54
(epstopdf)                    size: 123890 bytes
(epstopdf)             Command: <epstopdf --outfile=Figures/Prob3/p6-eps-conver
ted-to.pdf Figures/Prob3/p6.eps>
(epstopdf)             \includegraphics on input line 440.
Package epstopdf Info: Output file is already uptodate.


pdfTeX warning: pdflatex.exe (file ./Figures/Prob3/p6-eps-converted-to.pdf): PD
F inclusion: found PDF version <1.7>, but at most version <1.5> allowed
<Figures/Prob3/p6-eps-converted-to.pdf, id=121, 326.21875pt x 329.23pt>
File: Figures/Prob3/p6-eps-converted-to.pdf Graphic file (type pdf)
<use Figures/Prob3/p6-eps-converted-to.pdf>
Package pdftex.def Info: Figures/Prob3/p6-eps-converted-to.pdf  used on input l
ine 440.
(pdftex.def)             Requested size: 98.67276pt x 99.58464pt.
Package epstopdf Info: Source file: <Figures/Prob3/p10.eps>
(epstopdf)                    date: 2020-11-16 20:21:04
(epstopdf)                    size: 224144 bytes
(epstopdf)             Output file: <Figures/Prob3/p10-eps-converted-to.pdf>
(epstopdf)                    date: 2020-11-16 20:21:57
(epstopdf)                    size: 121169 bytes
(epstopdf)             Command: <epstopdf --outfile=Figures/Prob3/p10-eps-conve
rted-to.pdf Figures/Prob3/p10.eps>
(epstopdf)             \includegraphics on input line 448.
Package epstopdf Info: Output file is already uptodate.


pdfTeX warning: pdflatex.exe (file ./Figures/Prob3/p10-eps-converted-to.pdf): P
DF inclusion: found PDF version <1.7>, but at most version <1.5> allowed
<Figures/Prob3/p10-eps-converted-to.pdf, id=122, 326.21875pt x 329.23pt>
File: Figures/Prob3/p10-eps-converted-to.pdf Graphic file (type pdf)
<use Figures/Prob3/p10-eps-converted-to.pdf>
Package pdftex.def Info: Figures/Prob3/p10-eps-converted-to.pdf  used on input 
line 448.
(pdftex.def)             Requested size: 112.76958pt x 113.81102pt.
Package epstopdf Info: Source file: <Figures/Prob3/p25.eps>
(epstopdf)                    date: 2020-11-16 20:21:05
(epstopdf)                    size: 228585 bytes
(epstopdf)             Output file: <Figures/Prob3/p25-eps-converted-to.pdf>
(epstopdf)                    date: 2020-11-16 20:21:59
(epstopdf)                    size: 121819 bytes
(epstopdf)             Command: <epstopdf --outfile=Figures/Prob3/p25-eps-conve
rted-to.pdf Figures/Prob3/p25.eps>
(epstopdf)             \includegraphics on input line 453.
Package epstopdf Info: Output file is already uptodate.


pdfTeX warning: pdflatex.exe (file ./Figures/Prob3/p25-eps-converted-to.pdf): P
DF inclusion: found PDF version <1.7>, but at most version <1.5> allowed
<Figures/Prob3/p25-eps-converted-to.pdf, id=123, 326.21875pt x 329.23pt>
File: Figures/Prob3/p25-eps-converted-to.pdf Graphic file (type pdf)
<use Figures/Prob3/p25-eps-converted-to.pdf>
Package pdftex.def Info: Figures/Prob3/p25-eps-converted-to.pdf  used on input 
line 453.
(pdftex.def)             Requested size: 112.76958pt x 113.81102pt.
Package epstopdf Info: Source file: <Figures/Prob3/p100.eps>
(epstopdf)                    date: 2020-11-16 20:21:06
(epstopdf)                    size: 233980 bytes
(epstopdf)             Output file: <Figures/Prob3/p100-eps-converted-to.pdf>
(epstopdf)                    date: 2020-11-16 20:22:02
(epstopdf)                    size: 122712 bytes
(epstopdf)             Command: <epstopdf --outfile=Figures/Prob3/p100-eps-conv
erted-to.pdf Figures/Prob3/p100.eps>
(epstopdf)             \includegraphics on input line 458.
Package epstopdf Info: Output file is already uptodate.


pdfTeX warning: pdflatex.exe (file ./Figures/Prob3/p100-eps-converted-to.pdf): 
PDF inclusion: found PDF version <1.7>, but at most version <1.5> allowed
<Figures/Prob3/p100-eps-converted-to.pdf, id=124, 326.21875pt x 329.23pt>
File: Figures/Prob3/p100-eps-converted-to.pdf Graphic file (type pdf)
<use Figures/Prob3/p100-eps-converted-to.pdf>
Package pdftex.def Info: Figures/Prob3/p100-eps-converted-to.pdf  used on input
 line 458.
(pdftex.def)             Requested size: 112.76958pt x 113.81102pt.
[9 <./Figures/Prob3/r01-eps-converted-to.pdf> <./Figures/Prob3/r020-eps-convert
ed-to.pdf> <./Figures/Prob3/r040-eps-converted-to.pdf> <./Figures/Prob3/r060-ep
s-converted-to.pdf> <./Figures/Prob3/r080-eps-converted-to.pdf> <./Figures/Prob
3/r0100-eps-converted-to.pdf> <./Figures/Prob3/p1-eps-converted-to.pdf> <./Figu
res/Prob3/p3-eps-converted-to.pdf> <./Figures/Prob3/p6-eps-converted-to.pdf> <.
/Figures/Prob3/p10-eps-converted-to.pdf> <./Figures/Prob3/p25-eps-converted-to.
pdf> <./Figures/Prob3/p100-eps-converted-to.pdf>]
<Figures/Lena2.png, id=164, 423.83344pt x 429.10312pt>
File: Figures/Lena2.png Graphic file (type png)
<use Figures/Lena2.png>
Package pdftex.def Info: Figures/Lena2.png  used on input line 469.
(pdftex.def)             Requested size: 168.61848pt x 170.71652pt.

Underfull \hbox (badness 10000) in paragraph at lines 472--476

 []


Underfull \hbox (badness 10000) in paragraph at lines 472--476

 []


Underfull \hbox (badness 10000) in paragraph at lines 472--476

 []

[10 <./Figures/Lena2.png>] [11]
Package epstopdf Info: Source file: <Figures/Prob4/1.eps>
(epstopdf)                    date: 2020-11-16 20:08:27
(epstopdf)                    size: 573578 bytes
(epstopdf)             Output file: <Figures/Prob4/1-eps-converted-to.pdf>
(epstopdf)                    date: 2020-11-16 20:11:36
(epstopdf)                    size: 311905 bytes
(epstopdf)             Command: <epstopdf --outfile=Figures/Prob4/1-eps-convert
ed-to.pdf Figures/Prob4/1.eps>
(epstopdf)             \includegraphics on input line 566.
Package epstopdf Info: Output file is already uptodate.


pdfTeX warning: pdflatex.exe (file ./Figures/Prob4/1-eps-converted-to.pdf): PDF
 inclusion: found PDF version <1.7>, but at most version <1.5> allowed
<Figures/Prob4/1-eps-converted-to.pdf, id=173, 424.58624pt x 429.605pt>
File: Figures/Prob4/1-eps-converted-to.pdf Graphic file (type pdf)
<use Figures/Prob4/1-eps-converted-to.pdf>
Package pdftex.def Info: Figures/Prob4/1-eps-converted-to.pdf  used on input li
ne 566.
(pdftex.def)             Requested size: 112.47594pt x 113.81102pt.
Package epstopdf Info: Source file: <Figures/Prob4/2.eps>
(epstopdf)                    date: 2020-11-16 20:08:28
(epstopdf)                    size: 633330 bytes
(epstopdf)             Output file: <Figures/Prob4/2-eps-converted-to.pdf>
(epstopdf)                    date: 2020-11-16 20:11:39
(epstopdf)                    size: 209635 bytes
(epstopdf)             Command: <epstopdf --outfile=Figures/Prob4/2-eps-convert
ed-to.pdf Figures/Prob4/2.eps>
(epstopdf)             \includegraphics on input line 571.
Package epstopdf Info: Output file is already uptodate.


pdfTeX warning: pdflatex.exe (file ./Figures/Prob4/2-eps-converted-to.pdf): PDF
 inclusion: found PDF version <1.7>, but at most version <1.5> allowed
<Figures/Prob4/2-eps-converted-to.pdf, id=174, 514.92375pt x 514.92375pt>
File: Figures/Prob4/2-eps-converted-to.pdf Graphic file (type pdf)
<use Figures/Prob4/2-eps-converted-to.pdf>
Package pdftex.def Info: Figures/Prob4/2-eps-converted-to.pdf  used on input li
ne 571.
(pdftex.def)             Requested size: 113.81pt x 113.81102pt.
Package epstopdf Info: Source file: <Figures/Prob4/3.eps>
(epstopdf)                    date: 2020-11-16 20:08:30
(epstopdf)                    size: 419116 bytes
(epstopdf)             Output file: <Figures/Prob4/3-eps-converted-to.pdf>
(epstopdf)                    date: 2020-11-16 20:11:42
(epstopdf)                    size: 341567 bytes
(epstopdf)             Command: <epstopdf --outfile=Figures/Prob4/3-eps-convert
ed-to.pdf Figures/Prob4/3.eps>
(epstopdf)             \includegraphics on input line 576.
Package epstopdf Info: Output file is already uptodate.


pdfTeX warning: pdflatex.exe (file ./Figures/Prob4/3-eps-converted-to.pdf): PDF
 inclusion: found PDF version <1.7>, but at most version <1.5> allowed
<Figures/Prob4/3-eps-converted-to.pdf, id=175, 514.92375pt x 514.92375pt>
File: Figures/Prob4/3-eps-converted-to.pdf Graphic file (type pdf)
<use Figures/Prob4/3-eps-converted-to.pdf>
Package pdftex.def Info: Figures/Prob4/3-eps-converted-to.pdf  used on input li
ne 576.
(pdftex.def)             Requested size: 113.81pt x 113.81102pt.
Package epstopdf Info: Source file: <Figures/Prob4/4.eps>
(epstopdf)                    date: 2020-11-16 20:08:32
(epstopdf)                    size: 1806854 bytes
(epstopdf)             Output file: <Figures/Prob4/4-eps-converted-to.pdf>
(epstopdf)                    date: 2020-11-16 20:11:48
(epstopdf)                    size: 735212 bytes
(epstopdf)             Command: <epstopdf --outfile=Figures/Prob4/4-eps-convert
ed-to.pdf Figures/Prob4/4.eps>
(epstopdf)             \includegraphics on input line 584.
Package epstopdf Info: Output file is already uptodate.


pdfTeX warning: pdflatex.exe (file ./Figures/Prob4/4-eps-converted-to.pdf): PDF
 inclusion: found PDF version <1.7>, but at most version <1.5> allowed
<Figures/Prob4/4-eps-converted-to.pdf, id=176, 514.92375pt x 514.92375pt>
File: Figures/Prob4/4-eps-converted-to.pdf Graphic file (type pdf)
<use Figures/Prob4/4-eps-converted-to.pdf>
Package pdftex.def Info: Figures/Prob4/4-eps-converted-to.pdf  used on input li
ne 584.
(pdftex.def)             Requested size: 113.81pt x 113.81102pt.
Package epstopdf Info: Source file: <Figures/Prob4/5.eps>
(epstopdf)                    date: 2020-11-16 20:08:33
(epstopdf)                    size: 63784 bytes
(epstopdf)             Output file: <Figures/Prob4/5-eps-converted-to.pdf>
(epstopdf)                    date: 2020-11-16 20:11:50
(epstopdf)                    size: 31115 bytes
(epstopdf)             Command: <epstopdf --outfile=Figures/Prob4/5-eps-convert
ed-to.pdf Figures/Prob4/5.eps>
(epstopdf)             \includegraphics on input line 589.
Package epstopdf Info: Output file is already uptodate.


pdfTeX warning: pdflatex.exe (file ./Figures/Prob4/5-eps-converted-to.pdf): PDF
 inclusion: found PDF version <1.7>, but at most version <1.5> allowed
<Figures/Prob4/5-eps-converted-to.pdf, id=177, 514.92375pt x 514.92375pt>
File: Figures/Prob4/5-eps-converted-to.pdf Graphic file (type pdf)
<use Figures/Prob4/5-eps-converted-to.pdf>
Package pdftex.def Info: Figures/Prob4/5-eps-converted-to.pdf  used on input li
ne 589.
(pdftex.def)             Requested size: 113.81pt x 113.81102pt.
Package epstopdf Info: Source file: <Figures/Prob4/6.eps>
(epstopdf)                    date: 2020-11-16 20:08:35
(epstopdf)                    size: 247213 bytes
(epstopdf)             Output file: <Figures/Prob4/6-eps-converted-to.pdf>
(epstopdf)                    date: 2020-11-16 20:11:52
(epstopdf)                    size: 116187 bytes
(epstopdf)             Command: <epstopdf --outfile=Figures/Prob4/6-eps-convert
ed-to.pdf Figures/Prob4/6.eps>
(epstopdf)             \includegraphics on input line 594.
Package epstopdf Info: Output file is already uptodate.


pdfTeX warning: pdflatex.exe (file ./Figures/Prob4/6-eps-converted-to.pdf): PDF
 inclusion: found PDF version <1.7>, but at most version <1.5> allowed
<Figures/Prob4/6-eps-converted-to.pdf, id=178, 514.92375pt x 514.92375pt>
File: Figures/Prob4/6-eps-converted-to.pdf Graphic file (type pdf)
<use Figures/Prob4/6-eps-converted-to.pdf>
Package pdftex.def Info: Figures/Prob4/6-eps-converted-to.pdf  used on input li
ne 594.
(pdftex.def)             Requested size: 113.81pt x 113.81102pt.
Package epstopdf Info: Source file: <Figures/Prob4/7.eps>
(epstopdf)                    date: 2020-11-16 20:08:37
(epstopdf)                    size: 396642 bytes
(epstopdf)             Output file: <Figures/Prob4/7-eps-converted-to.pdf>
(epstopdf)                    date: 2020-11-16 20:11:55
(epstopdf)                    size: 204252 bytes
(epstopdf)             Command: <epstopdf --outfile=Figures/Prob4/7-eps-convert
ed-to.pdf Figures/Prob4/7.eps>
(epstopdf)             \includegraphics on input line 602.
Package epstopdf Info: Output file is already uptodate.


pdfTeX warning: pdflatex.exe (file ./Figures/Prob4/7-eps-converted-to.pdf): PDF
 inclusion: found PDF version <1.7>, but at most version <1.5> allowed
<Figures/Prob4/7-eps-converted-to.pdf, id=179, 514.92375pt x 514.92375pt>
File: Figures/Prob4/7-eps-converted-to.pdf Graphic file (type pdf)
<use Figures/Prob4/7-eps-converted-to.pdf>
Package pdftex.def Info: Figures/Prob4/7-eps-converted-to.pdf  used on input li
ne 602.
(pdftex.def)             Requested size: 113.81pt x 113.81102pt.
Package epstopdf Info: Source file: <Figures/Prob4/8.eps>
(epstopdf)                    date: 2020-11-16 20:08:38
(epstopdf)                    size: 328390 bytes
(epstopdf)             Output file: <Figures/Prob4/8-eps-converted-to.pdf>
(epstopdf)                    date: 2020-11-16 20:11:58
(epstopdf)                    size: 168937 bytes
(epstopdf)             Command: <epstopdf --outfile=Figures/Prob4/8-eps-convert
ed-to.pdf Figures/Prob4/8.eps>
(epstopdf)             \includegraphics on input line 607.
Package epstopdf Info: Output file is already uptodate.


pdfTeX warning: pdflatex.exe (file ./Figures/Prob4/8-eps-converted-to.pdf): PDF
 inclusion: found PDF version <1.7>, but at most version <1.5> allowed
<Figures/Prob4/8-eps-converted-to.pdf, id=180, 424.58624pt x 429.605pt>
File: Figures/Prob4/8-eps-converted-to.pdf Graphic file (type pdf)
<use Figures/Prob4/8-eps-converted-to.pdf>
Package pdftex.def Info: Figures/Prob4/8-eps-converted-to.pdf  used on input li
ne 607.
(pdftex.def)             Requested size: 112.47594pt x 113.81102pt.
[12 <./Figures/Prob4/1-eps-converted-to.pdf> <./Figures/Prob4/2-eps-converted-t
o.pdf> <./Figures/Prob4/3-eps-converted-to.pdf> <./Figures/Prob4/4-eps-converte
d-to.pdf> <./Figures/Prob4/5-eps-converted-to.pdf> <./Figures/Prob4/6-eps-conve
rted-to.pdf> <./Figures/Prob4/7-eps-converted-to.pdf> <./Figures/Prob4/8-eps-co
nverted-to.pdf>]
Package epstopdf Info: Source file: <Figures/Prob4/r01.eps>
(epstopdf)                    date: 2020-11-16 20:08:39
(epstopdf)                    size: 90143 bytes
(epstopdf)             Output file: <Figures/Prob4/r01-eps-converted-to.pdf>
(epstopdf)                    date: 2020-11-16 20:11:59
(epstopdf)                    size: 57090 bytes
(epstopdf)             Command: <epstopdf --outfile=Figures/Prob4/r01-eps-conve
rted-to.pdf Figures/Prob4/r01.eps>
(epstopdf)             \includegraphics on input line 622.
Package epstopdf Info: Output file is already uptodate.


pdfTeX warning: pdflatex.exe (file ./Figures/Prob4/r01-eps-converted-to.pdf): P
DF inclusion: found PDF version <1.7>, but at most version <1.5> allowed
<Figures/Prob4/r01-eps-converted-to.pdf, id=208, 424.58624pt x 429.605pt>
File: Figures/Prob4/r01-eps-converted-to.pdf Graphic file (type pdf)
<use Figures/Prob4/r01-eps-converted-to.pdf>
Package pdftex.def Info: Figures/Prob4/r01-eps-converted-to.pdf  used on input 
line 622.
(pdftex.def)             Requested size: 112.47594pt x 113.81102pt.
Package epstopdf Info: Source file: <Figures/Prob4/r020.eps>
(epstopdf)                    date: 2020-11-16 20:08:40
(epstopdf)                    size: 232750 bytes
(epstopdf)             Output file: <Figures/Prob4/r020-eps-converted-to.pdf>
(epstopdf)                    date: 2020-11-16 20:12:02
(epstopdf)                    size: 132684 bytes
(epstopdf)             Command: <epstopdf --outfile=Figures/Prob4/r020-eps-conv
erted-to.pdf Figures/Prob4/r020.eps>
(epstopdf)             \includegraphics on input line 627.
Package epstopdf Info: Output file is already uptodate.


pdfTeX warning: pdflatex.exe (file ./Figures/Prob4/r020-eps-converted-to.pdf): 
PDF inclusion: found PDF version <1.7>, but at most version <1.5> allowed
<Figures/Prob4/r020-eps-converted-to.pdf, id=209, 424.58624pt x 429.605pt>
File: Figures/Prob4/r020-eps-converted-to.pdf Graphic file (type pdf)
<use Figures/Prob4/r020-eps-converted-to.pdf>
Package pdftex.def Info: Figures/Prob4/r020-eps-converted-to.pdf  used on input
 line 627.
(pdftex.def)             Requested size: 112.47594pt x 113.81102pt.
Package epstopdf Info: Source file: <Figures/Prob4/r040.eps>
(epstopdf)                    date: 2020-11-16 20:08:41
(epstopdf)                    size: 328393 bytes
(epstopdf)             Output file: <Figures/Prob4/r040-eps-converted-to.pdf>
(epstopdf)                    date: 2020-11-16 20:12:05
(epstopdf)                    size: 168943 bytes
(epstopdf)             Command: <epstopdf --outfile=Figures/Prob4/r040-eps-conv
erted-to.pdf Figures/Prob4/r040.eps>
(epstopdf)             \includegraphics on input line 632.
Package epstopdf Info: Output file is already uptodate.


pdfTeX warning: pdflatex.exe (file ./Figures/Prob4/r040-eps-converted-to.pdf): 
PDF inclusion: found PDF version <1.7>, but at most version <1.5> allowed
<Figures/Prob4/r040-eps-converted-to.pdf, id=210, 424.58624pt x 429.605pt>
File: Figures/Prob4/r040-eps-converted-to.pdf Graphic file (type pdf)
<use Figures/Prob4/r040-eps-converted-to.pdf>
Package pdftex.def Info: Figures/Prob4/r040-eps-converted-to.pdf  used on input
 line 632.
(pdftex.def)             Requested size: 112.47594pt x 113.81102pt.
Package epstopdf Info: Source file: <Figures/Prob4/r060.eps>
(epstopdf)                    date: 2020-11-16 20:08:43
(epstopdf)                    size: 400253 bytes
(epstopdf)             Output file: <Figures/Prob4/r060-eps-converted-to.pdf>
(epstopdf)                    date: 2020-11-16 20:12:07
(epstopdf)                    size: 201774 bytes
(epstopdf)             Command: <epstopdf --outfile=Figures/Prob4/r060-eps-conv
erted-to.pdf Figures/Prob4/r060.eps>
(epstopdf)             \includegraphics on input line 640.
Package epstopdf Info: Output file is already uptodate.


pdfTeX warning: pdflatex.exe (file ./Figures/Prob4/r060-eps-converted-to.pdf): 
PDF inclusion: found PDF version <1.7>, but at most version <1.5> allowed
<Figures/Prob4/r060-eps-converted-to.pdf, id=211, 424.58624pt x 429.605pt>
File: Figures/Prob4/r060-eps-converted-to.pdf Graphic file (type pdf)
<use Figures/Prob4/r060-eps-converted-to.pdf>
Package pdftex.def Info: Figures/Prob4/r060-eps-converted-to.pdf  used on input
 line 640.
(pdftex.def)             Requested size: 112.47594pt x 113.81102pt.
Package epstopdf Info: Source file: <Figures/Prob4/r080.eps>
(epstopdf)                    date: 2020-11-16 20:08:44
(epstopdf)                    size: 450927 bytes
(epstopdf)             Output file: <Figures/Prob4/r080-eps-converted-to.pdf>
(epstopdf)                    date: 2020-11-16 20:12:10
(epstopdf)                    size: 231820 bytes
(epstopdf)             Command: <epstopdf --outfile=Figures/Prob4/r080-eps-conv
erted-to.pdf Figures/Prob4/r080.eps>
(epstopdf)             \includegraphics on input line 645.
Package epstopdf Info: Output file is already uptodate.


pdfTeX warning: pdflatex.exe (file ./Figures/Prob4/r080-eps-converted-to.pdf): 
PDF inclusion: found PDF version <1.7>, but at most version <1.5> allowed
<Figures/Prob4/r080-eps-converted-to.pdf, id=212, 424.58624pt x 429.605pt>
File: Figures/Prob4/r080-eps-converted-to.pdf Graphic file (type pdf)
<use Figures/Prob4/r080-eps-converted-to.pdf>
Package pdftex.def Info: Figures/Prob4/r080-eps-converted-to.pdf  used on input
 line 645.
(pdftex.def)             Requested size: 112.47594pt x 113.81102pt.
Package epstopdf Info: Source file: <Figures/Prob4/r0100.eps>
(epstopdf)                    date: 2020-11-16 20:08:45
(epstopdf)                    size: 484972 bytes
(epstopdf)             Output file: <Figures/Prob4/r0100-eps-converted-to.pdf>
(epstopdf)                    date: 2020-11-16 20:12:13
(epstopdf)                    size: 257381 bytes
(epstopdf)             Command: <epstopdf --outfile=Figures/Prob4/r0100-eps-con
verted-to.pdf Figures/Prob4/r0100.eps>
(epstopdf)             \includegraphics on input line 650.
Package epstopdf Info: Output file is already uptodate.


pdfTeX warning: pdflatex.exe (file ./Figures/Prob4/r0100-eps-converted-to.pdf):
 PDF inclusion: found PDF version <1.7>, but at most version <1.5> allowed
<Figures/Prob4/r0100-eps-converted-to.pdf, id=213, 424.58624pt x 429.605pt>
File: Figures/Prob4/r0100-eps-converted-to.pdf Graphic file (type pdf)
<use Figures/Prob4/r0100-eps-converted-to.pdf>
Package pdftex.def Info: Figures/Prob4/r0100-eps-converted-to.pdf  used on inpu
t line 650.
(pdftex.def)             Requested size: 112.47594pt x 113.81102pt.

Underfull \hbox (badness 10000) in paragraph at lines 612--654

 []


Underfull \hbox (badness 10000) in paragraph at lines 612--654

 []

[13 <./Figures/Prob4/r01-eps-converted-to.pdf> <./Figures/Prob4/r020-eps-conver
ted-to.pdf> <./Figures/Prob4/r040-eps-converted-to.pdf> <./Figures/Prob4/r060-e
ps-converted-to.pdf> <./Figures/Prob4/r080-eps-converted-to.pdf> <./Figures/Pro
b4/r0100-eps-converted-to.pdf>]
<Figures/Balloons.png, id=236, 642.4pt x 481.8pt>
File: Figures/Balloons.png Graphic file (type png)
<use Figures/Balloons.png>
Package pdftex.def Info: Figures/Balloons.png  used on input line 661.
(pdftex.def)             Requested size: 227.6174pt x 170.71652pt.

Underfull \hbox (badness 10000) in paragraph at lines 664--668

 []


Underfull \hbox (badness 10000) in paragraph at lines 664--668

 []


Underfull \hbox (badness 10000) in paragraph at lines 664--668

 []

[14 <./Figures/Balloons.png>] [15] [16]
Package epstopdf Info: Source file: <Figures/Prob5/Red/1.eps>
(epstopdf)                    date: 2020-11-16 19:57:33
(epstopdf)                    size: 435130 bytes
(epstopdf)             Output file: <Figures/Prob5/Red/1-eps-converted-to.pdf>
(epstopdf)                    date: 2020-11-16 20:02:19
(epstopdf)                    size: 977820 bytes
(epstopdf)             Command: <epstopdf --outfile=Figures/Prob5/Red/1-eps-con
verted-to.pdf Figures/Prob5/Red/1.eps>
(epstopdf)             \includegraphics on input line 810.
Package epstopdf Info: Output file is already uptodate.


pdfTeX warning: pdflatex.exe (file ./Figures/Prob5/Red/1-eps-converted-to.pdf):
 PDF inclusion: found PDF version <1.7>, but at most version <1.5> allowed
<Figures/Prob5/Red/1-eps-converted-to.pdf, id=246, 482.80376pt x 362.35374pt>
File: Figures/Prob5/Red/1-eps-converted-to.pdf Graphic file (type pdf)
<use Figures/Prob5/Red/1-eps-converted-to.pdf>
Package pdftex.def Info: Figures/Prob5/Red/1-eps-converted-to.pdf  used on inpu
t line 810.
(pdftex.def)             Requested size: 85.35385pt x 85.35771pt.

Overfull \hbox (0.80139pt too wide) in paragraph at lines 810--811
 [][] 
 []

Package epstopdf Info: Source file: <Figures/Prob5/Red/4.eps>
(epstopdf)                    date: 2020-11-16 19:57:38
(epstopdf)                    size: 1776276 bytes
(epstopdf)             Output file: <Figures/Prob5/Red/4-eps-converted-to.pdf>
(epstopdf)                    date: 2020-11-16 20:02:25
(epstopdf)                    size: 805042 bytes
(epstopdf)             Command: <epstopdf --outfile=Figures/Prob5/Red/4-eps-con
verted-to.pdf Figures/Prob5/Red/4.eps>
(epstopdf)             \includegraphics on input line 815.
Package epstopdf Info: Output file is already uptodate.


pdfTeX warning: pdflatex.exe (file ./Figures/Prob5/Red/4-eps-converted-to.pdf):
 PDF inclusion: found PDF version <1.7>, but at most version <1.5> allowed
<Figures/Prob5/Red/4-eps-converted-to.pdf, id=247, 514.92375pt x 514.92375pt>
File: Figures/Prob5/Red/4-eps-converted-to.pdf Graphic file (type pdf)
<use Figures/Prob5/Red/4-eps-converted-to.pdf>
Package pdftex.def Info: Figures/Prob5/Red/4-eps-converted-to.pdf  used on inpu
t line 815.
(pdftex.def)             Requested size: 85.3516pt x 85.3516pt.

Overfull \hbox (0.79913pt too wide) in paragraph at lines 815--816
 [][] 
 []

Package epstopdf Info: Source file: <Figures/Prob5/Red/5.eps>
(epstopdf)                    date: 2020-11-16 19:57:39
(epstopdf)                    size: 49010 bytes
(epstopdf)             Output file: <Figures/Prob5/Red/5-eps-converted-to.pdf>
(epstopdf)                    date: 2020-11-16 20:02:27
(epstopdf)                    size: 24494 bytes
(epstopdf)             Command: <epstopdf --outfile=Figures/Prob5/Red/5-eps-con
verted-to.pdf Figures/Prob5/Red/5.eps>
(epstopdf)             \includegraphics on input line 820.
Package epstopdf Info: Output file is already uptodate.


pdfTeX warning: pdflatex.exe (file ./Figures/Prob5/Red/5-eps-converted-to.pdf):
 PDF inclusion: found PDF version <1.7>, but at most version <1.5> allowed
<Figures/Prob5/Red/5-eps-converted-to.pdf, id=248, 514.92375pt x 514.92375pt>
File: Figures/Prob5/Red/5-eps-converted-to.pdf Graphic file (type pdf)
<use Figures/Prob5/Red/5-eps-converted-to.pdf>
Package pdftex.def Info: Figures/Prob5/Red/5-eps-converted-to.pdf  used on inpu
t line 820.
(pdftex.def)             Requested size: 85.3516pt x 85.3516pt.

Overfull \hbox (0.79913pt too wide) in paragraph at lines 820--821
 [][] 
 []

Package epstopdf Info: Source file: <Figures/Prob5/Red/6.eps>
(epstopdf)                    date: 2020-11-16 19:57:40
(epstopdf)                    size: 167871 bytes
(epstopdf)             Output file: <Figures/Prob5/Red/6-eps-converted-to.pdf>
(epstopdf)                    date: 2020-11-16 20:02:29
(epstopdf)                    size: 93300 bytes
(epstopdf)             Command: <epstopdf --outfile=Figures/Prob5/Red/6-eps-con
verted-to.pdf Figures/Prob5/Red/6.eps>
(epstopdf)             \includegraphics on input line 825.
Package epstopdf Info: Output file is already uptodate.


pdfTeX warning: pdflatex.exe (file ./Figures/Prob5/Red/6-eps-converted-to.pdf):
 PDF inclusion: found PDF version <1.7>, but at most version <1.5> allowed
<Figures/Prob5/Red/6-eps-converted-to.pdf, id=249, 514.92375pt x 514.92375pt>
File: Figures/Prob5/Red/6-eps-converted-to.pdf Graphic file (type pdf)
<use Figures/Prob5/Red/6-eps-converted-to.pdf>
Package pdftex.def Info: Figures/Prob5/Red/6-eps-converted-to.pdf  used on inpu
t line 825.
(pdftex.def)             Requested size: 85.3516pt x 85.3516pt.

Overfull \hbox (0.79913pt too wide) in paragraph at lines 825--826
 [][] 
 []

Package epstopdf Info: Source file: <Figures/Prob5/Red/8.eps>
(epstopdf)                    date: 2020-11-16 19:57:42
(epstopdf)                    size: 234922 bytes
(epstopdf)             Output file: <Figures/Prob5/Red/8-eps-converted-to.pdf>
(epstopdf)                    date: 2020-11-16 20:02:31
(epstopdf)                    size: 147780 bytes
(epstopdf)             Command: <epstopdf --outfile=Figures/Prob5/Red/8-eps-con
verted-to.pdf Figures/Prob5/Red/8.eps>
(epstopdf)             \includegraphics on input line 830.
Package epstopdf Info: Output file is already uptodate.


pdfTeX warning: pdflatex.exe (file ./Figures/Prob5/Red/8-eps-converted-to.pdf):
 PDF inclusion: found PDF version <1.7>, but at most version <1.5> allowed
<Figures/Prob5/Red/8-eps-converted-to.pdf, id=250, 482.80376pt x 362.35374pt>
File: Figures/Prob5/Red/8-eps-converted-to.pdf Graphic file (type pdf)
<use Figures/Prob5/Red/8-eps-converted-to.pdf>
Package pdftex.def Info: Figures/Prob5/Red/8-eps-converted-to.pdf  used on inpu
t line 830.
(pdftex.def)             Requested size: 85.35385pt x 85.35771pt.

Overfull \hbox (0.80139pt too wide) in paragraph at lines 830--831
 [][] 
 []

Package epstopdf Info: Source file: <Figures/Prob5/Green/1.eps>
(epstopdf)                    date: 2020-11-16 19:57:43
(epstopdf)                    size: 425579 bytes
(epstopdf)             Output file: <Figures/Prob5/Green/1-eps-converted-to.pdf
>
(epstopdf)                    date: 2020-11-16 20:02:34
(epstopdf)                    size: 982783 bytes
(epstopdf)             Command: <epstopdf --outfile=Figures/Prob5/Green/1-eps-c
onverted-to.pdf Figures/Prob5/Green/1.eps>
(epstopdf)             \includegraphics on input line 839.
Package epstopdf Info: Output file is already uptodate.


pdfTeX warning: pdflatex.exe (file ./Figures/Prob5/Green/1-eps-converted-to.pdf
): PDF inclusion: found PDF version <1.7>, but at most version <1.5> allowed
<Figures/Prob5/Green/1-eps-converted-to.pdf, id=251, 482.80376pt x 362.35374pt>

File: Figures/Prob5/Green/1-eps-converted-to.pdf Graphic file (type pdf)
<use Figures/Prob5/Green/1-eps-converted-to.pdf>
Package pdftex.def Info: Figures/Prob5/Green/1-eps-converted-to.pdf  used on in
put line 839.
(pdftex.def)             Requested size: 85.35385pt x 85.35771pt.

Overfull \hbox (0.80139pt too wide) in paragraph at lines 839--840
 [][] 
 []

Package epstopdf Info: Source file: <Figures/Prob5/Green/4.eps>
(epstopdf)                    date: 2020-11-16 19:57:49
(epstopdf)                    size: 1740162 bytes
(epstopdf)             Output file: <Figures/Prob5/Green/4-eps-converted-to.pdf
>
(epstopdf)                    date: 2020-11-16 20:02:40
(epstopdf)                    size: 772881 bytes
(epstopdf)             Command: <epstopdf --outfile=Figures/Prob5/Green/4-eps-c
onverted-to.pdf Figures/Prob5/Green/4.eps>
(epstopdf)             \includegraphics on input line 844.
Package epstopdf Info: Output file is already uptodate.


pdfTeX warning: pdflatex.exe (file ./Figures/Prob5/Green/4-eps-converted-to.pdf
): PDF inclusion: found PDF version <1.7>, but at most version <1.5> allowed
<Figures/Prob5/Green/4-eps-converted-to.pdf, id=252, 514.92375pt x 514.92375pt>

File: Figures/Prob5/Green/4-eps-converted-to.pdf Graphic file (type pdf)
<use Figures/Prob5/Green/4-eps-converted-to.pdf>
Package pdftex.def Info: Figures/Prob5/Green/4-eps-converted-to.pdf  used on in
put line 844.
(pdftex.def)             Requested size: 85.3516pt x 85.3516pt.

Overfull \hbox (0.79913pt too wide) in paragraph at lines 844--845
 [][] 
 []

Package epstopdf Info: Source file: <Figures/Prob5/Green/5.eps>
(epstopdf)                    date: 2020-11-16 19:57:50
(epstopdf)                    size: 49012 bytes
(epstopdf)             Output file: <Figures/Prob5/Green/5-eps-converted-to.pdf
>
(epstopdf)                    date: 2020-11-16 20:02:42
(epstopdf)                    size: 24498 bytes
(epstopdf)             Command: <epstopdf --outfile=Figures/Prob5/Green/5-eps-c
onverted-to.pdf Figures/Prob5/Green/5.eps>
(epstopdf)             \includegraphics on input line 849.
Package epstopdf Info: Output file is already uptodate.


pdfTeX warning: pdflatex.exe (file ./Figures/Prob5/Green/5-eps-converted-to.pdf
): PDF inclusion: found PDF version <1.7>, but at most version <1.5> allowed
<Figures/Prob5/Green/5-eps-converted-to.pdf, id=253, 514.92375pt x 514.92375pt>

File: Figures/Prob5/Green/5-eps-converted-to.pdf Graphic file (type pdf)
<use Figures/Prob5/Green/5-eps-converted-to.pdf>
Package pdftex.def Info: Figures/Prob5/Green/5-eps-converted-to.pdf  used on in
put line 849.
(pdftex.def)             Requested size: 85.3516pt x 85.3516pt.

Overfull \hbox (0.79913pt too wide) in paragraph at lines 849--850
 [][] 
 []

Package epstopdf Info: Source file: <Figures/Prob5/Green/6.eps>
(epstopdf)                    date: 2020-11-16 19:57:51
(epstopdf)                    size: 168616 bytes
(epstopdf)             Output file: <Figures/Prob5/Green/6-eps-converted-to.pdf
>
(epstopdf)                    date: 2020-11-16 20:02:44
(epstopdf)                    size: 93740 bytes
(epstopdf)             Command: <epstopdf --outfile=Figures/Prob5/Green/6-eps-c
onverted-to.pdf Figures/Prob5/Green/6.eps>
(epstopdf)             \includegraphics on input line 854.
Package epstopdf Info: Output file is already uptodate.


pdfTeX warning: pdflatex.exe (file ./Figures/Prob5/Green/6-eps-converted-to.pdf
): PDF inclusion: found PDF version <1.7>, but at most version <1.5> allowed
<Figures/Prob5/Green/6-eps-converted-to.pdf, id=254, 514.92375pt x 514.92375pt>

File: Figures/Prob5/Green/6-eps-converted-to.pdf Graphic file (type pdf)
<use Figures/Prob5/Green/6-eps-converted-to.pdf>
Package pdftex.def Info: Figures/Prob5/Green/6-eps-converted-to.pdf  used on in
put line 854.
(pdftex.def)             Requested size: 85.3516pt x 85.3516pt.

Overfull \hbox (0.79913pt too wide) in paragraph at lines 854--855
 [][] 
 []

Package epstopdf Info: Source file: <Figures/Prob5/Green/8.eps>
(epstopdf)                    date: 2020-11-16 19:57:54
(epstopdf)                    size: 238587 bytes
(epstopdf)             Output file: <Figures/Prob5/Green/8-eps-converted-to.pdf
>
(epstopdf)                    date: 2020-11-16 20:02:46
(epstopdf)                    size: 147310 bytes
(epstopdf)             Command: <epstopdf --outfile=Figures/Prob5/Green/8-eps-c
onverted-to.pdf Figures/Prob5/Green/8.eps>
(epstopdf)             \includegraphics on input line 859.
Package epstopdf Info: Output file is already uptodate.


pdfTeX warning: pdflatex.exe (file ./Figures/Prob5/Green/8-eps-converted-to.pdf
): PDF inclusion: found PDF version <1.7>, but at most version <1.5> allowed
<Figures/Prob5/Green/8-eps-converted-to.pdf, id=255, 482.80376pt x 362.35374pt>

File: Figures/Prob5/Green/8-eps-converted-to.pdf Graphic file (type pdf)
<use Figures/Prob5/Green/8-eps-converted-to.pdf>
Package pdftex.def Info: Figures/Prob5/Green/8-eps-converted-to.pdf  used on in
put line 859.
(pdftex.def)             Requested size: 85.35385pt x 85.35771pt.

Overfull \hbox (0.80139pt too wide) in paragraph at lines 859--860
 [][] 
 []

Package epstopdf Info: Source file: <Figures/Prob5/Blue/1.eps>
(epstopdf)                    date: 2020-11-16 19:57:55
(epstopdf)                    size: 444538 bytes
(epstopdf)             Output file: <Figures/Prob5/Blue/1-eps-converted-to.pdf>

(epstopdf)                    date: 2020-11-16 20:02:49
(epstopdf)                    size: 991132 bytes
(epstopdf)             Command: <epstopdf --outfile=Figures/Prob5/Blue/1-eps-co
nverted-to.pdf Figures/Prob5/Blue/1.eps>
(epstopdf)             \includegraphics on input line 868.
Package epstopdf Info: Output file is already uptodate.


pdfTeX warning: pdflatex.exe (file ./Figures/Prob5/Blue/1-eps-converted-to.pdf)
: PDF inclusion: found PDF version <1.7>, but at most version <1.5> allowed
<Figures/Prob5/Blue/1-eps-converted-to.pdf, id=256, 482.80376pt x 362.35374pt>
File: Figures/Prob5/Blue/1-eps-converted-to.pdf Graphic file (type pdf)
<use Figures/Prob5/Blue/1-eps-converted-to.pdf>
Package pdftex.def Info: Figures/Prob5/Blue/1-eps-converted-to.pdf  used on inp
ut line 868.
(pdftex.def)             Requested size: 85.35385pt x 85.35771pt.

Overfull \hbox (0.80139pt too wide) in paragraph at lines 868--869
 [][] 
 []

Package epstopdf Info: Source file: <Figures/Prob5/Blue/4.eps>
(epstopdf)                    date: 2020-11-16 19:58:02
(epstopdf)                    size: 1775302 bytes
(epstopdf)             Output file: <Figures/Prob5/Blue/4-eps-converted-to.pdf>

(epstopdf)                    date: 2020-11-16 20:02:55
(epstopdf)                    size: 802385 bytes
(epstopdf)             Command: <epstopdf --outfile=Figures/Prob5/Blue/4-eps-co
nverted-to.pdf Figures/Prob5/Blue/4.eps>
(epstopdf)             \includegraphics on input line 873.
Package epstopdf Info: Output file is already uptodate.


pdfTeX warning: pdflatex.exe (file ./Figures/Prob5/Blue/4-eps-converted-to.pdf)
: PDF inclusion: found PDF version <1.7>, but at most version <1.5> allowed
<Figures/Prob5/Blue/4-eps-converted-to.pdf, id=257, 514.92375pt x 514.92375pt>
File: Figures/Prob5/Blue/4-eps-converted-to.pdf Graphic file (type pdf)
<use Figures/Prob5/Blue/4-eps-converted-to.pdf>
Package pdftex.def Info: Figures/Prob5/Blue/4-eps-converted-to.pdf  used on inp
ut line 873.
(pdftex.def)             Requested size: 85.3516pt x 85.3516pt.

Overfull \hbox (0.79913pt too wide) in paragraph at lines 873--874
 [][] 
 []

Package epstopdf Info: Source file: <Figures/Prob5/Blue/5.eps>
(epstopdf)                    date: 2020-11-16 19:58:05
(epstopdf)                    size: 49011 bytes
(epstopdf)             Output file: <Figures/Prob5/Blue/5-eps-converted-to.pdf>

(epstopdf)                    date: 2020-11-16 20:02:57
(epstopdf)                    size: 24496 bytes
(epstopdf)             Command: <epstopdf --outfile=Figures/Prob5/Blue/5-eps-co
nverted-to.pdf Figures/Prob5/Blue/5.eps>
(epstopdf)             \includegraphics on input line 878.
Package epstopdf Info: Output file is already uptodate.


pdfTeX warning: pdflatex.exe (file ./Figures/Prob5/Blue/5-eps-converted-to.pdf)
: PDF inclusion: found PDF version <1.7>, but at most version <1.5> allowed
<Figures/Prob5/Blue/5-eps-converted-to.pdf, id=258, 514.92375pt x 514.92375pt>
File: Figures/Prob5/Blue/5-eps-converted-to.pdf Graphic file (type pdf)
<use Figures/Prob5/Blue/5-eps-converted-to.pdf>
Package pdftex.def Info: Figures/Prob5/Blue/5-eps-converted-to.pdf  used on inp
ut line 878.
(pdftex.def)             Requested size: 85.3516pt x 85.3516pt.

Overfull \hbox (0.79913pt too wide) in paragraph at lines 878--879
 [][] 
 []

Package epstopdf Info: Source file: <Figures/Prob5/Blue/6.eps>
(epstopdf)                    date: 2020-11-16 19:58:07
(epstopdf)                    size: 168730 bytes
(epstopdf)             Output file: <Figures/Prob5/Blue/6-eps-converted-to.pdf>

(epstopdf)                    date: 2020-11-16 20:02:59
(epstopdf)                    size: 93680 bytes
(epstopdf)             Command: <epstopdf --outfile=Figures/Prob5/Blue/6-eps-co
nverted-to.pdf Figures/Prob5/Blue/6.eps>
(epstopdf)             \includegraphics on input line 883.
Package epstopdf Info: Output file is already uptodate.


pdfTeX warning: pdflatex.exe (file ./Figures/Prob5/Blue/6-eps-converted-to.pdf)
: PDF inclusion: found PDF version <1.7>, but at most version <1.5> allowed
<Figures/Prob5/Blue/6-eps-converted-to.pdf, id=259, 514.92375pt x 514.92375pt>
File: Figures/Prob5/Blue/6-eps-converted-to.pdf Graphic file (type pdf)
<use Figures/Prob5/Blue/6-eps-converted-to.pdf>
Package pdftex.def Info: Figures/Prob5/Blue/6-eps-converted-to.pdf  used on inp
ut line 883.
(pdftex.def)             Requested size: 85.3516pt x 85.3516pt.

Overfull \hbox (0.79913pt too wide) in paragraph at lines 883--884
 [][] 
 []

Package epstopdf Info: Source file: <Figures/Prob5/Blue/8.eps>
(epstopdf)                    date: 2020-11-16 19:58:09
(epstopdf)                    size: 250270 bytes
(epstopdf)             Output file: <Figures/Prob5/Blue/8-eps-converted-to.pdf>

(epstopdf)                    date: 2020-11-16 20:03:01
(epstopdf)                    size: 146164 bytes
(epstopdf)             Command: <epstopdf --outfile=Figures/Prob5/Blue/8-eps-co
nverted-to.pdf Figures/Prob5/Blue/8.eps>
(epstopdf)             \includegraphics on input line 888.
Package epstopdf Info: Output file is already uptodate.


pdfTeX warning: pdflatex.exe (file ./Figures/Prob5/Blue/8-eps-converted-to.pdf)
: PDF inclusion: found PDF version <1.7>, but at most version <1.5> allowed
<Figures/Prob5/Blue/8-eps-converted-to.pdf, id=260, 482.80376pt x 362.35374pt>
File: Figures/Prob5/Blue/8-eps-converted-to.pdf Graphic file (type pdf)
<use Figures/Prob5/Blue/8-eps-converted-to.pdf>
Package pdftex.def Info: Figures/Prob5/Blue/8-eps-converted-to.pdf  used on inp
ut line 888.
(pdftex.def)             Requested size: 85.35385pt x 85.35771pt.

Overfull \hbox (0.80139pt too wide) in paragraph at lines 888--889
 [][] 
 []


Underfull \hbox (badness 10000) in paragraph at lines 800--892

 []


Underfull \hbox (badness 10000) in paragraph at lines 800--892

 []

[17 <./Figures/Prob5/Red/1-eps-converted-to.pdf> <./Figures/Prob5/Red/4-eps-con
verted-to.pdf> <./Figures/Prob5/Red/5-eps-converted-to.pdf> <./Figures/Prob5/Re
d/6-eps-converted-to.pdf> <./Figures/Prob5/Red/8-eps-converted-to.pdf> <./Figur
es/Prob5/Green/1-eps-converted-to.pdf> <./Figures/Prob5/Green/4-eps-converted-t
o.pdf> <./Figures/Prob5/Green/5-eps-converted-to.pdf> <./Figures/Prob5/Green/6-
eps-converted-to.pdf> <./Figures/Prob5/Green/8-eps-converted-to.pdf> <./Figures
/Prob5/Blue/1-eps-converted-to.pdf> <./Figures/Prob5/Blue/4-eps-converted-to.pd
f> <./Figures/Prob5/Blue/5-eps-converted-to.pdf> <./Figures/Prob5/Blue/6-eps-co
nverted-to.pdf> <./Figures/Prob5/Blue/8-eps-converted-to.pdf>]
Package epstopdf Info: Source file: <Figures/Prob5/Filtered.eps>
(epstopdf)                    date: 2020-11-16 19:58:10
(epstopdf)                    size: 886386 bytes
(epstopdf)             Output file: <Figures/Prob5/Filtered-eps-converted-to.pd
f>
(epstopdf)                    date: 2020-11-16 20:03:06
(epstopdf)                    size: 342465 bytes
(epstopdf)             Command: <epstopdf --outfile=Figures/Prob5/Filtered-eps-
converted-to.pdf Figures/Prob5/Filtered.eps>
(epstopdf)             \includegraphics on input line 896.
Package epstopdf Info: Output file is already uptodate.


pdfTeX warning: pdflatex.exe (file ./Figures/Prob5/Filtered-eps-converted-to.pd
f): PDF inclusion: found PDF version <1.7>, but at most version <1.5> allowed
<Figures/Prob5/Filtered-eps-converted-to.pdf, id=309, 482.80376pt x 362.35374pt
>
File: Figures/Prob5/Filtered-eps-converted-to.pdf Graphic file (type pdf)
<use Figures/Prob5/Filtered-eps-converted-to.pdf>
Package pdftex.def Info: Figures/Prob5/Filtered-eps-converted-to.pdf  used on i
nput line 896.
(pdftex.def)             Requested size: 234.8775pt x 176.27766pt.

Underfull \hbox (badness 10000) in paragraph at lines 893--899

 []


Underfull \hbox (badness 10000) in paragraph at lines 893--899

 []


Underfull \hbox (badness 10000) in paragraph at lines 899--902

 []

[18 <./Figures/Prob5/Filtered-eps-converted-to.pdf>] (Assignment4.aux) ) 
Here is how much of TeX's memory you used:
 9123 strings out of 481165
 146063 string characters out of 2898225
 691830 words of memory out of 3000000
 24615 multiletter control sequences out of 15000+200000
 544839 words of font info for 67 fonts, out of 3000000 for 9000
 1141 hyphenation exceptions out of 8191
 39i,14n,43p,980b,1834s stack positions out of 5000i,500n,10000p,200000b,50000s
<C:/Use
rs/Stephen Giang/AppData/Local/Programs/MiKTeX 2.9/fonts/type1/public/amsfonts/
cm/cmbsy10.pfb><C:/Users/Stephen Giang/AppData/Local/Programs/MiKTeX 2.9/fonts/
type1/public/amsfonts/cmextra/cmbsy6.pfb><C:/Users/Stephen Giang/AppData/Local/
Programs/MiKTeX 2.9/fonts/type1/public/amsfonts/cm/cmbx10.pfb><C:/Users/Stephen
 Giang/AppData/Local/Programs/MiKTeX 2.9/fonts/type1/public/amsfonts/cm/cmbx6.p
fb><C:/Users/Stephen Giang/AppData/Local/Programs/MiKTeX 2.9/fonts/type1/public
/amsfonts/cm/cmex10.pfb><C:/Users/Stephen Giang/AppData/Local/Programs/MiKTeX 2
.9/fonts/type1/public/amsfonts/cmextra/cmex8.pfb><C:/Users/Stephen Giang/AppDat
a/Local/Programs/MiKTeX 2.9/fonts/type1/public/amsfonts/cm/cmmi10.pfb><C:/Users
/Stephen Giang/AppData/Local/Programs/MiKTeX 2.9/fonts/type1/public/amsfonts/cm
/cmmi6.pfb><C:/Users/Stephen Giang/AppData/Local/Programs/MiKTeX 2.9/fonts/type
1/public/amsfonts/cm/cmmi7.pfb><C:/Users/Stephen Giang/AppData/Local/Programs/M
iKTeX 2.9/fonts/type1/public/amsfonts/cm/cmmi8.pfb><C:/Users/Stephen Giang/AppD
ata/Local/Programs/MiKTeX 2.9/fonts/type1/public/amsfonts/cm/cmmib10.pfb><C:/Us
ers/Stephen Giang/AppData/Local/Programs/MiKTeX 2.9/fonts/type1/public/amsfonts
/cmextra/cmmib6.pfb><C:/Users/Stephen Giang/AppData/Local/Programs/MiKTeX 2.9/f
onts/type1/public/amsfonts/cmextra/cmmib8.pfb><C:/Users/Stephen Giang/AppData/L
ocal/Programs/MiKTeX 2.9/fonts/type1/public/amsfonts/cm/cmr10.pfb><C:/Users/Ste
phen Giang/AppData/Local/Programs/MiKTeX 2.9/fonts/type1/public/amsfonts/cm/cmr
6.pfb><C:/Users/Stephen Giang/AppData/Local/Programs/MiKTeX 2.9/fonts/type1/pub
lic/amsfonts/cm/cmr7.pfb><C:/Users/Stephen Giang/AppData/Local/Programs/MiKTeX 
2.9/fonts/type1/public/amsfonts/cm/cmr8.pfb><C:/Users/Stephen Giang/AppData/Loc
al/Programs/MiKTeX 2.9/fonts/type1/public/amsfonts/cm/cmsy10.pfb><C:/Users/Step
hen Giang/AppData/Local/Programs/MiKTeX 2.9/fonts/type1/public/amsfonts/cm/cmsy
6.pfb><C:/Users/Stephen Giang/AppData/Local/Programs/MiKTeX 2.9/fonts/type1/pub
lic/amsfonts/cm/cmsy8.pfb><C:/Users/Stephen Giang/AppData/Local/Programs/MiKTeX
 2.9/fonts/type1/public/amsfonts/cm/cmtt9.pfb>
Output written on Assignment4.pdf (18 pages, 15131809 bytes).
PDF statistics:
 381 PDF objects out of 1000 (max. 8388607)
 0 named destinations out of 1000 (max. 500000)
 306 words of extra memory for PDF output out of 10000 (max. 10000000)

