This is pdfTeX, Version 3.14159265-2.6-1.40.21 (MiKTeX 20.7) (preloaded format=pdflatex 2020.9.16)  7 DEC 2020 03:22
entering extended mode
**"./Assignment 5.tex"
("Assignment 5.tex"
LaTeX2e <2020-02-02> patch level 5
L3 programming layer <2020-09-03>
("C:\Users\Stephen Giang\AppData\Local\Programs\MiKTeX 2.9\tex/latex/base\artic
le.cls"
Document Class: article 2019/12/20 v1.4l Standard LaTeX document class

("C:\Users\Stephen Giang\AppData\Local\Programs\MiKTeX 2.9\tex/latex/base\size1
1.clo"
File: size11.clo 2019/12/20 v1.4l Standard LaTeX file (size option)
)
\c@part=\count168
\c@section=\count169
\c@subsection=\count170
\c@subsubsection=\count171
\c@paragraph=\count172
\c@subparagraph=\count173
\c@figure=\count174
\c@table=\count175
\abovecaptionskip=\skip47
\belowcaptionskip=\skip48
\bibindent=\dimen134
)
("C:\Users\Stephen Giang\AppData\Local\Programs\MiKTeX 2.9\tex/latex/geometry\g
eometry.sty"
Package: geometry 2020/01/02 v5.9 Page Geometry

("C:\Users\Stephen Giang\AppData\Local\Programs\MiKTeX 2.9\tex/latex/graphics\k
eyval.sty"
Package: keyval 2014/10/28 v1.15 key=value parser (DPC)
\KV@toks@=\toks15
)
("C:\Users\Stephen Giang\AppData\Local\Programs\MiKTeX 2.9\tex/generic/iftex\if
vtex.sty"
Package: ifvtex 2019/10/25 v1.7 ifvtex legacy package. Use iftex instead.

("C:\Users\Stephen Giang\AppData\Local\Programs\MiKTeX 2.9\tex/generic/iftex\if
tex.sty"
Package: iftex 2020/03/06 v1.0d TeX engine tests
))
\Gm@cnth=\count176
\Gm@cntv=\count177
\c@Gm@tempcnt=\count178
\Gm@bindingoffset=\dimen135
\Gm@wd@mp=\dimen136
\Gm@odd@mp=\dimen137
\Gm@even@mp=\dimen138
\Gm@layoutwidth=\dimen139
\Gm@layoutheight=\dimen140
\Gm@layouthoffset=\dimen141
\Gm@layoutvoffset=\dimen142
\Gm@dimlist=\toks16

("C:\Users\Stephen Giang\AppData\Local\Programs\MiKTeX 2.9\tex/latex/geometry\g
eometry.cfg"))
("C:\Users\Stephen Giang\AppData\Local\Programs\MiKTeX 2.9\tex/latex/amsmath\am
smath.sty"
Package: amsmath 2020/01/20 v2.17e AMS math features
\@mathmargin=\skip49

For additional information on amsmath, use the `?' option.

("C:\Users\Stephen Giang\AppData\Local\Programs\MiKTeX 2.9\tex/latex/amsmath\am
stext.sty"
Package: amstext 2000/06/29 v2.01 AMS text

("C:\Users\Stephen Giang\AppData\Local\Programs\MiKTeX 2.9\tex/latex/amsmath\am
sgen.sty"
File: amsgen.sty 1999/11/30 v2.0 generic functions
\@emptytoks=\toks17
\ex@=\dimen143
))
("C:\Users\Stephen Giang\AppData\Local\Programs\MiKTeX 2.9\tex/latex/amsmath\am
sbsy.sty"
Package: amsbsy 1999/11/29 v1.2d Bold Symbols
\pmbraise@=\dimen144
)
("C:\Users\Stephen Giang\AppData\Local\Programs\MiKTeX 2.9\tex/latex/amsmath\am
sopn.sty"
Package: amsopn 2016/03/08 v2.02 operator names
)
\inf@bad=\count179
LaTeX Info: Redefining \frac on input line 227.
\uproot@=\count180
\leftroot@=\count181
LaTeX Info: Redefining \overline on input line 389.
\classnum@=\count182
\DOTSCASE@=\count183
LaTeX Info: Redefining \ldots on input line 486.
LaTeX Info: Redefining \dots on input line 489.
LaTeX Info: Redefining \cdots on input line 610.
\Mathstrutbox@=\box45
\strutbox@=\box46
\big@size=\dimen145
LaTeX Font Info:    Redeclaring font encoding OML on input line 733.
LaTeX Font Info:    Redeclaring font encoding OMS on input line 734.
\macc@depth=\count184
\c@MaxMatrixCols=\count185
\dotsspace@=\muskip16
\c@parentequation=\count186
\dspbrk@lvl=\count187
\tag@help=\toks18
\row@=\count188
\column@=\count189
\maxfields@=\count190
\andhelp@=\toks19
\eqnshift@=\dimen146
\alignsep@=\dimen147
\tagshift@=\dimen148
\tagwidth@=\dimen149
\totwidth@=\dimen150
\lineht@=\dimen151
\@envbody=\toks20
\multlinegap=\skip50
\multlinetaggap=\skip51
\mathdisplay@stack=\toks21
LaTeX Info: Redefining \[ on input line 2859.
LaTeX Info: Redefining \] on input line 2860.
)
("C:\Users\Stephen Giang\AppData\Local\Programs\MiKTeX 2.9\tex/latex/amsfonts\a
mssymb.sty"
Package: amssymb 2013/01/14 v3.01 AMS font symbols

("C:\Users\Stephen Giang\AppData\Local\Programs\MiKTeX 2.9\tex/latex/amsfonts\a
msfonts.sty"
Package: amsfonts 2013/01/14 v3.01 Basic AMSFonts support
\symAMSa=\mathgroup4
\symAMSb=\mathgroup5
LaTeX Font Info:    Redeclaring math symbol \hbar on input line 98.
LaTeX Font Info:    Overwriting math alphabet `\mathfrak' in version `bold'
(Font)                  U/euf/m/n --> U/euf/b/n on input line 106.
))
("C:\Users\Stephen Giang\AppData\Local\Programs\MiKTeX 2.9\tex/latex/amscls\ams
thm.sty"
Package: amsthm 2020/05/29 v2.20.6
\thm@style=\toks22
\thm@bodyfont=\toks23
\thm@headfont=\toks24
\thm@notefont=\toks25
\thm@headpunct=\toks26
\thm@preskip=\skip52
\thm@postskip=\skip53
\thm@headsep=\skip54
\dth@everypar=\toks27
)
("C:\Users\Stephen Giang\AppData\Local\Programs\MiKTeX 2.9\tex/latex/graphics\g
raphicx.sty"
Package: graphicx 2019/11/30 v1.2a Enhanced LaTeX Graphics (DPC,SPQR)

("C:\Users\Stephen Giang\AppData\Local\Programs\MiKTeX 2.9\tex/latex/graphics\g
raphics.sty"
Package: graphics 2019/11/30 v1.4a Standard LaTeX Graphics (DPC,SPQR)

("C:\Users\Stephen Giang\AppData\Local\Programs\MiKTeX 2.9\tex/latex/graphics\t
rig.sty"
Package: trig 2016/01/03 v1.10 sin cos tan (DPC)
)
("C:\Users\Stephen Giang\AppData\Local\Programs\MiKTeX 2.9\tex/latex/graphics-c
fg\graphics.cfg"
File: graphics.cfg 2016/06/04 v1.11 sample graphics configuration
)
Package graphics Info: Driver file: pdftex.def on input line 105.

("C:\Users\Stephen Giang\AppData\Local\Programs\MiKTeX 2.9\tex/latex/graphics-d
ef\pdftex.def"
File: pdftex.def 2020/08/26 v1.2 Graphics/color driver for pdftex
))
\Gin@req@height=\dimen152
\Gin@req@width=\dimen153
)
("C:\Users\Stephen Giang\AppData\Local\Programs\MiKTeX 2.9\tex/latex/enumitem\e
numitem.sty"
Package: enumitem 2019/06/20 v3.9 Customized lists
\labelindent=\skip55
\enit@outerparindent=\dimen154
\enit@toks=\toks28
\enit@inbox=\box47
\enit@count@id=\count191
\enitdp@description=\count192
)
("C:\Users\Stephen Giang\AppData\Local\Programs\MiKTeX 2.9\tex/latex/url\url.st
y"
\Urlmuskip=\muskip17
Package: url 2013/09/16  ver 3.4  Verb mode for urls, etc.
)
("C:\Users\Stephen Giang\AppData\Local\Programs\MiKTeX 2.9\tex/latex/parskip\pa
rskip.sty"
Package: parskip 2020-06-15 v2.0f non-zero parskip adjustments

("C:\Users\Stephen Giang\AppData\Local\Programs\MiKTeX 2.9\tex/latex/kvoptions\
kvoptions.sty"
Package: kvoptions 2019/11/29 v3.13 Key value format for package options (HO)

("C:\Users\Stephen Giang\AppData\Local\Programs\MiKTeX 2.9\tex/generic/ltxcmds\
ltxcmds.sty"
Package: ltxcmds 2019/12/15 v1.24 LaTeX kernel commands for general use (HO)
)
("C:\Users\Stephen Giang\AppData\Local\Programs\MiKTeX 2.9\tex/generic/kvsetkey
s\kvsetkeys.sty"
Package: kvsetkeys 2019/12/15 v1.18 Key value parser (HO)
))
("C:\Users\Stephen Giang\AppData\Local\Programs\MiKTeX 2.9\tex/latex/etoolbox\e
toolbox.sty"
Package: etoolbox 2020/08/24 v2.5j e-TeX tools for LaTeX (JAW)
\etb@tempcnta=\count193
))
("C:\Users\Stephen Giang\AppData\Local\Programs\MiKTeX 2.9\tex/latex/listings\l
istings.sty"
\lst@mode=\count194
\lst@gtempboxa=\box48
\lst@token=\toks29
\lst@length=\count195
\lst@currlwidth=\dimen155
\lst@column=\count196
\lst@pos=\count197
\lst@lostspace=\dimen156
\lst@width=\dimen157
\lst@newlines=\count198
\lst@lineno=\count199
\lst@maxwidth=\dimen158

("C:\Users\Stephen Giang\AppData\Local\Programs\MiKTeX 2.9\tex/latex/listings\l
stmisc.sty"
File: lstmisc.sty 2020/03/24 1.8d (Carsten Heinz)
\c@lstnumber=\count266
\lst@skipnumbers=\count267
\lst@framebox=\box49
)
("C:\Users\Stephen Giang\AppData\Local\Programs\MiKTeX 2.9\tex/latex/listings\l
istings.cfg"
File: listings.cfg 2020/03/24 1.8d listings configuration
))
Package: listings 2020/03/24 1.8d (Carsten Heinz)

("C:\Users\Stephen Giang\AppData\Local\Programs\MiKTeX 2.9\tex/latex/caption\ca
ption.sty"
Package: caption 2020/09/02 v3.5a Customizing captions (AR)

("C:\Users\Stephen Giang\AppData\Local\Programs\MiKTeX 2.9\tex/latex/caption\ca
ption3.sty"
Package: caption3 2020/08/30 v2.0 caption3 kernel (AR)
\captionmargin=\dimen159
\captionmargin@=\dimen160
\captionwidth=\dimen161
\caption@tempdima=\dimen162
\caption@indent=\dimen163
\caption@parindent=\dimen164
\caption@hangindent=\dimen165
Package caption Info: Standard document class detected.
)
\c@caption@flags=\count268
\c@continuedfloat=\count269
Package caption Info: listings package is loaded.
)
("C:\Users\Stephen Giang\AppData\Local\Programs\MiKTeX 2.9\tex/latex/caption\su
bcaption.sty"
Package: subcaption 2020/08/23 v1.3g Sub-captions (AR)
\c@subfigure=\count270
\c@subtable=\count271
)
("C:\Users\Stephen Giang\AppData\Local\Programs\MiKTeX 2.9\tex/latex/base\input
enc.sty"
Package: inputenc 2018/08/11 v1.3c Input encoding file
\inpenc@prehook=\toks30
\inpenc@posthook=\toks31
)
("C:\Users\Stephen Giang\AppData\Local\Programs\MiKTeX 2.9\tex/latex/xcolor\xco
lor.sty"
Package: xcolor 2016/05/11 v2.12 LaTeX color extensions (UK)

("C:\Users\Stephen Giang\AppData\Local\Programs\MiKTeX 2.9\tex/latex/graphics-c
fg\color.cfg"
File: color.cfg 2016/01/02 v1.6 sample color configuration
)
Package xcolor Info: Driver file: pdftex.def on input line 225.
Package xcolor Info: Model `cmy' substituted by `cmy0' on input line 1348.
Package xcolor Info: Model `hsb' substituted by `rgb' on input line 1352.
Package xcolor Info: Model `RGB' extended on input line 1364.
Package xcolor Info: Model `HTML' substituted by `rgb' on input line 1366.
Package xcolor Info: Model `Hsb' substituted by `hsb' on input line 1367.
Package xcolor Info: Model `tHsb' substituted by `hsb' on input line 1368.
Package xcolor Info: Model `HSB' substituted by `hsb' on input line 1369.
Package xcolor Info: Model `Gray' substituted by `gray' on input line 1370.
Package xcolor Info: Model `wave' substituted by `hsb' on input line 1371.
)
("C:\Users\Stephen Giang\AppData\Local\Programs\MiKTeX 2.9\tex/latex/mnsymbol\M
nSymbol.sty"
Package: MnSymbol 2007/01/21 v1.4 support for the MnSymbol font

("C:\Users\Stephen Giang\AppData\Local\Programs\MiKTeX 2.9\tex/latex/base\textc
omp.sty"
Package: textcomp 2020/02/02 v2.0n Standard LaTeX package
)
LaTeX Info: Redefining \dagger on input line 84.
LaTeX Info: Redefining \ddagger on input line 84.
LaTeX Info: Redefining \mathparagraph on input line 84.
LaTeX Info: Redefining \mathsection on input line 84.
LaTeX Info: Redefining \mathdollar on input line 84.
LaTeX Info: Redefining \mathsterling on input line 84.
LaTeX Info: Redefining \yen on input line 84.
LaTeX Info: Redefining \circledR on input line 84.
LaTeX Info: Redefining \circledS on input line 84.
LaTeX Info: Redefining \Re on input line 84.
LaTeX Info: Redefining \Im on input line 84.
LaTeX Info: Redefining \dotplus on input line 84.
LaTeX Info: Redefining \thicksim on input line 84.
LaTeX Info: Redefining \thickapprox on input line 84.
LaTeX Info: Redefining \veebar on input line 84.
LaTeX Info: Redefining \barwedge on input line 84.
LaTeX Info: Redefining \doublebarwedge on input line 84.
LaTeX Info: Redefining \centerdot on input line 84.
LaTeX Info: Redefining \divideontimes on input line 84.
\symMnSyA=\mathgroup6
\symMnSyB=\mathgroup7
\symMnSyC=\mathgroup8
\symMnSyD=\mathgroup9
LaTeX Font Info:    Redeclaring symbol font `largesymbols' on input line 119.
LaTeX Font Info:    Overwriting symbol font `largesymbols' in version `normal'
(Font)                  OMX/cmex/m/n --> OMX/MnSymbolE/m/n on input line 119.
LaTeX Font Info:    Overwriting symbol font `largesymbols' in version `bold'
(Font)                  OMX/cmex/m/n --> OMX/MnSymbolE/m/n on input line 119.
LaTeX Font Info:    Redeclaring symbol font `symbols' on input line 120.
LaTeX Font Info:    Encoding `OMS' has changed to `U' for symbol font
(Font)              `symbols' in the math version `normal' on input line 120.
LaTeX Font Info:    Overwriting symbol font `symbols' in version `normal'
(Font)                  OMS/cmsy/m/n --> U/MnSymbolF/m/n on input line 120.
LaTeX Font Info:    Encoding `OMS' has changed to `U' for symbol font
(Font)              `symbols' in the math version `bold' on input line 120.
LaTeX Font Info:    Overwriting symbol font `symbols' in version `bold'
(Font)                  OMS/cmsy/b/n --> U/MnSymbolF/m/n on input line 120.
LaTeX Font Info:    Overwriting symbol font `MnSyA' in version `bold'
(Font)                  U/MnSymbolA/m/n --> U/MnSymbolA/b/n on input line 121.
LaTeX Font Info:    Overwriting symbol font `MnSyB' in version `bold'
(Font)                  U/MnSymbolB/m/n --> U/MnSymbolB/b/n on input line 122.
LaTeX Font Info:    Overwriting symbol font `MnSyC' in version `bold'
(Font)                  U/MnSymbolC/m/n --> U/MnSymbolC/b/n on input line 123.
LaTeX Font Info:    Overwriting symbol font `MnSyD' in version `bold'
(Font)                  U/MnSymbolD/m/n --> U/MnSymbolD/b/n on input line 124.
LaTeX Font Info:    Overwriting symbol font `largesymbols' in version `bold'
(Font)                  OMX/MnSymbolE/m/n --> OMX/MnSymbolE/b/n on input line 1
25.
LaTeX Font Info:    Overwriting symbol font `symbols' in version `bold'
(Font)                  U/MnSymbolF/m/n --> U/MnSymbolF/b/n on input line 126.
LaTeX Font Info:    Redeclaring math alphabet \mathcal on input line 241.
LaTeX Font Info:    Overwriting math alphabet `\mathcal' in version `bold'
(Font)                  OMS/MnSymbolS/m/n --> OMS/MnSymbolS/b/n on input line 2
41.
LaTeX Info: Redefining \longrightarrow on input line 548.
LaTeX Info: Redefining \longleftarrow on input line 549.
LaTeX Info: Redefining \longleftrightarrow on input line 550.
LaTeX Info: Redefining \Longrightarrow on input line 551.
LaTeX Info: Redefining \Longleftarrow on input line 552.
LaTeX Info: Redefining \Longleftrightarrow on input line 553.
LaTeX Info: Redefining \longmapsto on input line 554.
LaTeX Info: Redefining \vdots on input line 868.
LaTeX Font Info:    Redeclaring math symbol \braceld on input line 1721.
LaTeX Font Info:    Redeclaring math symbol \bracelu on input line 1722.
LaTeX Font Info:    Redeclaring math symbol \bracerd on input line 1723.
LaTeX Font Info:    Redeclaring math symbol \braceru on input line 1724.
LaTeX Info: Redefining \downbracefill on input line 1799.
LaTeX Info: Redefining \upbracefill on input line 1800.
LaTeX Info: Redefining \overbrace on input line 1819.
LaTeX Info: Redefining \underbrace on input line 1820.
LaTeX Info: Redefining \surd on input line 1843.
LaTeX Font Info:    Redeclaring math accent \widehat on input line 1845.
LaTeX Font Info:    Redeclaring math accent \widetilde on input line 1846.
LaTeX Font Info:    Redeclaring math accent \vec on input line 1848.
)
("C:\Users\Stephen Giang\AppData\Local\Programs\MiKTeX 2.9\tex/latex/pdfpages\p
dfpages.sty"
Package: pdfpages 2020/01/28 v0.5q Insert pages of external PDF documents (AM)

("C:\Users\Stephen Giang\AppData\Local\Programs\MiKTeX 2.9\tex/latex/base\ifthe
n.sty"
Package: ifthen 2014/09/29 v1.1c Standard LaTeX ifthen package (DPC)
)
("C:\Users\Stephen Giang\AppData\Local\Programs\MiKTeX 2.9\tex/latex/tools\calc
.sty"
Package: calc 2017/05/25 v4.3 Infix arithmetic (KKT,FJ)
\calc@Acount=\count272
\calc@Bcount=\count273
\calc@Adimen=\dimen166
\calc@Bdimen=\dimen167
\calc@Askip=\skip56
\calc@Bskip=\skip57
LaTeX Info: Redefining \setlength on input line 80.
LaTeX Info: Redefining \addtolength on input line 81.
\calc@Ccount=\count274
\calc@Cskip=\skip58
)
("C:\Users\Stephen Giang\AppData\Local\Programs\MiKTeX 2.9\tex/latex/eso-pic\es
o-pic.sty"
Package: eso-pic 2020/09/27 v2.0i eso-pic (RN)

("C:\Users\Stephen Giang\AppData\Local\Programs\MiKTeX 2.9\tex/generic/atbegshi
\atbegshi.sty"
Package: atbegshi 2019/12/05 v1.19 At begin shipout hook (HO)

("C:\Users\Stephen Giang\AppData\Local\Programs\MiKTeX 2.9\tex/generic/infwarer
r\infwarerr.sty"
Package: infwarerr 2019/12/03 v1.5 Providing info/warning/error messages (HO)
))
\ESO@tempdima=\dimen168
\ESO@tempdimb=\dimen169
)
\AM@pagewidth=\dimen170
\AM@pageheight=\dimen171

("C:\Users\Stephen Giang\AppData\Local\Programs\MiKTeX 2.9\tex/latex/pdfpages\p
ppdftex.def"
File: pppdftex.def 2020/01/28 v0.5q Pdfpages driver for pdfTeX (AM)
)
\AM@pagebox=\box50
\AM@global@opts=\toks32
\AM@pagecnt=\count275
\AM@toc@title=\toks33
\c@AM@survey=\count276
\AM@templatesizebox=\box51
)
("C:\Users\Stephen Giang\AppData\Local\Programs\MiKTeX 2.9\tex/latex/l3backend\
l3backend-pdftex.def"
File: l3backend-pdftex.def 2020-09-01 L3 backend support: PDF output (pdfTeX)
\l__kernel_color_stack_int=\count277
\l__pdf_internal_box=\box52
) ("Assignment 5.aux")
\openout1 = `"Assignment 5.aux"'.

LaTeX Font Info:    Checking defaults for OML/cmm/m/it on input line 45.
LaTeX Font Info:    ... okay on input line 45.
LaTeX Font Info:    Checking defaults for OMS/cmsy/m/n on input line 45.
LaTeX Font Info:    ... okay on input line 45.
LaTeX Font Info:    Checking defaults for OT1/cmr/m/n on input line 45.
LaTeX Font Info:    ... okay on input line 45.
LaTeX Font Info:    Checking defaults for T1/cmr/m/n on input line 45.
LaTeX Font Info:    ... okay on input line 45.
LaTeX Font Info:    Checking defaults for TS1/cmr/m/n on input line 45.
LaTeX Font Info:    ... okay on input line 45.
LaTeX Font Info:    Checking defaults for OMX/cmex/m/n on input line 45.
LaTeX Font Info:    ... okay on input line 45.
LaTeX Font Info:    Checking defaults for U/cmr/m/n on input line 45.
LaTeX Font Info:    ... okay on input line 45.

*geometry* driver: auto-detecting
*geometry* detected driver: pdftex
*geometry* verbose mode - [ preamble ] result:
* driver: pdftex
* paper: <default>
* layout: <same size as paper>
* layoutoffset:(h,v)=(0.0pt,0.0pt)
* modes: 
* h-part:(L,W,R)=(72.26999pt, 469.75502pt, 72.26999pt)
* v-part:(T,H,B)=(72.26999pt, 650.43001pt, 72.26999pt)
* \paperwidth=614.295pt
* \paperheight=794.96999pt
* \textwidth=469.75502pt
* \textheight=650.43001pt
* \oddsidemargin=0.0pt
* \evensidemargin=0.0pt
* \topmargin=-37.0pt
* \headheight=12.0pt
* \headsep=25.0pt
* \topskip=11.0pt
* \footskip=30.0pt
* \marginparwidth=59.0pt
* \marginparsep=10.0pt
* \columnsep=10.0pt
* \skip\footins=10.0pt plus 4.0pt minus 2.0pt
* \hoffset=0.0pt
* \voffset=0.0pt
* \mag=1000
* \@twocolumnfalse
* \@twosidefalse
* \@mparswitchfalse
* \@reversemarginfalse
* (1in=72.27pt=25.4mm, 1cm=28.453pt)


("C:\Users\Stephen Giang\AppData\Local\Programs\MiKTeX 2.9\tex/context/base/mki
i\supp-pdf.mkii"
[Loading MPS to PDF converter (version 2006.09.02).]
\scratchcounter=\count278
\scratchdimen=\dimen172
\scratchbox=\box53
\nofMPsegments=\count279
\nofMParguments=\count280
\everyMPshowfont=\toks34
\MPscratchCnt=\count281
\MPscratchDim=\dimen173
\MPnumerator=\count282
\makeMPintoPDFobject=\count283
\everyMPtoPDFconversion=\toks35
)
("C:\Users\Stephen Giang\AppData\Local\Programs\MiKTeX 2.9\tex/latex/epstopdf-p
kg\epstopdf-base.sty"
Package: epstopdf-base 2020-01-24 v2.11 Base part for package epstopdf
Package epstopdf-base Info: Redefining graphics rule for `.eps' on input line 4
85.
)
\c@lstlisting=\count284
Package caption Info: Begin \AtBeginDocument code.
Package caption Info: End \AtBeginDocument code.
\AtBeginShipoutBox=\box54

("C:\Users\Stephen Giang\AppData\Local\Programs\MiKTeX 2.9\tex/latex/pdflscape\
pdflscape.sty"
Package: pdflscape 2019/12/05 v0.12 Display of landscape pages in PDF (HO)

("C:\Users\Stephen Giang\AppData\Local\Programs\MiKTeX 2.9\tex/latex/graphics\l
scape.sty"
Package: lscape 2000/10/22 v3.01 Landscape Pages (DPC)
)
Package pdflscape Info: Auto-detected driver: pdftex on input line 81.
)
Underfull \hbox (badness 10000) in paragraph at lines 55--59

 []

LaTeX Font Info:    Trying to load font information for U+msa on input line 59.


("C:\Users\Stephen Giang\AppData\Local\Programs\MiKTeX 2.9\tex/latex/amsfonts\u
msa.fd"
File: umsa.fd 2013/01/14 v3.01 AMS symbols A
)
LaTeX Font Info:    Trying to load font information for U+msb on input line 59.


("C:\Users\Stephen Giang\AppData\Local\Programs\MiKTeX 2.9\tex/latex/amsfonts\u
msb.fd"
File: umsb.fd 2013/01/14 v3.01 AMS symbols B
)
LaTeX Font Info:    Trying to load font information for OMS+cmr on input line 6
4.

("C:\Users\Stephen Giang\AppData\Local\Programs\MiKTeX 2.9\tex/latex/base\omscm
r.fd"
File: omscmr.fd 2019/12/16 v2.5j Standard LaTeX font definitions
)
LaTeX Font Info:    Font shape `OMS/cmr/m/n' in size <10.95> not available
(Font)              Font shape `OMS/cmsy/m/n' tried instead on input line 64.

("C:\Users\Stephen Giang\AppData\Local\Programs\MiKTeX 2.9\tex/latex/listings\l
stlang1.sty"
File: lstlang1.sty 2020/03/24 1.8d listings language file
)
Underfull \hbox (badness 10000) in paragraph at lines 66--67

 []

[1

{C:/Users/Stephen Giang/AppData/Local/MiKTeX/2.9/pdftex/config/pdftex.map}]
Overfull \hbox (8.09851pt too wide) detected at line 126
[]
 []

[2]
Underfull \hbox (badness 10000) in paragraph at lines 134--139

 []


Underfull \hbox (badness 10000) in paragraph at lines 134--139

 []


Underfull \hbox (badness 10000) in paragraph at lines 139--144

 []


Underfull \hbox (badness 10000) in paragraph at lines 139--144

 []


Underfull \hbox (badness 10000) in paragraph at lines 144--147

 []

[3]
Underfull \hbox (badness 10000) in paragraph at lines 152--155

 []


Underfull \hbox (badness 10000) in paragraph at lines 160--163

 []

[4]
Underfull \hbox (badness 10000) in paragraph at lines 177--181

 []


Underfull \hbox (badness 10000) in paragraph at lines 211--213

 []

[5] [6] [7]
Package epstopdf Info: Source file: <Figures/Prob6a.eps>
(epstopdf)                    date: 2020-12-07 01:10:12
(epstopdf)                    size: 12499 bytes
(epstopdf)             Output file: <Figures/Prob6a-eps-converted-to.pdf>
(epstopdf)                    date: 2020-12-07 01:10:18
(epstopdf)                    size: 5377 bytes
(epstopdf)             Command: <epstopdf --outfile=Figures/Prob6a-eps-converte
d-to.pdf Figures/Prob6a.eps>
(epstopdf)             \includegraphics on input line 321.
Package epstopdf Info: Output file is already uptodate.


pdfTeX warning: pdflatex.exe (file ./Figures/Prob6a-eps-converted-to.pdf): PDF 
inclusion: found PDF version <1.7>, but at most version <1.5> allowed
<Figures/Prob6a-eps-converted-to.pdf, id=41, 218.8175pt x 197.73875pt>
File: Figures/Prob6a-eps-converted-to.pdf Graphic file (type pdf)
<use Figures/Prob6a-eps-converted-to.pdf>
Package pdftex.def Info: Figures/Prob6a-eps-converted-to.pdf  used on input lin
e 321.
(pdftex.def)             Requested size: 188.91727pt x 170.71652pt.
Package epstopdf Info: Source file: <Figures/Prob6a2.eps>
(epstopdf)                    date: 2020-12-07 02:32:28
(epstopdf)                    size: 15954 bytes
(epstopdf)             Output file: <Figures/Prob6a2-eps-converted-to.pdf>
(epstopdf)                    date: 2020-12-07 02:33:12
(epstopdf)                    size: 5294 bytes
(epstopdf)             Command: <epstopdf --outfile=Figures/Prob6a2-eps-convert
ed-to.pdf Figures/Prob6a2.eps>
(epstopdf)             \includegraphics on input line 325.
Package epstopdf Info: Output file is already uptodate.


pdfTeX warning: pdflatex.exe (file ./Figures/Prob6a2-eps-converted-to.pdf): PDF
 inclusion: found PDF version <1.7>, but at most version <1.5> allowed
<Figures/Prob6a2-eps-converted-to.pdf, id=42, 217.81375pt x 194.7275pt>
File: Figures/Prob6a2-eps-converted-to.pdf Graphic file (type pdf)
<use Figures/Prob6a2-eps-converted-to.pdf>
Package pdftex.def Info: Figures/Prob6a2-eps-converted-to.pdf  used on input li
ne 325.
(pdftex.def)             Requested size: 190.96211pt x 170.71652pt.

Underfull \hbox (badness 10000) in paragraph at lines 314--328

 []


Underfull \hbox (badness 10000) in paragraph at lines 328--331

 []

[8 <./Figures/Prob6a-eps-converted-to.pdf> <./Figures/Prob6a2-eps-converted-to.
pdf>]
Package epstopdf Info: Source file: <Figures/Prob6c1.eps>
(epstopdf)                    date: 2020-12-07 03:20:30
(epstopdf)                    size: 20919 bytes
(epstopdf)             Output file: <Figures/Prob6c1-eps-converted-to.pdf>
(epstopdf)                    date: 2020-12-07 03:21:38
(epstopdf)                    size: 4882 bytes
(epstopdf)             Command: <epstopdf --outfile=Figures/Prob6c1-eps-convert
ed-to.pdf Figures/Prob6c1.eps>
(epstopdf)             \includegraphics on input line 344.
Package epstopdf Info: Output file is already uptodate.


pdfTeX warning: pdflatex.exe (file ./Figures/Prob6c1-eps-converted-to.pdf): PDF
 inclusion: found PDF version <1.7>, but at most version <1.5> allowed
<Figures/Prob6c1-eps-converted-to.pdf, id=52, 300.12125pt x 168.63pt>
File: Figures/Prob6c1-eps-converted-to.pdf Graphic file (type pdf)
<use Figures/Prob6c1-eps-converted-to.pdf>
Package pdftex.def Info: Figures/Prob6c1-eps-converted-to.pdf  used on input li
ne 344.
(pdftex.def)             Requested size: 215.2216pt x 120.92421pt.

Overfull \hbox (3.83328pt too wide) in paragraph at lines 344--345
 [][] 
 []

Package epstopdf Info: Source file: <Figures/Prob6c.eps>
(epstopdf)                    date: 2020-12-07 01:08:23
(epstopdf)                    size: 287902 bytes
(epstopdf)             Output file: <Figures/Prob6c-eps-converted-to.pdf>
(epstopdf)                    date: 2020-12-07 01:08:32
(epstopdf)                    size: 66251 bytes
(epstopdf)             Command: <epstopdf --outfile=Figures/Prob6c-eps-converte
d-to.pdf Figures/Prob6c.eps>
(epstopdf)             \includegraphics on input line 348.
Package epstopdf Info: Output file is already uptodate.


pdfTeX warning: pdflatex.exe (file ./Figures/Prob6c-eps-converted-to.pdf): PDF 
inclusion: found PDF version <1.7>, but at most version <1.5> allowed
<Figures/Prob6c-eps-converted-to.pdf, id=53, 314.17375pt x 182.6825pt>
File: Figures/Prob6c-eps-converted-to.pdf Graphic file (type pdf)
<use Figures/Prob6c-eps-converted-to.pdf>
Package pdftex.def Info: Figures/Prob6c-eps-converted-to.pdf  used on input lin
e 348.
(pdftex.def)             Requested size: 207.96413pt x 120.92421pt.

Underfull \hbox (badness 10000) in paragraph at lines 337--351

 []


Underfull \hbox (badness 10000) in paragraph at lines 351--356

 []


Underfull \hbox (badness 10000) in paragraph at lines 351--356

 []

Package epstopdf Info: Source file: <Figures/Prob6d.eps>
(epstopdf)                    date: 2020-12-07 01:09:37
(epstopdf)                    size: 284301 bytes
(epstopdf)             Output file: <Figures/Prob6d-eps-converted-to.pdf>
(epstopdf)                    date: 2020-12-07 01:10:21
(epstopdf)                    size: 69916 bytes
(epstopdf)             Command: <epstopdf --outfile=Figures/Prob6d-eps-converte
d-to.pdf Figures/Prob6d.eps>
(epstopdf)             \includegraphics on input line 365.
Package epstopdf Info: Output file is already uptodate.


pdfTeX warning: pdflatex.exe (file ./Figures/Prob6d-eps-converted-to.pdf): PDF 
inclusion: found PDF version <1.7>, but at most version <1.5> allowed
<Figures/Prob6d-eps-converted-to.pdf, id=54, 302.12875pt x 181.67876pt>
File: Figures/Prob6d-eps-converted-to.pdf Graphic file (type pdf)
<use Figures/Prob6d-eps-converted-to.pdf>
Package pdftex.def Info: Figures/Prob6d-eps-converted-to.pdf  used on input lin
e 365.
(pdftex.def)             Requested size: 201.09749pt x 120.92421pt.
[9 <./Figures/Prob6c1-eps-converted-to.pdf> <./Figures/Prob6c-eps-converted-to.
pdf> <./Figures/Prob6d-eps-converted-to.pdf>] [10] [11]

pdfTeX warning: pdflatex.exe (file ./Code/Prob6.pdf): PDF inclusion: found PDF 
version <1.7>, but at most version <1.5> allowed
<Code/Prob6.pdf, id=73, 614.295pt x 794.97pt>
File: Code/Prob6.pdf Graphic file (type pdf)
<use Code/Prob6.pdf>
Package pdftex.def Info: Code/Prob6.pdf  used on input line 471.
(pdftex.def)             Requested size: 614.29349pt x 794.96806pt.


pdfTeX warning: pdflatex.exe (file ./Code/Prob6.pdf): PDF inclusion: found PDF 
version <1.7>, but at most version <1.5> allowed
File: Code/Prob6.pdf Graphic file (type pdf)
<use Code/Prob6.pdf>
Package pdftex.def Info: Code/Prob6.pdf  used on input line 471.
(pdftex.def)             Requested size: 614.29349pt x 794.96806pt.


pdfTeX warning: pdflatex.exe (file ./Code/Prob6.pdf): PDF inclusion: found PDF 
version <1.7>, but at most version <1.5> allowed


pdfTeX warning: pdflatex.exe (file ./Code/Prob6.pdf): PDF inclusion: found PDF 
version <1.7>, but at most version <1.5> allowed
<Code/Prob6.pdf, id=76, page=1, 614.295pt x 794.97pt>
File: Code/Prob6.pdf Graphic file (type pdf)
<use Code/Prob6.pdf, page 1>
Package pdftex.def Info: Code/Prob6.pdf , page1 used on input line 471.
(pdftex.def)             Requested size: 614.29349pt x 794.96806pt.
File: Code/Prob6.pdf Graphic file (type pdf)
<use Code/Prob6.pdf, page 1>
Package pdftex.def Info: Code/Prob6.pdf , page1 used on input line 471.
(pdftex.def)             Requested size: 614.58406pt x 795.3441pt.
File: Code/Prob6.pdf Graphic file (type pdf)
<use Code/Prob6.pdf, page 1>
Package pdftex.def Info: Code/Prob6.pdf , page1 used on input line 471.
(pdftex.def)             Requested size: 614.58406pt x 795.3441pt.
File: Code/Prob6.pdf Graphic file (type pdf)
<use Code/Prob6.pdf, page 1>
Package pdftex.def Info: Code/Prob6.pdf , page1 used on input line 471.
(pdftex.def)             Requested size: 614.58406pt x 795.3441pt.
File: Code/Prob6.pdf Graphic file (type pdf)
<use Code/Prob6.pdf, page 1>
Package pdftex.def Info: Code/Prob6.pdf , page1 used on input line 471.
(pdftex.def)             Requested size: 614.58406pt x 795.3441pt.
[12 <./Code/Prob6.pdf>]

pdfTeX warning: pdflatex.exe (file ./Code/Prob6.pdf): PDF inclusion: found PDF 
version <1.7>, but at most version <1.5> allowed
<Code/Prob6.pdf, id=89, page=2, 614.295pt x 794.97pt>
File: Code/Prob6.pdf Graphic file (type pdf)
<use Code/Prob6.pdf, page 2>
Package pdftex.def Info: Code/Prob6.pdf , page2 used on input line 471.
(pdftex.def)             Requested size: 614.58406pt x 795.3441pt.
File: Code/Prob6.pdf Graphic file (type pdf)
<use Code/Prob6.pdf, page 2>
Package pdftex.def Info: Code/Prob6.pdf , page2 used on input line 471.
(pdftex.def)             Requested size: 614.58406pt x 795.3441pt.
File: Code/Prob6.pdf Graphic file (type pdf)
<use Code/Prob6.pdf, page 2>
Package pdftex.def Info: Code/Prob6.pdf , page2 used on input line 471.
(pdftex.def)             Requested size: 614.58406pt x 795.3441pt.
[13 <./Code/Prob6.pdf>]

pdfTeX warning: pdflatex.exe (file ./Code/Prob6a.pdf): PDF inclusion: found PDF
 version <1.7>, but at most version <1.5> allowed
<Code/Prob6a.pdf, id=94, 614.295pt x 794.97pt>
File: Code/Prob6a.pdf Graphic file (type pdf)
<use Code/Prob6a.pdf>
Package pdftex.def Info: Code/Prob6a.pdf  used on input line 472.
(pdftex.def)             Requested size: 614.29349pt x 794.96806pt.


pdfTeX warning: pdflatex.exe (file ./Code/Prob6a.pdf): PDF inclusion: found PDF
 version <1.7>, but at most version <1.5> allowed
File: Code/Prob6a.pdf Graphic file (type pdf)
<use Code/Prob6a.pdf>
Package pdftex.def Info: Code/Prob6a.pdf  used on input line 472.
(pdftex.def)             Requested size: 614.29349pt x 794.96806pt.


pdfTeX warning: pdflatex.exe (file ./Code/Prob6a.pdf): PDF inclusion: found PDF
 version <1.7>, but at most version <1.5> allowed


pdfTeX warning: pdflatex.exe (file ./Code/Prob6a.pdf): PDF inclusion: found PDF
 version <1.7>, but at most version <1.5> allowed
<Code/Prob6a.pdf, id=97, page=1, 614.295pt x 794.97pt>
File: Code/Prob6a.pdf Graphic file (type pdf)
<use Code/Prob6a.pdf, page 1>
Package pdftex.def Info: Code/Prob6a.pdf , page1 used on input line 472.
(pdftex.def)             Requested size: 614.29349pt x 794.96806pt.
File: Code/Prob6a.pdf Graphic file (type pdf)
<use Code/Prob6a.pdf, page 1>
Package pdftex.def Info: Code/Prob6a.pdf , page1 used on input line 472.
(pdftex.def)             Requested size: 614.58406pt x 795.3441pt.
File: Code/Prob6a.pdf Graphic file (type pdf)
<use Code/Prob6a.pdf, page 1>
Package pdftex.def Info: Code/Prob6a.pdf , page1 used on input line 472.
(pdftex.def)             Requested size: 614.58406pt x 795.3441pt.
File: Code/Prob6a.pdf Graphic file (type pdf)
<use Code/Prob6a.pdf, page 1>
Package pdftex.def Info: Code/Prob6a.pdf , page1 used on input line 472.
(pdftex.def)             Requested size: 614.58406pt x 795.3441pt.
File: Code/Prob6a.pdf Graphic file (type pdf)
<use Code/Prob6a.pdf, page 1>
Package pdftex.def Info: Code/Prob6a.pdf , page1 used on input line 472.
(pdftex.def)             Requested size: 614.58406pt x 795.3441pt.
[14 <./Code/Prob6a.pdf>]

pdfTeX warning: pdflatex.exe (file ./Code/Prob6a.pdf): PDF inclusion: found PDF
 version <1.7>, but at most version <1.5> allowed
<Code/Prob6a.pdf, id=110, page=2, 614.295pt x 794.97pt>
File: Code/Prob6a.pdf Graphic file (type pdf)
<use Code/Prob6a.pdf, page 2>
Package pdftex.def Info: Code/Prob6a.pdf , page2 used on input line 472.
(pdftex.def)             Requested size: 614.58406pt x 795.3441pt.
File: Code/Prob6a.pdf Graphic file (type pdf)
<use Code/Prob6a.pdf, page 2>
Package pdftex.def Info: Code/Prob6a.pdf , page2 used on input line 472.
(pdftex.def)             Requested size: 614.58406pt x 795.3441pt.
File: Code/Prob6a.pdf Graphic file (type pdf)
<use Code/Prob6a.pdf, page 2>
Package pdftex.def Info: Code/Prob6a.pdf , page2 used on input line 472.
(pdftex.def)             Requested size: 614.58406pt x 795.3441pt.
[15 <./Code/Prob6a.pdf>]

pdfTeX warning: pdflatex.exe (file ./Code/Prob6c.pdf): PDF inclusion: found PDF
 version <1.7>, but at most version <1.5> allowed
<Code/Prob6c.pdf, id=114, 614.295pt x 794.97pt>
File: Code/Prob6c.pdf Graphic file (type pdf)
<use Code/Prob6c.pdf>
Package pdftex.def Info: Code/Prob6c.pdf  used on input line 473.
(pdftex.def)             Requested size: 614.29349pt x 794.96806pt.


pdfTeX warning: pdflatex.exe (file ./Code/Prob6c.pdf): PDF inclusion: found PDF
 version <1.7>, but at most version <1.5> allowed
File: Code/Prob6c.pdf Graphic file (type pdf)
<use Code/Prob6c.pdf>
Package pdftex.def Info: Code/Prob6c.pdf  used on input line 473.
(pdftex.def)             Requested size: 614.29349pt x 794.96806pt.


pdfTeX warning: pdflatex.exe (file ./Code/Prob6c.pdf): PDF inclusion: found PDF
 version <1.7>, but at most version <1.5> allowed


pdfTeX warning: pdflatex.exe (file ./Code/Prob6c.pdf): PDF inclusion: found PDF
 version <1.7>, but at most version <1.5> allowed
<Code/Prob6c.pdf, id=117, page=1, 614.295pt x 794.97pt>
File: Code/Prob6c.pdf Graphic file (type pdf)
<use Code/Prob6c.pdf, page 1>
Package pdftex.def Info: Code/Prob6c.pdf , page1 used on input line 473.
(pdftex.def)             Requested size: 614.29349pt x 794.96806pt.
File: Code/Prob6c.pdf Graphic file (type pdf)
<use Code/Prob6c.pdf, page 1>
Package pdftex.def Info: Code/Prob6c.pdf , page1 used on input line 473.
(pdftex.def)             Requested size: 614.58406pt x 795.3441pt.
File: Code/Prob6c.pdf Graphic file (type pdf)
<use Code/Prob6c.pdf, page 1>
Package pdftex.def Info: Code/Prob6c.pdf , page1 used on input line 473.
(pdftex.def)             Requested size: 614.58406pt x 795.3441pt.
File: Code/Prob6c.pdf Graphic file (type pdf)
<use Code/Prob6c.pdf, page 1>
Package pdftex.def Info: Code/Prob6c.pdf , page1 used on input line 473.
(pdftex.def)             Requested size: 614.58406pt x 795.3441pt.
File: Code/Prob6c.pdf Graphic file (type pdf)
<use Code/Prob6c.pdf, page 1>
Package pdftex.def Info: Code/Prob6c.pdf , page1 used on input line 473.
(pdftex.def)             Requested size: 614.58406pt x 795.3441pt.
[16 <./Code/Prob6c.pdf>]

pdfTeX warning: pdflatex.exe (file ./Code/Prob6c.pdf): PDF inclusion: found PDF
 version <1.7>, but at most version <1.5> allowed
<Code/Prob6c.pdf, id=130, page=2, 614.295pt x 794.97pt>
File: Code/Prob6c.pdf Graphic file (type pdf)
<use Code/Prob6c.pdf, page 2>
Package pdftex.def Info: Code/Prob6c.pdf , page2 used on input line 473.
(pdftex.def)             Requested size: 614.58406pt x 795.3441pt.
File: Code/Prob6c.pdf Graphic file (type pdf)
<use Code/Prob6c.pdf, page 2>
Package pdftex.def Info: Code/Prob6c.pdf , page2 used on input line 473.
(pdftex.def)             Requested size: 614.58406pt x 795.3441pt.
File: Code/Prob6c.pdf Graphic file (type pdf)
<use Code/Prob6c.pdf, page 2>
Package pdftex.def Info: Code/Prob6c.pdf , page2 used on input line 473.
(pdftex.def)             Requested size: 614.58406pt x 795.3441pt.
[17 <./Code/Prob6c.pdf>] ("Assignment 5.aux") ) 
Here is how much of TeX's memory you used:
 11198 strings out of 481165
 162524 string characters out of 2898225
 734565 words of memory out of 3000000
 26657 multiletter control sequences out of 15000+200000
 547670 words of font info for 73 fonts, out of 3000000 for 9000
 1141 hyphenation exceptions out of 8191
 43i,18n,46p,824b,1739s stack positions out of 5000i,500n,10000p,200000b,50000s
{C:/Users/Stephen Giang/AppData/
Local/Programs/MiKTeX 2.9/fonts/enc/dvips/mnsymbol/MnSymbolE.enc}{C:/Users/Step
hen Giang/AppData/Local/Programs/MiKTeX 2.9/fonts/enc/dvips/mnsymbol/MnSymbolC.
enc}{C:/Users/Stephen Giang/AppData/Local/Programs/MiKTeX 2.9/fonts/enc/dvips/m
nsymbol/MnSymbolD.enc}{C:/Users/Stephen Giang/AppData/Local/Programs/MiKTeX 2.9
/fonts/enc/dvips/mnsymbol/MnSymbolF.enc}<C:/Users/Stephen Giang/AppData/Local/P
rograms/MiKTeX 2.9/fonts/type1/public/mnsymbol/MnSymbol10.pfb><C:/Users/Stephen
 Giang/AppData/Local/Programs/MiKTeX 2.9/fonts/type1/public/mnsymbol/MnSymbol8.
pfb><C:/Users/Stephen Giang/AppData/Local/Programs/MiKTeX 2.9/fonts/type1/publi
c/amsfonts/cm/cmbx10.pfb><C:/Users/Stephen Giang/AppData/Local/Programs/MiKTeX 
2.9/fonts/type1/public/amsfonts/cm/cmmi10.pfb><C:/Users/Stephen Giang/AppData/L
ocal/Programs/MiKTeX 2.9/fonts/type1/public/amsfonts/cm/cmmi6.pfb><C:/Users/Ste
phen Giang/AppData/Local/Programs/MiKTeX 2.9/fonts/type1/public/amsfonts/cm/cmm
i8.pfb><C:/Users/Stephen Giang/AppData/Local/Programs/MiKTeX 2.9/fonts/type1/pu
blic/amsfonts/cm/cmr10.pfb><C:/Users/Stephen Giang/AppData/Local/Programs/MiKTe
X 2.9/fonts/type1/public/amsfonts/cm/cmr6.pfb><C:/Users/Stephen Giang/AppData/L
ocal/Programs/MiKTeX 2.9/fonts/type1/public/amsfonts/cm/cmr8.pfb><C:/Users/Step
hen Giang/AppData/Local/Programs/MiKTeX 2.9/fonts/type1/public/amsfonts/cm/cmsy
10.pfb><C:/Users/Stephen Giang/AppData/Local/Programs/MiKTeX 2.9/fonts/type1/pu
blic/amsfonts/cm/cmti10.pfb><C:/Users/Stephen Giang/AppData/Local/Programs/MiKT
eX 2.9/fonts/type1/public/amsfonts/cm/cmtt9.pfb>
Output written on "Assignment 5.pdf" (17 pages, 547968 bytes).
PDF statistics:
 181 PDF objects out of 1000 (max. 8388607)
 0 named destinations out of 1000 (max. 500000)
 101 words of extra memory for PDF output out of 10000 (max. 10000000)

